{"/home/vit/Projects/medme-ehr-api/ts/tests/appointment.test.ts":{"path":"/home/vit/Projects/medme-ehr-api/ts/tests/appointment.test.ts","statementMap":{"0":{"start":{"line":1,"column":16},"end":{"line":9,"column":1}},"1":{"start":{"line":2,"column":28},"end":{"line":2,"column":110}},"2":{"start":{"line":2,"column":91},"end":{"line":2,"column":106}},"3":{"start":{"line":3,"column":4},"end":{"line":8,"column":7}},"4":{"start":{"line":4,"column":36},"end":{"line":4,"column":97}},"5":{"start":{"line":4,"column":42},"end":{"line":4,"column":70}},"6":{"start":{"line":4,"column":85},"end":{"line":4,"column":95}},"7":{"start":{"line":5,"column":35},"end":{"line":5,"column":100}},"8":{"start":{"line":5,"column":41},"end":{"line":5,"column":73}},"9":{"start":{"line":5,"column":88},"end":{"line":5,"column":98}},"10":{"start":{"line":6,"column":32},"end":{"line":6,"column":116}},"11":{"start":{"line":7,"column":8},"end":{"line":7,"column":78}},"12":{"start":{"line":10,"column":18},"end":{"line":36,"column":1}},"13":{"start":{"line":11,"column":12},"end":{"line":11,"column":104}},"14":{"start":{"line":11,"column":43},"end":{"line":11,"column":68}},"15":{"start":{"line":11,"column":57},"end":{"line":11,"column":68}},"16":{"start":{"line":11,"column":69},"end":{"line":11,"column":81}},"17":{"start":{"line":12,"column":4},"end":{"line":12,"column":157}},"18":{"start":{"line":12,"column":138},"end":{"line":12,"column":150}},"19":{"start":{"line":13,"column":23},"end":{"line":13,"column":68}},"20":{"start":{"line":13,"column":45},"end":{"line":13,"column":65}},"21":{"start":{"line":15,"column":8},"end":{"line":15,"column":70}},"22":{"start":{"line":15,"column":15},"end":{"line":15,"column":70}},"23":{"start":{"line":16,"column":8},"end":{"line":33,"column":66}},"24":{"start":{"line":16,"column":18},"end":{"line":33,"column":66}},"25":{"start":{"line":17,"column":12},"end":{"line":17,"column":169}},"26":{"start":{"line":17,"column":160},"end":{"line":17,"column":169}},"27":{"start":{"line":18,"column":12},"end":{"line":18,"column":52}},"28":{"start":{"line":18,"column":26},"end":{"line":18,"column":52}},"29":{"start":{"line":19,"column":12},"end":{"line":31,"column":13}},"30":{"start":{"line":20,"column":32},"end":{"line":20,"column":39}},"31":{"start":{"line":20,"column":40},"end":{"line":20,"column":46}},"32":{"start":{"line":21,"column":24},"end":{"line":21,"column":34}},"33":{"start":{"line":21,"column":35},"end":{"line":21,"column":72}},"34":{"start":{"line":22,"column":24},"end":{"line":22,"column":34}},"35":{"start":{"line":22,"column":35},"end":{"line":22,"column":45}},"36":{"start":{"line":22,"column":46},"end":{"line":22,"column":55}},"37":{"start":{"line":22,"column":56},"end":{"line":22,"column":65}},"38":{"start":{"line":23,"column":24},"end":{"line":23,"column":41}},"39":{"start":{"line":23,"column":42},"end":{"line":23,"column":55}},"40":{"start":{"line":23,"column":56},"end":{"line":23,"column":65}},"41":{"start":{"line":25,"column":20},"end":{"line":25,"column":128}},"42":{"start":{"line":25,"column":110},"end":{"line":25,"column":116}},"43":{"start":{"line":25,"column":117},"end":{"line":25,"column":126}},"44":{"start":{"line":26,"column":20},"end":{"line":26,"column":106}},"45":{"start":{"line":26,"column":81},"end":{"line":26,"column":97}},"46":{"start":{"line":26,"column":98},"end":{"line":26,"column":104}},"47":{"start":{"line":27,"column":20},"end":{"line":27,"column":89}},"48":{"start":{"line":27,"column":57},"end":{"line":27,"column":72}},"49":{"start":{"line":27,"column":73},"end":{"line":27,"column":80}},"50":{"start":{"line":27,"column":81},"end":{"line":27,"column":87}},"51":{"start":{"line":28,"column":20},"end":{"line":28,"column":87}},"52":{"start":{"line":28,"column":47},"end":{"line":28,"column":62}},"53":{"start":{"line":28,"column":63},"end":{"line":28,"column":78}},"54":{"start":{"line":28,"column":79},"end":{"line":28,"column":85}},"55":{"start":{"line":29,"column":20},"end":{"line":29,"column":42}},"56":{"start":{"line":29,"column":30},"end":{"line":29,"column":42}},"57":{"start":{"line":30,"column":20},"end":{"line":30,"column":33}},"58":{"start":{"line":30,"column":34},"end":{"line":30,"column":43}},"59":{"start":{"line":32,"column":12},"end":{"line":32,"column":39}},"60":{"start":{"line":33,"column":22},"end":{"line":33,"column":34}},"61":{"start":{"line":33,"column":35},"end":{"line":33,"column":41}},"62":{"start":{"line":33,"column":54},"end":{"line":33,"column":64}},"63":{"start":{"line":34,"column":8},"end":{"line":34,"column":35}},"64":{"start":{"line":34,"column":23},"end":{"line":34,"column":35}},"65":{"start":{"line":34,"column":36},"end":{"line":34,"column":89}},"66":{"start":{"line":37,"column":0},"end":{"line":181,"column":3}},"67":{"start":{"line":38,"column":4},"end":{"line":44,"column":5}},"68":{"start":{"line":39,"column":16},"end":{"line":39,"column":41}},"69":{"start":{"line":40,"column":8},"end":{"line":40,"column":48}},"70":{"start":{"line":40,"column":29},"end":{"line":40,"column":48}},"71":{"start":{"line":42,"column":9},"end":{"line":44,"column":5}},"72":{"start":{"line":43,"column":8},"end":{"line":43,"column":158}},"73":{"start":{"line":47,"column":4},"end":{"line":47,"column":66}},"74":{"start":{"line":48,"column":17},"end":{"line":48,"column":34}},"75":{"start":{"line":49,"column":26},"end":{"line":49,"column":66}},"76":{"start":{"line":50,"column":21},"end":{"line":50,"column":42}},"77":{"start":{"line":51,"column":18},"end":{"line":51,"column":58}},"78":{"start":{"line":52,"column":18},"end":{"line":52,"column":36}},"79":{"start":{"line":53,"column":16},"end":{"line":53,"column":32}},"80":{"start":{"line":54,"column":4},"end":{"line":180,"column":7}},"81":{"start":{"line":55,"column":8},"end":{"line":94,"column":11}},"82":{"start":{"line":56,"column":26},"end":{"line":56,"column":152}},"83":{"start":{"line":57,"column":12},"end":{"line":72,"column":15}},"84":{"start":{"line":58,"column":16},"end":{"line":71,"column":19}},"85":{"start":{"line":60,"column":20},"end":{"line":70,"column":23}},"86":{"start":{"line":61,"column":24},"end":{"line":69,"column":25}},"87":{"start":{"line":63,"column":32},"end":{"line":63,"column":76}},"88":{"start":{"line":64,"column":32},"end":{"line":64,"column":90}},"89":{"start":{"line":66,"column":32},"end":{"line":66,"column":48}},"90":{"start":{"line":67,"column":32},"end":{"line":67,"column":63}},"91":{"start":{"line":68,"column":32},"end":{"line":68,"column":54}},"92":{"start":{"line":73,"column":12},"end":{"line":93,"column":15}},"93":{"start":{"line":74,"column":16},"end":{"line":92,"column":19}},"94":{"start":{"line":76,"column":20},"end":{"line":91,"column":23}},"95":{"start":{"line":77,"column":24},"end":{"line":90,"column":25}},"96":{"start":{"line":79,"column":32},"end":{"line":79,"column":79}},"97":{"start":{"line":80,"column":32},"end":{"line":80,"column":104}},"98":{"start":{"line":82,"column":32},"end":{"line":82,"column":49}},"99":{"start":{"line":84,"column":32},"end":{"line":84,"column":56}},"100":{"start":{"line":85,"column":32},"end":{"line":88,"column":33}},"101":{"start":{"line":86,"column":36},"end":{"line":86,"column":53}},"102":{"start":{"line":87,"column":36},"end":{"line":87,"column":77}},"103":{"start":{"line":89,"column":32},"end":{"line":89,"column":54}},"104":{"start":{"line":96,"column":12},"end":{"line":109,"column":15}},"105":{"start":{"line":98,"column":16},"end":{"line":108,"column":19}},"106":{"start":{"line":99,"column":20},"end":{"line":107,"column":21}},"107":{"start":{"line":101,"column":28},"end":{"line":101,"column":79}},"108":{"start":{"line":102,"column":28},"end":{"line":102,"column":81}},"109":{"start":{"line":103,"column":28},"end":{"line":103,"column":91}},"110":{"start":{"line":105,"column":28},"end":{"line":105,"column":45}},"111":{"start":{"line":106,"column":28},"end":{"line":106,"column":161}},"112":{"start":{"line":111,"column":8},"end":{"line":179,"column":11}},"113":{"start":{"line":112,"column":12},"end":{"line":129,"column":15}},"114":{"start":{"line":113,"column":16},"end":{"line":128,"column":19}},"115":{"start":{"line":115,"column":20},"end":{"line":127,"column":23}},"116":{"start":{"line":116,"column":24},"end":{"line":126,"column":25}},"117":{"start":{"line":117,"column":36},"end":{"line":117,"column":76}},"118":{"start":{"line":119,"column":32},"end":{"line":119,"column":52}},"119":{"start":{"line":120,"column":32},"end":{"line":120,"column":77}},"120":{"start":{"line":121,"column":32},"end":{"line":121,"column":93}},"121":{"start":{"line":123,"column":32},"end":{"line":123,"column":48}},"122":{"start":{"line":124,"column":32},"end":{"line":124,"column":66}},"123":{"start":{"line":125,"column":32},"end":{"line":125,"column":54}},"124":{"start":{"line":130,"column":12},"end":{"line":152,"column":15}},"125":{"start":{"line":131,"column":16},"end":{"line":151,"column":19}},"126":{"start":{"line":133,"column":20},"end":{"line":150,"column":23}},"127":{"start":{"line":134,"column":24},"end":{"line":149,"column":25}},"128":{"start":{"line":135,"column":36},"end":{"line":135,"column":76}},"129":{"start":{"line":137,"column":32},"end":{"line":137,"column":52}},"130":{"start":{"line":138,"column":32},"end":{"line":138,"column":79}},"131":{"start":{"line":139,"column":32},"end":{"line":139,"column":104}},"132":{"start":{"line":141,"column":32},"end":{"line":141,"column":49}},"133":{"start":{"line":143,"column":32},"end":{"line":143,"column":56}},"134":{"start":{"line":144,"column":32},"end":{"line":147,"column":33}},"135":{"start":{"line":145,"column":36},"end":{"line":145,"column":53}},"136":{"start":{"line":146,"column":36},"end":{"line":146,"column":77}},"137":{"start":{"line":148,"column":32},"end":{"line":148,"column":54}},"138":{"start":{"line":153,"column":12},"end":{"line":178,"column":15}},"139":{"start":{"line":154,"column":16},"end":{"line":177,"column":19}},"140":{"start":{"line":156,"column":20},"end":{"line":176,"column":23}},"141":{"start":{"line":157,"column":24},"end":{"line":175,"column":25}},"142":{"start":{"line":158,"column":36},"end":{"line":158,"column":76}},"143":{"start":{"line":160,"column":32},"end":{"line":160,"column":52}},"144":{"start":{"line":161,"column":32},"end":{"line":161,"column":104}},"145":{"start":{"line":162,"column":32},"end":{"line":162,"column":45}},"146":{"start":{"line":164,"column":32},"end":{"line":164,"column":58}},"147":{"start":{"line":165,"column":32},"end":{"line":165,"column":115}},"148":{"start":{"line":167,"column":32},"end":{"line":167,"column":42}},"149":{"start":{"line":168,"column":32},"end":{"line":168,"column":60}},"150":{"start":{"line":169,"column":32},"end":{"line":169,"column":56}},"151":{"start":{"line":171,"column":32},"end":{"line":171,"column":50}},"152":{"start":{"line":172,"column":32},"end":{"line":172,"column":110}},"153":{"start":{"line":173,"column":32},"end":{"line":173,"column":56}},"154":{"start":{"line":174,"column":36},"end":{"line":174,"column":58}}},"fnMap":{"0":{"name":"(anonymous_0)","decl":{"start":{"line":1,"column":44},"end":{"line":1,"column":45}},"loc":{"start":{"line":1,"column":89},"end":{"line":9,"column":1}},"line":1},"1":{"name":"adopt","decl":{"start":{"line":2,"column":13},"end":{"line":2,"column":18}},"loc":{"start":{"line":2,"column":26},"end":{"line":2,"column":112}},"line":2},"2":{"name":"(anonymous_2)","decl":{"start":{"line":2,"column":70},"end":{"line":2,"column":71}},"loc":{"start":{"line":2,"column":89},"end":{"line":2,"column":108}},"line":2},"3":{"name":"(anonymous_3)","decl":{"start":{"line":3,"column":36},"end":{"line":3,"column":37}},"loc":{"start":{"line":3,"column":63},"end":{"line":8,"column":5}},"line":3},"4":{"name":"fulfilled","decl":{"start":{"line":4,"column":17},"end":{"line":4,"column":26}},"loc":{"start":{"line":4,"column":34},"end":{"line":4,"column":99}},"line":4},"5":{"name":"rejected","decl":{"start":{"line":5,"column":17},"end":{"line":5,"column":25}},"loc":{"start":{"line":5,"column":33},"end":{"line":5,"column":102}},"line":5},"6":{"name":"step","decl":{"start":{"line":6,"column":17},"end":{"line":6,"column":21}},"loc":{"start":{"line":6,"column":30},"end":{"line":6,"column":118}},"line":6},"7":{"name":"(anonymous_7)","decl":{"start":{"line":10,"column":48},"end":{"line":10,"column":49}},"loc":{"start":{"line":10,"column":73},"end":{"line":36,"column":1}},"line":10},"8":{"name":"(anonymous_8)","decl":{"start":{"line":11,"column":30},"end":{"line":11,"column":31}},"loc":{"start":{"line":11,"column":41},"end":{"line":11,"column":83}},"line":11},"9":{"name":"(anonymous_9)","decl":{"start":{"line":12,"column":125},"end":{"line":12,"column":126}},"loc":{"start":{"line":12,"column":136},"end":{"line":12,"column":152}},"line":12},"10":{"name":"verb","decl":{"start":{"line":13,"column":13},"end":{"line":13,"column":17}},"loc":{"start":{"line":13,"column":21},"end":{"line":13,"column":70}},"line":13},"11":{"name":"(anonymous_11)","decl":{"start":{"line":13,"column":30},"end":{"line":13,"column":31}},"loc":{"start":{"line":13,"column":43},"end":{"line":13,"column":67}},"line":13},"12":{"name":"step","decl":{"start":{"line":14,"column":13},"end":{"line":14,"column":17}},"loc":{"start":{"line":14,"column":22},"end":{"line":35,"column":5}},"line":14},"13":{"name":"(anonymous_13)","decl":{"start":{"line":37,"column":1},"end":{"line":37,"column":2}},"loc":{"start":{"line":37,"column":20},"end":{"line":45,"column":1}},"line":37},"14":{"name":"(anonymous_14)","decl":{"start":{"line":45,"column":3},"end":{"line":45,"column":4}},"loc":{"start":{"line":45,"column":31},"end":{"line":181,"column":1}},"line":45},"15":{"name":"(anonymous_15)","decl":{"start":{"line":54,"column":28},"end":{"line":54,"column":29}},"loc":{"start":{"line":54,"column":40},"end":{"line":180,"column":5}},"line":54},"16":{"name":"(anonymous_16)","decl":{"start":{"line":55,"column":38},"end":{"line":55,"column":39}},"loc":{"start":{"line":55,"column":50},"end":{"line":94,"column":9}},"line":55},"17":{"name":"(anonymous_17)","decl":{"start":{"line":57,"column":31},"end":{"line":57,"column":32}},"loc":{"start":{"line":57,"column":43},"end":{"line":72,"column":13}},"line":57},"18":{"name":"(anonymous_18)","decl":{"start":{"line":58,"column":55},"end":{"line":58,"column":56}},"loc":{"start":{"line":58,"column":67},"end":{"line":71,"column":17}},"line":58},"19":{"name":"(anonymous_19)","decl":{"start":{"line":60,"column":45},"end":{"line":60,"column":46}},"loc":{"start":{"line":60,"column":59},"end":{"line":70,"column":21}},"line":60},"20":{"name":"(anonymous_20)","decl":{"start":{"line":73,"column":46},"end":{"line":73,"column":47}},"loc":{"start":{"line":73,"column":58},"end":{"line":93,"column":13}},"line":73},"21":{"name":"(anonymous_21)","decl":{"start":{"line":74,"column":55},"end":{"line":74,"column":56}},"loc":{"start":{"line":74,"column":67},"end":{"line":92,"column":17}},"line":74},"22":{"name":"(anonymous_22)","decl":{"start":{"line":76,"column":45},"end":{"line":76,"column":46}},"loc":{"start":{"line":76,"column":59},"end":{"line":91,"column":21}},"line":76},"23":{"name":"loggedInService","decl":{"start":{"line":95,"column":17},"end":{"line":95,"column":32}},"loc":{"start":{"line":95,"column":35},"end":{"line":110,"column":9}},"line":95},"24":{"name":"(anonymous_24)","decl":{"start":{"line":96,"column":51},"end":{"line":96,"column":52}},"loc":{"start":{"line":96,"column":63},"end":{"line":109,"column":13}},"line":96},"25":{"name":"(anonymous_25)","decl":{"start":{"line":98,"column":41},"end":{"line":98,"column":42}},"loc":{"start":{"line":98,"column":55},"end":{"line":108,"column":17}},"line":98},"26":{"name":"(anonymous_26)","decl":{"start":{"line":111,"column":36},"end":{"line":111,"column":37}},"loc":{"start":{"line":111,"column":48},"end":{"line":179,"column":9}},"line":111},"27":{"name":"(anonymous_27)","decl":{"start":{"line":112,"column":31},"end":{"line":112,"column":32}},"loc":{"start":{"line":112,"column":43},"end":{"line":129,"column":13}},"line":112},"28":{"name":"(anonymous_28)","decl":{"start":{"line":113,"column":55},"end":{"line":113,"column":56}},"loc":{"start":{"line":113,"column":67},"end":{"line":128,"column":17}},"line":113},"29":{"name":"(anonymous_29)","decl":{"start":{"line":115,"column":45},"end":{"line":115,"column":46}},"loc":{"start":{"line":115,"column":59},"end":{"line":127,"column":21}},"line":115},"30":{"name":"(anonymous_30)","decl":{"start":{"line":130,"column":46},"end":{"line":130,"column":47}},"loc":{"start":{"line":130,"column":58},"end":{"line":152,"column":13}},"line":130},"31":{"name":"(anonymous_31)","decl":{"start":{"line":131,"column":55},"end":{"line":131,"column":56}},"loc":{"start":{"line":131,"column":67},"end":{"line":151,"column":17}},"line":131},"32":{"name":"(anonymous_32)","decl":{"start":{"line":133,"column":45},"end":{"line":133,"column":46}},"loc":{"start":{"line":133,"column":59},"end":{"line":150,"column":21}},"line":133},"33":{"name":"(anonymous_33)","decl":{"start":{"line":153,"column":46},"end":{"line":153,"column":47}},"loc":{"start":{"line":153,"column":58},"end":{"line":178,"column":13}},"line":153},"34":{"name":"(anonymous_34)","decl":{"start":{"line":154,"column":55},"end":{"line":154,"column":56}},"loc":{"start":{"line":154,"column":67},"end":{"line":177,"column":17}},"line":154},"35":{"name":"(anonymous_35)","decl":{"start":{"line":156,"column":45},"end":{"line":156,"column":46}},"loc":{"start":{"line":156,"column":59},"end":{"line":176,"column":21}},"line":156}},"branchMap":{"0":{"loc":{"start":{"line":1,"column":16},"end":{"line":9,"column":1}},"type":"binary-expr","locations":[{"start":{"line":1,"column":17},"end":{"line":1,"column":21}},{"start":{"line":1,"column":25},"end":{"line":1,"column":39}},{"start":{"line":1,"column":44},"end":{"line":9,"column":1}}],"line":1},"1":{"loc":{"start":{"line":2,"column":35},"end":{"line":2,"column":109}},"type":"cond-expr","locations":[{"start":{"line":2,"column":56},"end":{"line":2,"column":61}},{"start":{"line":2,"column":64},"end":{"line":2,"column":109}}],"line":2},"2":{"loc":{"start":{"line":3,"column":16},"end":{"line":3,"column":34}},"type":"binary-expr","locations":[{"start":{"line":3,"column":16},"end":{"line":3,"column":17}},{"start":{"line":3,"column":22},"end":{"line":3,"column":33}}],"line":3},"3":{"loc":{"start":{"line":6,"column":32},"end":{"line":6,"column":115}},"type":"cond-expr","locations":[{"start":{"line":6,"column":46},"end":{"line":6,"column":67}},{"start":{"line":6,"column":70},"end":{"line":6,"column":115}}],"line":6},"4":{"loc":{"start":{"line":7,"column":51},"end":{"line":7,"column":67}},"type":"binary-expr","locations":[{"start":{"line":7,"column":51},"end":{"line":7,"column":61}},{"start":{"line":7,"column":65},"end":{"line":7,"column":67}}],"line":7},"5":{"loc":{"start":{"line":10,"column":18},"end":{"line":36,"column":1}},"type":"binary-expr","locations":[{"start":{"line":10,"column":19},"end":{"line":10,"column":23}},{"start":{"line":10,"column":27},"end":{"line":10,"column":43}},{"start":{"line":10,"column":48},"end":{"line":36,"column":1}}],"line":10},"6":{"loc":{"start":{"line":11,"column":43},"end":{"line":11,"column":68}},"type":"if","locations":[{"start":{"line":11,"column":43},"end":{"line":11,"column":68}},{"start":{"line":11,"column":43},"end":{"line":11,"column":68}}],"line":11},"7":{"loc":{"start":{"line":12,"column":71},"end":{"line":12,"column":153}},"type":"binary-expr","locations":[{"start":{"line":12,"column":71},"end":{"line":12,"column":99}},{"start":{"line":12,"column":104},"end":{"line":12,"column":152}}],"line":12},"8":{"loc":{"start":{"line":15,"column":8},"end":{"line":15,"column":70}},"type":"if","locations":[{"start":{"line":15,"column":8},"end":{"line":15,"column":70}},{"start":{"line":15,"column":8},"end":{"line":15,"column":70}}],"line":15},"9":{"loc":{"start":{"line":17,"column":12},"end":{"line":17,"column":169}},"type":"if","locations":[{"start":{"line":17,"column":12},"end":{"line":17,"column":169}},{"start":{"line":17,"column":12},"end":{"line":17,"column":169}}],"line":17},"10":{"loc":{"start":{"line":17,"column":23},"end":{"line":17,"column":158}},"type":"binary-expr","locations":[{"start":{"line":17,"column":23},"end":{"line":17,"column":24}},{"start":{"line":17,"column":29},"end":{"line":17,"column":125}},{"start":{"line":17,"column":130},"end":{"line":17,"column":158}}],"line":17},"11":{"loc":{"start":{"line":17,"column":33},"end":{"line":17,"column":125}},"type":"cond-expr","locations":[{"start":{"line":17,"column":45},"end":{"line":17,"column":56}},{"start":{"line":17,"column":59},"end":{"line":17,"column":125}}],"line":17},"12":{"loc":{"start":{"line":17,"column":59},"end":{"line":17,"column":125}},"type":"cond-expr","locations":[{"start":{"line":17,"column":67},"end":{"line":17,"column":116}},{"start":{"line":17,"column":119},"end":{"line":17,"column":125}}],"line":17},"13":{"loc":{"start":{"line":17,"column":67},"end":{"line":17,"column":116}},"type":"binary-expr","locations":[{"start":{"line":17,"column":67},"end":{"line":17,"column":77}},{"start":{"line":17,"column":82},"end":{"line":17,"column":115}}],"line":17},"14":{"loc":{"start":{"line":17,"column":82},"end":{"line":17,"column":112}},"type":"binary-expr","locations":[{"start":{"line":17,"column":83},"end":{"line":17,"column":98}},{"start":{"line":17,"column":103},"end":{"line":17,"column":112}}],"line":17},"15":{"loc":{"start":{"line":18,"column":12},"end":{"line":18,"column":52}},"type":"if","locations":[{"start":{"line":18,"column":12},"end":{"line":18,"column":52}},{"start":{"line":18,"column":12},"end":{"line":18,"column":52}}],"line":18},"16":{"loc":{"start":{"line":19,"column":12},"end":{"line":31,"column":13}},"type":"switch","locations":[{"start":{"line":20,"column":16},"end":{"line":20,"column":23}},{"start":{"line":20,"column":24},"end":{"line":20,"column":46}},{"start":{"line":21,"column":16},"end":{"line":21,"column":72}},{"start":{"line":22,"column":16},"end":{"line":22,"column":65}},{"start":{"line":23,"column":16},"end":{"line":23,"column":65}},{"start":{"line":24,"column":16},"end":{"line":30,"column":43}}],"line":19},"17":{"loc":{"start":{"line":25,"column":20},"end":{"line":25,"column":128}},"type":"if","locations":[{"start":{"line":25,"column":20},"end":{"line":25,"column":128}},{"start":{"line":25,"column":20},"end":{"line":25,"column":128}}],"line":25},"18":{"loc":{"start":{"line":25,"column":24},"end":{"line":25,"column":106}},"type":"binary-expr","locations":[{"start":{"line":25,"column":24},"end":{"line":25,"column":74}},{"start":{"line":25,"column":79},"end":{"line":25,"column":90}},{"start":{"line":25,"column":94},"end":{"line":25,"column":105}}],"line":25},"19":{"loc":{"start":{"line":25,"column":42},"end":{"line":25,"column":73}},"type":"binary-expr","locations":[{"start":{"line":25,"column":42},"end":{"line":25,"column":54}},{"start":{"line":25,"column":58},"end":{"line":25,"column":73}}],"line":25},"20":{"loc":{"start":{"line":26,"column":20},"end":{"line":26,"column":106}},"type":"if","locations":[{"start":{"line":26,"column":20},"end":{"line":26,"column":106}},{"start":{"line":26,"column":20},"end":{"line":26,"column":106}}],"line":26},"21":{"loc":{"start":{"line":26,"column":24},"end":{"line":26,"column":77}},"type":"binary-expr","locations":[{"start":{"line":26,"column":24},"end":{"line":26,"column":35}},{"start":{"line":26,"column":40},"end":{"line":26,"column":42}},{"start":{"line":26,"column":47},"end":{"line":26,"column":59}},{"start":{"line":26,"column":63},"end":{"line":26,"column":75}}],"line":26},"22":{"loc":{"start":{"line":27,"column":20},"end":{"line":27,"column":89}},"type":"if","locations":[{"start":{"line":27,"column":20},"end":{"line":27,"column":89}},{"start":{"line":27,"column":20},"end":{"line":27,"column":89}}],"line":27},"23":{"loc":{"start":{"line":27,"column":24},"end":{"line":27,"column":53}},"type":"binary-expr","locations":[{"start":{"line":27,"column":24},"end":{"line":27,"column":35}},{"start":{"line":27,"column":39},"end":{"line":27,"column":53}}],"line":27},"24":{"loc":{"start":{"line":28,"column":20},"end":{"line":28,"column":87}},"type":"if","locations":[{"start":{"line":28,"column":20},"end":{"line":28,"column":87}},{"start":{"line":28,"column":20},"end":{"line":28,"column":87}}],"line":28},"25":{"loc":{"start":{"line":28,"column":24},"end":{"line":28,"column":43}},"type":"binary-expr","locations":[{"start":{"line":28,"column":24},"end":{"line":28,"column":25}},{"start":{"line":28,"column":29},"end":{"line":28,"column":43}}],"line":28},"26":{"loc":{"start":{"line":29,"column":20},"end":{"line":29,"column":42}},"type":"if","locations":[{"start":{"line":29,"column":20},"end":{"line":29,"column":42}},{"start":{"line":29,"column":20},"end":{"line":29,"column":42}}],"line":29},"27":{"loc":{"start":{"line":34,"column":8},"end":{"line":34,"column":35}},"type":"if","locations":[{"start":{"line":34,"column":8},"end":{"line":34,"column":35}},{"start":{"line":34,"column":8},"end":{"line":34,"column":35}}],"line":34},"28":{"loc":{"start":{"line":34,"column":52},"end":{"line":34,"column":74}},"type":"cond-expr","locations":[{"start":{"line":34,"column":60},"end":{"line":34,"column":65}},{"start":{"line":34,"column":68},"end":{"line":34,"column":74}}],"line":34},"29":{"loc":{"start":{"line":38,"column":4},"end":{"line":44,"column":5}},"type":"if","locations":[{"start":{"line":38,"column":4},"end":{"line":44,"column":5}},{"start":{"line":38,"column":4},"end":{"line":44,"column":5}}],"line":38},"30":{"loc":{"start":{"line":38,"column":8},"end":{"line":38,"column":72}},"type":"binary-expr","locations":[{"start":{"line":38,"column":8},"end":{"line":38,"column":34}},{"start":{"line":38,"column":38},"end":{"line":38,"column":72}}],"line":38},"31":{"loc":{"start":{"line":40,"column":8},"end":{"line":40,"column":48}},"type":"if","locations":[{"start":{"line":40,"column":8},"end":{"line":40,"column":48}},{"start":{"line":40,"column":8},"end":{"line":40,"column":48}}],"line":40},"32":{"loc":{"start":{"line":42,"column":9},"end":{"line":44,"column":5}},"type":"if","locations":[{"start":{"line":42,"column":9},"end":{"line":44,"column":5}},{"start":{"line":42,"column":9},"end":{"line":44,"column":5}}],"line":42},"33":{"loc":{"start":{"line":42,"column":13},"end":{"line":42,"column":55}},"type":"binary-expr","locations":[{"start":{"line":42,"column":13},"end":{"line":42,"column":41}},{"start":{"line":42,"column":45},"end":{"line":42,"column":55}}],"line":42},"34":{"loc":{"start":{"line":61,"column":24},"end":{"line":69,"column":25}},"type":"switch","locations":[{"start":{"line":62,"column":28},"end":{"line":64,"column":90}},{"start":{"line":65,"column":28},"end":{"line":68,"column":54}}],"line":61},"35":{"loc":{"start":{"line":77,"column":24},"end":{"line":90,"column":25}},"type":"switch","locations":[{"start":{"line":78,"column":28},"end":{"line":80,"column":104}},{"start":{"line":81,"column":28},"end":{"line":89,"column":54}}],"line":77},"36":{"loc":{"start":{"line":99,"column":20},"end":{"line":107,"column":21}},"type":"switch","locations":[{"start":{"line":100,"column":24},"end":{"line":103,"column":91}},{"start":{"line":104,"column":24},"end":{"line":106,"column":161}}],"line":99},"37":{"loc":{"start":{"line":116,"column":24},"end":{"line":126,"column":25}},"type":"switch","locations":[{"start":{"line":117,"column":28},"end":{"line":117,"column":76}},{"start":{"line":118,"column":28},"end":{"line":121,"column":93}},{"start":{"line":122,"column":28},"end":{"line":125,"column":54}}],"line":116},"38":{"loc":{"start":{"line":134,"column":24},"end":{"line":149,"column":25}},"type":"switch","locations":[{"start":{"line":135,"column":28},"end":{"line":135,"column":76}},{"start":{"line":136,"column":28},"end":{"line":139,"column":104}},{"start":{"line":140,"column":28},"end":{"line":148,"column":54}}],"line":134},"39":{"loc":{"start":{"line":157,"column":24},"end":{"line":175,"column":25}},"type":"switch","locations":[{"start":{"line":158,"column":28},"end":{"line":158,"column":76}},{"start":{"line":159,"column":28},"end":{"line":162,"column":45}},{"start":{"line":163,"column":28},"end":{"line":165,"column":115}},{"start":{"line":166,"column":28},"end":{"line":169,"column":56}},{"start":{"line":170,"column":28},"end":{"line":173,"column":56}},{"start":{"line":174,"column":28},"end":{"line":174,"column":58}}],"line":157},"40":{"loc":{"start":{"line":172,"column":39},"end":{"line":172,"column":108}},"type":"binary-expr","locations":[{"start":{"line":172,"column":39},"end":{"line":172,"column":44}},{"start":{"line":172,"column":48},"end":{"line":172,"column":108}}],"line":172}},"s":{"0":1,"1":11,"2":0,"3":8,"4":10,"5":10,"6":0,"7":1,"8":1,"9":0,"10":19,"11":8,"12":1,"13":8,"14":12,"15":1,"16":11,"17":8,"18":0,"19":24,"20":19,"21":19,"22":0,"23":19,"24":41,"25":41,"26":0,"27":41,"28":0,"29":41,"30":19,"31":19,"32":11,"33":11,"34":0,"35":0,"36":0,"37":0,"38":0,"39":0,"40":0,"41":11,"42":8,"43":8,"44":3,"45":1,"46":1,"47":2,"48":1,"49":1,"50":1,"51":1,"52":0,"53":0,"54":0,"55":1,"56":0,"57":1,"58":1,"59":21,"60":1,"61":1,"62":41,"63":8,"64":0,"65":8,"66":1,"67":1,"68":1,"69":1,"70":0,"71":0,"72":0,"73":1,"74":1,"75":1,"76":1,"77":1,"78":1,"79":1,"80":1,"81":1,"82":1,"83":1,"84":1,"85":1,"86":2,"87":1,"88":1,"89":1,"90":1,"91":1,"92":1,"93":1,"94":1,"95":2,"96":1,"97":1,"98":1,"99":1,"100":1,"101":1,"102":1,"103":1,"104":3,"105":3,"106":6,"107":3,"108":3,"109":3,"110":3,"111":3,"112":1,"113":1,"114":1,"115":1,"116":3,"117":1,"118":1,"119":1,"120":1,"121":1,"122":1,"123":1,"124":1,"125":1,"126":1,"127":3,"128":1,"129":1,"130":1,"131":1,"132":1,"133":1,"134":1,"135":1,"136":1,"137":1,"138":1,"139":1,"140":1,"141":5,"142":1,"143":1,"144":1,"145":1,"146":1,"147":1,"148":1,"149":0,"150":0,"151":1,"152":1,"153":1,"154":1},"f":{"0":8,"1":11,"2":0,"3":8,"4":10,"5":1,"6":19,"7":8,"8":12,"9":0,"10":24,"11":19,"12":19,"13":1,"14":1,"15":1,"16":1,"17":1,"18":1,"19":2,"20":1,"21":1,"22":2,"23":3,"24":3,"25":6,"26":1,"27":1,"28":1,"29":3,"30":1,"31":1,"32":3,"33":1,"34":1,"35":5},"b":{"0":[1,1,1],"1":[11,0],"2":[8,8],"3":[8,11],"4":[8,8],"5":[1,1,1],"6":[1,11],"7":[8,8],"8":[0,19],"9":[0,41],"10":[41,0,0],"11":[0,0],"12":[0,0],"13":[0,0],"14":[0,0],"15":[0,41],"16":[18,19,11,0,0,11],"17":[8,3],"18":[11,9,9],"19":[11,2],"20":[1,2],"21":[3,2,1,1],"22":[1,1],"23":[2,1],"24":[0,1],"25":[1,1],"26":[0,1],"27":[0,8],"28":[8,0],"29":[1,0],"30":[1,1],"31":[0,1],"32":[0,0],"33":[0,0],"34":[1,1],"35":[1,1],"36":[3,3],"37":[1,1,1],"38":[1,1,1],"39":[1,1,1,1,1,1],"40":[1,1]},"_coverageSchema":"43e27e138ebf9cfc5966b082cf9a028302ed4184","hash":"a8e0ee5b0b0d3acb13676722ead04bdef36f837d","contentHash":"d95b9007f765e6dfcd7a5e9286b006925e0e3fde3fa552991f52ea9e47e455a0"},"/home/vit/Projects/medme-ehr-api/ts/src/services/RpcErrorCodes.ts":{"path":"/home/vit/Projects/medme-ehr-api/ts/src/services/RpcErrorCodes.ts","statementMap":{"0":{"start":{"line":1,"column":0},"end":{"line":46,"column":3}},"1":{"start":{"line":2,"column":4},"end":{"line":8,"column":5}},"2":{"start":{"line":3,"column":16},"end":{"line":3,"column":41}},"3":{"start":{"line":4,"column":8},"end":{"line":4,"column":48}},"4":{"start":{"line":4,"column":29},"end":{"line":4,"column":48}},"5":{"start":{"line":6,"column":9},"end":{"line":8,"column":5}},"6":{"start":{"line":7,"column":8},"end":{"line":7,"column":48}},"7":{"start":{"line":11,"column":4},"end":{"line":11,"column":66}},"8":{"start":{"line":12,"column":4},"end":{"line":12,"column":66}},"9":{"start":{"line":13,"column":39},"end":{"line":38,"column":7}},"10":{"start":{"line":16,"column":8},"end":{"line":16,"column":42}},"11":{"start":{"line":17,"column":8},"end":{"line":17,"column":46}},"12":{"start":{"line":18,"column":8},"end":{"line":18,"column":46}},"13":{"start":{"line":19,"column":8},"end":{"line":19,"column":45}},"14":{"start":{"line":20,"column":8},"end":{"line":20,"column":44}},"15":{"start":{"line":21,"column":8},"end":{"line":21,"column":45}},"16":{"start":{"line":22,"column":8},"end":{"line":22,"column":43}},"17":{"start":{"line":23,"column":8},"end":{"line":23,"column":48}},"18":{"start":{"line":24,"column":8},"end":{"line":24,"column":47}},"19":{"start":{"line":25,"column":8},"end":{"line":25,"column":53}},"20":{"start":{"line":26,"column":8},"end":{"line":26,"column":55}},"21":{"start":{"line":27,"column":8},"end":{"line":27,"column":47}},"22":{"start":{"line":28,"column":8},"end":{"line":28,"column":49}},"23":{"start":{"line":29,"column":8},"end":{"line":29,"column":54}},"24":{"start":{"line":30,"column":8},"end":{"line":30,"column":51}},"25":{"start":{"line":31,"column":8},"end":{"line":31,"column":56}},"26":{"start":{"line":32,"column":8},"end":{"line":32,"column":44}},"27":{"start":{"line":33,"column":8},"end":{"line":33,"column":52}},"28":{"start":{"line":34,"column":8},"end":{"line":34,"column":52}},"29":{"start":{"line":35,"column":8},"end":{"line":35,"column":57}},"30":{"start":{"line":36,"column":8},"end":{"line":36,"column":53}},"31":{"start":{"line":37,"column":8},"end":{"line":37,"column":29}},"32":{"start":{"line":39,"column":4},"end":{"line":39,"column":42}},"33":{"start":{"line":41,"column":8},"end":{"line":43,"column":56}},"34":{"start":{"line":45,"column":4},"end":{"line":45,"column":56}}},"fnMap":{"0":{"name":"(anonymous_0)","decl":{"start":{"line":1,"column":1},"end":{"line":1,"column":2}},"loc":{"start":{"line":1,"column":20},"end":{"line":9,"column":1}},"line":1},"1":{"name":"(anonymous_1)","decl":{"start":{"line":9,"column":3},"end":{"line":9,"column":4}},"loc":{"start":{"line":9,"column":31},"end":{"line":46,"column":1}},"line":9},"2":{"name":"(anonymous_2)","decl":{"start":{"line":13,"column":39},"end":{"line":13,"column":40}},"loc":{"start":{"line":13,"column":51},"end":{"line":38,"column":5}},"line":13},"3":{"name":"RpcErrorCodes","decl":{"start":{"line":14,"column":17},"end":{"line":14,"column":30}},"loc":{"start":{"line":14,"column":33},"end":{"line":15,"column":9}},"line":14},"4":{"name":"isAuthorizationError","decl":{"start":{"line":40,"column":13},"end":{"line":40,"column":33}},"loc":{"start":{"line":40,"column":39},"end":{"line":44,"column":5}},"line":40}},"branchMap":{"0":{"loc":{"start":{"line":2,"column":4},"end":{"line":8,"column":5}},"type":"if","locations":[{"start":{"line":2,"column":4},"end":{"line":8,"column":5}},{"start":{"line":2,"column":4},"end":{"line":8,"column":5}}],"line":2},"1":{"loc":{"start":{"line":2,"column":8},"end":{"line":2,"column":72}},"type":"binary-expr","locations":[{"start":{"line":2,"column":8},"end":{"line":2,"column":34}},{"start":{"line":2,"column":38},"end":{"line":2,"column":72}}],"line":2},"2":{"loc":{"start":{"line":4,"column":8},"end":{"line":4,"column":48}},"type":"if","locations":[{"start":{"line":4,"column":8},"end":{"line":4,"column":48}},{"start":{"line":4,"column":8},"end":{"line":4,"column":48}}],"line":4},"3":{"loc":{"start":{"line":6,"column":9},"end":{"line":8,"column":5}},"type":"if","locations":[{"start":{"line":6,"column":9},"end":{"line":8,"column":5}},{"start":{"line":6,"column":9},"end":{"line":8,"column":5}}],"line":6},"4":{"loc":{"start":{"line":6,"column":13},"end":{"line":6,"column":55}},"type":"binary-expr","locations":[{"start":{"line":6,"column":13},"end":{"line":6,"column":41}},{"start":{"line":6,"column":45},"end":{"line":6,"column":55}}],"line":6},"5":{"loc":{"start":{"line":41,"column":15},"end":{"line":43,"column":55}},"type":"binary-expr","locations":[{"start":{"line":41,"column":15},"end":{"line":41,"column":55}},{"start":{"line":42,"column":12},"end":{"line":42,"column":50}},{"start":{"line":43,"column":12},"end":{"line":43,"column":55}}],"line":41}},"s":{"0":1,"1":1,"2":1,"3":1,"4":0,"5":0,"6":0,"7":1,"8":1,"9":1,"10":1,"11":1,"12":1,"13":1,"14":1,"15":1,"16":1,"17":1,"18":1,"19":1,"20":1,"21":1,"22":1,"23":1,"24":1,"25":1,"26":1,"27":1,"28":1,"29":1,"30":1,"31":1,"32":1,"33":4,"34":1},"f":{"0":1,"1":1,"2":1,"3":0,"4":4},"b":{"0":[1,0],"1":[1,1],"2":[0,1],"3":[0,0],"4":[0,0],"5":[4,2,1]},"_coverageSchema":"43e27e138ebf9cfc5966b082cf9a028302ed4184","hash":"4fa212f5411fa4b165c351220bb7e936bbc4af98","contentHash":"1aa53be43a2a3d27878567e117eb31b5e2d1a81ef4dfc13b10627328a1695710"},"/home/vit/Projects/medme-ehr-api/ts/tests/fixtures.ts":{"path":"/home/vit/Projects/medme-ehr-api/ts/tests/fixtures.ts","statementMap":{"0":{"start":{"line":4,"column":0},"end":{"line":72,"column":3}},"1":{"start":{"line":5,"column":4},"end":{"line":11,"column":5}},"2":{"start":{"line":6,"column":16},"end":{"line":6,"column":41}},"3":{"start":{"line":7,"column":8},"end":{"line":7,"column":48}},"4":{"start":{"line":7,"column":29},"end":{"line":7,"column":48}},"5":{"start":{"line":9,"column":9},"end":{"line":11,"column":5}},"6":{"start":{"line":10,"column":8},"end":{"line":10,"column":64}},"7":{"start":{"line":14,"column":4},"end":{"line":14,"column":66}},"8":{"start":{"line":15,"column":4},"end":{"line":15,"column":193}},"9":{"start":{"line":16,"column":18},"end":{"line":16,"column":41}},"10":{"start":{"line":17,"column":4},"end":{"line":17,"column":34}},"11":{"start":{"line":18,"column":4},"end":{"line":25,"column":6}},"12":{"start":{"line":26,"column":4},"end":{"line":35,"column":7}},"13":{"start":{"line":37,"column":4},"end":{"line":43,"column":6}},"14":{"start":{"line":41,"column":12},"end":{"line":41,"column":47}},"15":{"start":{"line":44,"column":4},"end":{"line":50,"column":6}},"16":{"start":{"line":48,"column":12},"end":{"line":48,"column":47}},"17":{"start":{"line":51,"column":4},"end":{"line":57,"column":6}},"18":{"start":{"line":55,"column":12},"end":{"line":55,"column":47}},"19":{"start":{"line":58,"column":4},"end":{"line":64,"column":6}},"20":{"start":{"line":62,"column":12},"end":{"line":62,"column":47}},"21":{"start":{"line":65,"column":4},"end":{"line":71,"column":6}},"22":{"start":{"line":69,"column":12},"end":{"line":69,"column":47}}},"fnMap":{"0":{"name":"(anonymous_0)","decl":{"start":{"line":4,"column":1},"end":{"line":4,"column":2}},"loc":{"start":{"line":4,"column":20},"end":{"line":12,"column":1}},"line":4},"1":{"name":"(anonymous_1)","decl":{"start":{"line":12,"column":3},"end":{"line":12,"column":4}},"loc":{"start":{"line":12,"column":31},"end":{"line":72,"column":1}},"line":12},"2":{"name":"(anonymous_2)","decl":{"start":{"line":40,"column":8},"end":{"line":40,"column":9}},"loc":{"start":{"line":40,"column":19},"end":{"line":42,"column":9}},"line":40},"3":{"name":"(anonymous_3)","decl":{"start":{"line":47,"column":8},"end":{"line":47,"column":9}},"loc":{"start":{"line":47,"column":19},"end":{"line":49,"column":9}},"line":47},"4":{"name":"(anonymous_4)","decl":{"start":{"line":54,"column":8},"end":{"line":54,"column":9}},"loc":{"start":{"line":54,"column":19},"end":{"line":56,"column":9}},"line":54},"5":{"name":"(anonymous_5)","decl":{"start":{"line":61,"column":8},"end":{"line":61,"column":9}},"loc":{"start":{"line":61,"column":19},"end":{"line":63,"column":9}},"line":61},"6":{"name":"(anonymous_6)","decl":{"start":{"line":68,"column":8},"end":{"line":68,"column":9}},"loc":{"start":{"line":68,"column":19},"end":{"line":70,"column":9}},"line":68}},"branchMap":{"0":{"loc":{"start":{"line":5,"column":4},"end":{"line":11,"column":5}},"type":"if","locations":[{"start":{"line":5,"column":4},"end":{"line":11,"column":5}},{"start":{"line":5,"column":4},"end":{"line":11,"column":5}}],"line":5},"1":{"loc":{"start":{"line":5,"column":8},"end":{"line":5,"column":72}},"type":"binary-expr","locations":[{"start":{"line":5,"column":8},"end":{"line":5,"column":34}},{"start":{"line":5,"column":38},"end":{"line":5,"column":72}}],"line":5},"2":{"loc":{"start":{"line":7,"column":8},"end":{"line":7,"column":48}},"type":"if","locations":[{"start":{"line":7,"column":8},"end":{"line":7,"column":48}},{"start":{"line":7,"column":8},"end":{"line":7,"column":48}}],"line":7},"3":{"loc":{"start":{"line":9,"column":9},"end":{"line":11,"column":5}},"type":"if","locations":[{"start":{"line":9,"column":9},"end":{"line":11,"column":5}},{"start":{"line":9,"column":9},"end":{"line":11,"column":5}}],"line":9},"4":{"loc":{"start":{"line":9,"column":13},"end":{"line":9,"column":55}},"type":"binary-expr","locations":[{"start":{"line":9,"column":13},"end":{"line":9,"column":41}},{"start":{"line":9,"column":45},"end":{"line":9,"column":55}}],"line":9}},"s":{"0":1,"1":1,"2":1,"3":1,"4":0,"5":0,"6":0,"7":1,"8":1,"9":1,"10":1,"11":1,"12":1,"13":1,"14":3,"15":1,"16":0,"17":1,"18":1,"19":1,"20":0,"21":1,"22":0},"f":{"0":1,"1":1,"2":3,"3":0,"4":1,"5":0,"6":0},"b":{"0":[1,0],"1":[1,1],"2":[0,1],"3":[0,0],"4":[0,0]},"_coverageSchema":"43e27e138ebf9cfc5966b082cf9a028302ed4184","hash":"13c3cffeb97afbce585a1be131e335af6850bf49","contentHash":"d87504393fca9fe1a1bf3df6fcea609dc206533ec532659247a187dedd964457"},"/home/vit/Projects/medme-ehr-api/ts/src/types/index.ts":{"path":"/home/vit/Projects/medme-ehr-api/ts/src/types/index.ts","statementMap":{"0":{"start":{"line":1,"column":0},"end":{"line":45,"column":3}},"1":{"start":{"line":2,"column":4},"end":{"line":8,"column":5}},"2":{"start":{"line":3,"column":16},"end":{"line":3,"column":41}},"3":{"start":{"line":4,"column":8},"end":{"line":4,"column":48}},"4":{"start":{"line":4,"column":29},"end":{"line":4,"column":48}},"5":{"start":{"line":6,"column":9},"end":{"line":8,"column":5}},"6":{"start":{"line":7,"column":8},"end":{"line":7,"column":377}},"7":{"start":{"line":11,"column":4},"end":{"line":11,"column":66}},"8":{"start":{"line":12,"column":4},"end":{"line":12,"column":420}},"9":{"start":{"line":13,"column":25},"end":{"line":13,"column":50}},"10":{"start":{"line":14,"column":4},"end":{"line":14,"column":131}},"11":{"start":{"line":14,"column":90},"end":{"line":14,"column":125}},"12":{"start":{"line":15,"column":19},"end":{"line":15,"column":38}},"13":{"start":{"line":16,"column":4},"end":{"line":16,"column":113}},"14":{"start":{"line":16,"column":84},"end":{"line":16,"column":107}},"15":{"start":{"line":17,"column":20},"end":{"line":17,"column":40}},"16":{"start":{"line":18,"column":4},"end":{"line":18,"column":116}},"17":{"start":{"line":18,"column":85},"end":{"line":18,"column":110}},"18":{"start":{"line":19,"column":42},"end":{"line":19,"column":84}},"19":{"start":{"line":20,"column":4},"end":{"line":20,"column":182}},"20":{"start":{"line":20,"column":107},"end":{"line":20,"column":176}},"21":{"start":{"line":21,"column":24},"end":{"line":21,"column":48}},"22":{"start":{"line":22,"column":4},"end":{"line":22,"column":128}},"23":{"start":{"line":22,"column":89},"end":{"line":22,"column":122}},"24":{"start":{"line":23,"column":35},"end":{"line":23,"column":70}},"25":{"start":{"line":24,"column":4},"end":{"line":24,"column":161}},"26":{"start":{"line":24,"column":100},"end":{"line":24,"column":155}},"27":{"start":{"line":25,"column":39},"end":{"line":25,"column":78}},"28":{"start":{"line":26,"column":4},"end":{"line":26,"column":173}},"29":{"start":{"line":26,"column":104},"end":{"line":26,"column":167}},"30":{"start":{"line":27,"column":21},"end":{"line":27,"column":42}},"31":{"start":{"line":28,"column":4},"end":{"line":28,"column":119}},"32":{"start":{"line":28,"column":86},"end":{"line":28,"column":113}},"33":{"start":{"line":29,"column":22},"end":{"line":29,"column":44}},"34":{"start":{"line":30,"column":4},"end":{"line":30,"column":122}},"35":{"start":{"line":30,"column":87},"end":{"line":30,"column":116}},"36":{"start":{"line":31,"column":32},"end":{"line":31,"column":64}},"37":{"start":{"line":32,"column":4},"end":{"line":32,"column":152}},"38":{"start":{"line":32,"column":97},"end":{"line":32,"column":146}},"39":{"start":{"line":33,"column":26},"end":{"line":33,"column":52}},"40":{"start":{"line":34,"column":4},"end":{"line":34,"column":134}},"41":{"start":{"line":34,"column":91},"end":{"line":34,"column":128}},"42":{"start":{"line":35,"column":26},"end":{"line":35,"column":52}},"43":{"start":{"line":36,"column":4},"end":{"line":36,"column":134}},"44":{"start":{"line":36,"column":91},"end":{"line":36,"column":128}},"45":{"start":{"line":37,"column":22},"end":{"line":37,"column":44}},"46":{"start":{"line":38,"column":4},"end":{"line":38,"column":122}},"47":{"start":{"line":38,"column":87},"end":{"line":38,"column":116}},"48":{"start":{"line":39,"column":29},"end":{"line":39,"column":58}},"49":{"start":{"line":40,"column":4},"end":{"line":40,"column":143}},"50":{"start":{"line":40,"column":94},"end":{"line":40,"column":137}},"51":{"start":{"line":41,"column":24},"end":{"line":41,"column":48}},"52":{"start":{"line":42,"column":4},"end":{"line":42,"column":128}},"53":{"start":{"line":42,"column":89},"end":{"line":42,"column":122}},"54":{"start":{"line":43,"column":35},"end":{"line":43,"column":70}},"55":{"start":{"line":44,"column":4},"end":{"line":44,"column":161}},"56":{"start":{"line":44,"column":100},"end":{"line":44,"column":155}}},"fnMap":{"0":{"name":"(anonymous_0)","decl":{"start":{"line":1,"column":1},"end":{"line":1,"column":2}},"loc":{"start":{"line":1,"column":20},"end":{"line":9,"column":1}},"line":1},"1":{"name":"(anonymous_1)","decl":{"start":{"line":9,"column":3},"end":{"line":9,"column":4}},"loc":{"start":{"line":9,"column":31},"end":{"line":45,"column":1}},"line":9},"2":{"name":"(anonymous_2)","decl":{"start":{"line":14,"column":76},"end":{"line":14,"column":77}},"loc":{"start":{"line":14,"column":88},"end":{"line":14,"column":127}},"line":14},"3":{"name":"(anonymous_3)","decl":{"start":{"line":16,"column":70},"end":{"line":16,"column":71}},"loc":{"start":{"line":16,"column":82},"end":{"line":16,"column":109}},"line":16},"4":{"name":"(anonymous_4)","decl":{"start":{"line":18,"column":71},"end":{"line":18,"column":72}},"loc":{"start":{"line":18,"column":83},"end":{"line":18,"column":112}},"line":18},"5":{"name":"(anonymous_5)","decl":{"start":{"line":20,"column":93},"end":{"line":20,"column":94}},"loc":{"start":{"line":20,"column":105},"end":{"line":20,"column":178}},"line":20},"6":{"name":"(anonymous_6)","decl":{"start":{"line":22,"column":75},"end":{"line":22,"column":76}},"loc":{"start":{"line":22,"column":87},"end":{"line":22,"column":124}},"line":22},"7":{"name":"(anonymous_7)","decl":{"start":{"line":24,"column":86},"end":{"line":24,"column":87}},"loc":{"start":{"line":24,"column":98},"end":{"line":24,"column":157}},"line":24},"8":{"name":"(anonymous_8)","decl":{"start":{"line":26,"column":90},"end":{"line":26,"column":91}},"loc":{"start":{"line":26,"column":102},"end":{"line":26,"column":169}},"line":26},"9":{"name":"(anonymous_9)","decl":{"start":{"line":28,"column":72},"end":{"line":28,"column":73}},"loc":{"start":{"line":28,"column":84},"end":{"line":28,"column":115}},"line":28},"10":{"name":"(anonymous_10)","decl":{"start":{"line":30,"column":73},"end":{"line":30,"column":74}},"loc":{"start":{"line":30,"column":85},"end":{"line":30,"column":118}},"line":30},"11":{"name":"(anonymous_11)","decl":{"start":{"line":32,"column":83},"end":{"line":32,"column":84}},"loc":{"start":{"line":32,"column":95},"end":{"line":32,"column":148}},"line":32},"12":{"name":"(anonymous_12)","decl":{"start":{"line":34,"column":77},"end":{"line":34,"column":78}},"loc":{"start":{"line":34,"column":89},"end":{"line":34,"column":130}},"line":34},"13":{"name":"(anonymous_13)","decl":{"start":{"line":36,"column":77},"end":{"line":36,"column":78}},"loc":{"start":{"line":36,"column":89},"end":{"line":36,"column":130}},"line":36},"14":{"name":"(anonymous_14)","decl":{"start":{"line":38,"column":73},"end":{"line":38,"column":74}},"loc":{"start":{"line":38,"column":85},"end":{"line":38,"column":118}},"line":38},"15":{"name":"(anonymous_15)","decl":{"start":{"line":40,"column":80},"end":{"line":40,"column":81}},"loc":{"start":{"line":40,"column":92},"end":{"line":40,"column":139}},"line":40},"16":{"name":"(anonymous_16)","decl":{"start":{"line":42,"column":75},"end":{"line":42,"column":76}},"loc":{"start":{"line":42,"column":87},"end":{"line":42,"column":124}},"line":42},"17":{"name":"(anonymous_17)","decl":{"start":{"line":44,"column":86},"end":{"line":44,"column":87}},"loc":{"start":{"line":44,"column":98},"end":{"line":44,"column":157}},"line":44}},"branchMap":{"0":{"loc":{"start":{"line":2,"column":4},"end":{"line":8,"column":5}},"type":"if","locations":[{"start":{"line":2,"column":4},"end":{"line":8,"column":5}},{"start":{"line":2,"column":4},"end":{"line":8,"column":5}}],"line":2},"1":{"loc":{"start":{"line":2,"column":8},"end":{"line":2,"column":72}},"type":"binary-expr","locations":[{"start":{"line":2,"column":8},"end":{"line":2,"column":34}},{"start":{"line":2,"column":38},"end":{"line":2,"column":72}}],"line":2},"2":{"loc":{"start":{"line":4,"column":8},"end":{"line":4,"column":48}},"type":"if","locations":[{"start":{"line":4,"column":8},"end":{"line":4,"column":48}},{"start":{"line":4,"column":8},"end":{"line":4,"column":48}}],"line":4},"3":{"loc":{"start":{"line":6,"column":9},"end":{"line":8,"column":5}},"type":"if","locations":[{"start":{"line":6,"column":9},"end":{"line":8,"column":5}},{"start":{"line":6,"column":9},"end":{"line":8,"column":5}}],"line":6},"4":{"loc":{"start":{"line":6,"column":13},"end":{"line":6,"column":55}},"type":"binary-expr","locations":[{"start":{"line":6,"column":13},"end":{"line":6,"column":41}},{"start":{"line":6,"column":45},"end":{"line":6,"column":55}}],"line":6}},"s":{"0":1,"1":1,"2":1,"3":1,"4":0,"5":0,"6":0,"7":1,"8":1,"9":1,"10":1,"11":0,"12":1,"13":1,"14":0,"15":1,"16":1,"17":0,"18":1,"19":1,"20":0,"21":1,"22":1,"23":0,"24":1,"25":1,"26":0,"27":1,"28":1,"29":0,"30":1,"31":1,"32":0,"33":1,"34":1,"35":15,"36":1,"37":1,"38":0,"39":1,"40":1,"41":0,"42":1,"43":1,"44":0,"45":1,"46":1,"47":0,"48":1,"49":1,"50":8,"51":1,"52":1,"53":0,"54":1,"55":1,"56":1},"f":{"0":1,"1":1,"2":0,"3":0,"4":0,"5":0,"6":0,"7":0,"8":0,"9":0,"10":15,"11":0,"12":0,"13":0,"14":0,"15":8,"16":0,"17":1},"b":{"0":[1,0],"1":[1,1],"2":[0,1],"3":[0,0],"4":[0,0]},"_coverageSchema":"43e27e138ebf9cfc5966b082cf9a028302ed4184","hash":"8e30b7fe572abf115ffd00834520bd394e9d9b77","contentHash":"4e8e22b7bfac70f248e7eb74cee567c57d4c1eee51acf317f4f8b2e2ea58f6b0"},"/home/vit/Projects/medme-ehr-api/ts/src/types/BusinessInfo.ts":{"path":"/home/vit/Projects/medme-ehr-api/ts/src/types/BusinessInfo.ts","statementMap":{"0":{"start":{"line":1,"column":0},"end":{"line":34,"column":3}},"1":{"start":{"line":2,"column":4},"end":{"line":8,"column":5}},"2":{"start":{"line":3,"column":16},"end":{"line":3,"column":41}},"3":{"start":{"line":4,"column":8},"end":{"line":4,"column":48}},"4":{"start":{"line":4,"column":29},"end":{"line":4,"column":48}},"5":{"start":{"line":6,"column":9},"end":{"line":8,"column":5}},"6":{"start":{"line":7,"column":8},"end":{"line":7,"column":48}},"7":{"start":{"line":11,"column":4},"end":{"line":11,"column":66}},"8":{"start":{"line":12,"column":4},"end":{"line":12,"column":34}},"9":{"start":{"line":13,"column":38},"end":{"line":32,"column":7}},"10":{"start":{"line":16,"column":8},"end":{"line":22,"column":10}},"11":{"start":{"line":17,"column":12},"end":{"line":17,"column":30}},"12":{"start":{"line":18,"column":12},"end":{"line":18,"column":34}},"13":{"start":{"line":19,"column":12},"end":{"line":19,"column":42}},"14":{"start":{"line":20,"column":12},"end":{"line":20,"column":44}},"15":{"start":{"line":21,"column":12},"end":{"line":21,"column":24}},"16":{"start":{"line":23,"column":8},"end":{"line":30,"column":10}},"17":{"start":{"line":24,"column":26},"end":{"line":24,"column":28}},"18":{"start":{"line":25,"column":12},"end":{"line":25,"column":33}},"19":{"start":{"line":26,"column":12},"end":{"line":26,"column":37}},"20":{"start":{"line":27,"column":12},"end":{"line":27,"column":45}},"21":{"start":{"line":28,"column":12},"end":{"line":28,"column":47}},"22":{"start":{"line":29,"column":12},"end":{"line":29,"column":27}},"23":{"start":{"line":31,"column":8},"end":{"line":31,"column":28}},"24":{"start":{"line":33,"column":4},"end":{"line":33,"column":40}}},"fnMap":{"0":{"name":"(anonymous_0)","decl":{"start":{"line":1,"column":1},"end":{"line":1,"column":2}},"loc":{"start":{"line":1,"column":20},"end":{"line":9,"column":1}},"line":1},"1":{"name":"(anonymous_1)","decl":{"start":{"line":9,"column":3},"end":{"line":9,"column":4}},"loc":{"start":{"line":9,"column":31},"end":{"line":34,"column":1}},"line":9},"2":{"name":"(anonymous_2)","decl":{"start":{"line":13,"column":38},"end":{"line":13,"column":39}},"loc":{"start":{"line":13,"column":50},"end":{"line":32,"column":5}},"line":13},"3":{"name":"BusinessInfo","decl":{"start":{"line":14,"column":17},"end":{"line":14,"column":29}},"loc":{"start":{"line":14,"column":32},"end":{"line":15,"column":9}},"line":14},"4":{"name":"(anonymous_4)","decl":{"start":{"line":16,"column":42},"end":{"line":16,"column":43}},"loc":{"start":{"line":16,"column":58},"end":{"line":22,"column":9}},"line":16},"5":{"name":"(anonymous_5)","decl":{"start":{"line":23,"column":40},"end":{"line":23,"column":41}},"loc":{"start":{"line":23,"column":52},"end":{"line":30,"column":9}},"line":23}},"branchMap":{"0":{"loc":{"start":{"line":2,"column":4},"end":{"line":8,"column":5}},"type":"if","locations":[{"start":{"line":2,"column":4},"end":{"line":8,"column":5}},{"start":{"line":2,"column":4},"end":{"line":8,"column":5}}],"line":2},"1":{"loc":{"start":{"line":2,"column":8},"end":{"line":2,"column":72}},"type":"binary-expr","locations":[{"start":{"line":2,"column":8},"end":{"line":2,"column":34}},{"start":{"line":2,"column":38},"end":{"line":2,"column":72}}],"line":2},"2":{"loc":{"start":{"line":4,"column":8},"end":{"line":4,"column":48}},"type":"if","locations":[{"start":{"line":4,"column":8},"end":{"line":4,"column":48}},{"start":{"line":4,"column":8},"end":{"line":4,"column":48}}],"line":4},"3":{"loc":{"start":{"line":6,"column":9},"end":{"line":8,"column":5}},"type":"if","locations":[{"start":{"line":6,"column":9},"end":{"line":8,"column":5}},{"start":{"line":6,"column":9},"end":{"line":8,"column":5}}],"line":6},"4":{"loc":{"start":{"line":6,"column":13},"end":{"line":6,"column":55}},"type":"binary-expr","locations":[{"start":{"line":6,"column":13},"end":{"line":6,"column":41}},{"start":{"line":6,"column":45},"end":{"line":6,"column":55}}],"line":6}},"s":{"0":1,"1":1,"2":1,"3":1,"4":0,"5":0,"6":0,"7":1,"8":1,"9":1,"10":1,"11":19,"12":19,"13":19,"14":19,"15":19,"16":1,"17":0,"18":0,"19":0,"20":0,"21":0,"22":0,"23":1,"24":1},"f":{"0":1,"1":1,"2":1,"3":19,"4":19,"5":0},"b":{"0":[1,0],"1":[1,1],"2":[0,1],"3":[0,0],"4":[0,0]},"_coverageSchema":"43e27e138ebf9cfc5966b082cf9a028302ed4184","hash":"8c3685f8275b044c3fff04cb15da953a77882978","contentHash":"e216bf2631f7b9e9a987607ad8a2abb5bf097ee1d121075a47047bac89602d13"},"/home/vit/Projects/medme-ehr-api/ts/src/types/Doctor.ts":{"path":"/home/vit/Projects/medme-ehr-api/ts/src/types/Doctor.ts","statementMap":{"0":{"start":{"line":1,"column":0},"end":{"line":35,"column":3}},"1":{"start":{"line":2,"column":4},"end":{"line":8,"column":5}},"2":{"start":{"line":3,"column":16},"end":{"line":3,"column":41}},"3":{"start":{"line":4,"column":8},"end":{"line":4,"column":48}},"4":{"start":{"line":4,"column":29},"end":{"line":4,"column":48}},"5":{"start":{"line":6,"column":9},"end":{"line":8,"column":5}},"6":{"start":{"line":7,"column":8},"end":{"line":7,"column":68}},"7":{"start":{"line":11,"column":4},"end":{"line":11,"column":66}},"8":{"start":{"line":12,"column":4},"end":{"line":12,"column":28}},"9":{"start":{"line":13,"column":27},"end":{"line":13,"column":54}},"10":{"start":{"line":14,"column":32},"end":{"line":33,"column":7}},"11":{"start":{"line":17,"column":8},"end":{"line":23,"column":10}},"12":{"start":{"line":18,"column":12},"end":{"line":18,"column":30}},"13":{"start":{"line":19,"column":12},"end":{"line":19,"column":40}},"14":{"start":{"line":20,"column":12},"end":{"line":20,"column":34}},"15":{"start":{"line":21,"column":12},"end":{"line":21,"column":166}},"16":{"start":{"line":22,"column":12},"end":{"line":22,"column":24}},"17":{"start":{"line":24,"column":8},"end":{"line":31,"column":10}},"18":{"start":{"line":25,"column":26},"end":{"line":25,"column":28}},"19":{"start":{"line":26,"column":12},"end":{"line":26,"column":33}},"20":{"start":{"line":27,"column":12},"end":{"line":27,"column":43}},"21":{"start":{"line":28,"column":12},"end":{"line":28,"column":37}},"22":{"start":{"line":29,"column":12},"end":{"line":29,"column":95}},"23":{"start":{"line":30,"column":12},"end":{"line":30,"column":27}},"24":{"start":{"line":32,"column":8},"end":{"line":32,"column":22}},"25":{"start":{"line":34,"column":4},"end":{"line":34,"column":28}}},"fnMap":{"0":{"name":"(anonymous_0)","decl":{"start":{"line":1,"column":1},"end":{"line":1,"column":2}},"loc":{"start":{"line":1,"column":20},"end":{"line":9,"column":1}},"line":1},"1":{"name":"(anonymous_1)","decl":{"start":{"line":9,"column":3},"end":{"line":9,"column":4}},"loc":{"start":{"line":9,"column":31},"end":{"line":35,"column":1}},"line":9},"2":{"name":"(anonymous_2)","decl":{"start":{"line":14,"column":32},"end":{"line":14,"column":33}},"loc":{"start":{"line":14,"column":44},"end":{"line":33,"column":5}},"line":14},"3":{"name":"Doctor","decl":{"start":{"line":15,"column":17},"end":{"line":15,"column":23}},"loc":{"start":{"line":15,"column":26},"end":{"line":16,"column":9}},"line":15},"4":{"name":"(anonymous_4)","decl":{"start":{"line":17,"column":36},"end":{"line":17,"column":37}},"loc":{"start":{"line":17,"column":52},"end":{"line":23,"column":9}},"line":17},"5":{"name":"(anonymous_5)","decl":{"start":{"line":24,"column":34},"end":{"line":24,"column":35}},"loc":{"start":{"line":24,"column":46},"end":{"line":31,"column":9}},"line":24}},"branchMap":{"0":{"loc":{"start":{"line":2,"column":4},"end":{"line":8,"column":5}},"type":"if","locations":[{"start":{"line":2,"column":4},"end":{"line":8,"column":5}},{"start":{"line":2,"column":4},"end":{"line":8,"column":5}}],"line":2},"1":{"loc":{"start":{"line":2,"column":8},"end":{"line":2,"column":72}},"type":"binary-expr","locations":[{"start":{"line":2,"column":8},"end":{"line":2,"column":34}},{"start":{"line":2,"column":38},"end":{"line":2,"column":72}}],"line":2},"2":{"loc":{"start":{"line":4,"column":8},"end":{"line":4,"column":48}},"type":"if","locations":[{"start":{"line":4,"column":8},"end":{"line":4,"column":48}},{"start":{"line":4,"column":8},"end":{"line":4,"column":48}}],"line":4},"3":{"loc":{"start":{"line":6,"column":9},"end":{"line":8,"column":5}},"type":"if","locations":[{"start":{"line":6,"column":9},"end":{"line":8,"column":5}},{"start":{"line":6,"column":9},"end":{"line":8,"column":5}}],"line":6},"4":{"loc":{"start":{"line":6,"column":13},"end":{"line":6,"column":55}},"type":"binary-expr","locations":[{"start":{"line":6,"column":13},"end":{"line":6,"column":41}},{"start":{"line":6,"column":45},"end":{"line":6,"column":55}}],"line":6},"5":{"loc":{"start":{"line":21,"column":34},"end":{"line":21,"column":165}},"type":"cond-expr","locations":[{"start":{"line":21,"column":56},"end":{"line":21,"column":125}},{"start":{"line":21,"column":128},"end":{"line":21,"column":165}}],"line":21},"6":{"loc":{"start":{"line":29,"column":37},"end":{"line":29,"column":94}},"type":"cond-expr","locations":[{"start":{"line":29,"column":59},"end":{"line":29,"column":87}},{"start":{"line":29,"column":90},"end":{"line":29,"column":94}}],"line":29}},"s":{"0":1,"1":1,"2":1,"3":1,"4":0,"5":0,"6":0,"7":1,"8":1,"9":1,"10":1,"11":1,"12":34,"13":34,"14":34,"15":34,"16":34,"17":1,"18":0,"19":0,"20":0,"21":0,"22":0,"23":0,"24":1,"25":1},"f":{"0":1,"1":1,"2":1,"3":34,"4":34,"5":0},"b":{"0":[1,0],"1":[1,1],"2":[0,1],"3":[0,0],"4":[0,0],"5":[0,34],"6":[0,0]},"_coverageSchema":"43e27e138ebf9cfc5966b082cf9a028302ed4184","hash":"907b33fdb46c485e0b12e1fe5287ea6343301440","contentHash":"9122f791eb36a2a7dd332a95077aaaf2b18becd8051f0cf6c3dd484a9915ee65"},"/home/vit/Projects/medme-ehr-api/ts/src/types/Specialization.ts":{"path":"/home/vit/Projects/medme-ehr-api/ts/src/types/Specialization.ts","statementMap":{"0":{"start":{"line":1,"column":0},"end":{"line":30,"column":3}},"1":{"start":{"line":2,"column":4},"end":{"line":8,"column":5}},"2":{"start":{"line":3,"column":16},"end":{"line":3,"column":41}},"3":{"start":{"line":4,"column":8},"end":{"line":4,"column":48}},"4":{"start":{"line":4,"column":29},"end":{"line":4,"column":48}},"5":{"start":{"line":6,"column":9},"end":{"line":8,"column":5}},"6":{"start":{"line":7,"column":8},"end":{"line":7,"column":48}},"7":{"start":{"line":11,"column":4},"end":{"line":11,"column":66}},"8":{"start":{"line":12,"column":4},"end":{"line":12,"column":36}},"9":{"start":{"line":13,"column":40},"end":{"line":28,"column":7}},"10":{"start":{"line":16,"column":8},"end":{"line":20,"column":10}},"11":{"start":{"line":17,"column":12},"end":{"line":17,"column":30}},"12":{"start":{"line":18,"column":12},"end":{"line":18,"column":34}},"13":{"start":{"line":19,"column":12},"end":{"line":19,"column":24}},"14":{"start":{"line":21,"column":8},"end":{"line":26,"column":10}},"15":{"start":{"line":22,"column":26},"end":{"line":22,"column":28}},"16":{"start":{"line":23,"column":12},"end":{"line":23,"column":33}},"17":{"start":{"line":24,"column":12},"end":{"line":24,"column":37}},"18":{"start":{"line":25,"column":12},"end":{"line":25,"column":27}},"19":{"start":{"line":27,"column":8},"end":{"line":27,"column":30}},"20":{"start":{"line":29,"column":4},"end":{"line":29,"column":44}}},"fnMap":{"0":{"name":"(anonymous_0)","decl":{"start":{"line":1,"column":1},"end":{"line":1,"column":2}},"loc":{"start":{"line":1,"column":20},"end":{"line":9,"column":1}},"line":1},"1":{"name":"(anonymous_1)","decl":{"start":{"line":9,"column":3},"end":{"line":9,"column":4}},"loc":{"start":{"line":9,"column":31},"end":{"line":30,"column":1}},"line":9},"2":{"name":"(anonymous_2)","decl":{"start":{"line":13,"column":40},"end":{"line":13,"column":41}},"loc":{"start":{"line":13,"column":52},"end":{"line":28,"column":5}},"line":13},"3":{"name":"Specialization","decl":{"start":{"line":14,"column":17},"end":{"line":14,"column":31}},"loc":{"start":{"line":14,"column":34},"end":{"line":15,"column":9}},"line":14},"4":{"name":"(anonymous_4)","decl":{"start":{"line":16,"column":44},"end":{"line":16,"column":45}},"loc":{"start":{"line":16,"column":60},"end":{"line":20,"column":9}},"line":16},"5":{"name":"(anonymous_5)","decl":{"start":{"line":21,"column":42},"end":{"line":21,"column":43}},"loc":{"start":{"line":21,"column":54},"end":{"line":26,"column":9}},"line":21}},"branchMap":{"0":{"loc":{"start":{"line":2,"column":4},"end":{"line":8,"column":5}},"type":"if","locations":[{"start":{"line":2,"column":4},"end":{"line":8,"column":5}},{"start":{"line":2,"column":4},"end":{"line":8,"column":5}}],"line":2},"1":{"loc":{"start":{"line":2,"column":8},"end":{"line":2,"column":72}},"type":"binary-expr","locations":[{"start":{"line":2,"column":8},"end":{"line":2,"column":34}},{"start":{"line":2,"column":38},"end":{"line":2,"column":72}}],"line":2},"2":{"loc":{"start":{"line":4,"column":8},"end":{"line":4,"column":48}},"type":"if","locations":[{"start":{"line":4,"column":8},"end":{"line":4,"column":48}},{"start":{"line":4,"column":8},"end":{"line":4,"column":48}}],"line":4},"3":{"loc":{"start":{"line":6,"column":9},"end":{"line":8,"column":5}},"type":"if","locations":[{"start":{"line":6,"column":9},"end":{"line":8,"column":5}},{"start":{"line":6,"column":9},"end":{"line":8,"column":5}}],"line":6},"4":{"loc":{"start":{"line":6,"column":13},"end":{"line":6,"column":55}},"type":"binary-expr","locations":[{"start":{"line":6,"column":13},"end":{"line":6,"column":41}},{"start":{"line":6,"column":45},"end":{"line":6,"column":55}}],"line":6}},"s":{"0":1,"1":1,"2":1,"3":1,"4":0,"5":0,"6":0,"7":1,"8":1,"9":1,"10":1,"11":0,"12":0,"13":0,"14":1,"15":0,"16":0,"17":0,"18":0,"19":1,"20":1},"f":{"0":1,"1":1,"2":1,"3":34,"4":0,"5":0},"b":{"0":[1,0],"1":[1,1],"2":[0,1],"3":[0,0],"4":[0,0]},"_coverageSchema":"43e27e138ebf9cfc5966b082cf9a028302ed4184","hash":"9ae5e155a5dc81500ee711c7f926fe834961fd75","contentHash":"9fd6cc3ad4a271ec66aa3f8e614d13d1525ce2809ecf2d1d1e361b2d7bb41398"},"/home/vit/Projects/medme-ehr-api/ts/src/types/Service.ts":{"path":"/home/vit/Projects/medme-ehr-api/ts/src/types/Service.ts","statementMap":{"0":{"start":{"line":1,"column":0},"end":{"line":37,"column":3}},"1":{"start":{"line":2,"column":4},"end":{"line":8,"column":5}},"2":{"start":{"line":3,"column":16},"end":{"line":3,"column":41}},"3":{"start":{"line":4,"column":8},"end":{"line":4,"column":48}},"4":{"start":{"line":4,"column":29},"end":{"line":4,"column":48}},"5":{"start":{"line":6,"column":9},"end":{"line":8,"column":5}},"6":{"start":{"line":7,"column":8},"end":{"line":7,"column":65}},"7":{"start":{"line":11,"column":4},"end":{"line":11,"column":66}},"8":{"start":{"line":12,"column":4},"end":{"line":12,"column":29}},"9":{"start":{"line":13,"column":24},"end":{"line":13,"column":48}},"10":{"start":{"line":14,"column":33},"end":{"line":35,"column":7}},"11":{"start":{"line":16,"column":12},"end":{"line":16,"column":57}},"12":{"start":{"line":18,"column":8},"end":{"line":25,"column":10}},"13":{"start":{"line":19,"column":12},"end":{"line":19,"column":30}},"14":{"start":{"line":20,"column":12},"end":{"line":20,"column":34}},"15":{"start":{"line":21,"column":12},"end":{"line":22,"column":48}},"16":{"start":{"line":22,"column":16},"end":{"line":22,"column":48}},"17":{"start":{"line":23,"column":12},"end":{"line":23,"column":42}},"18":{"start":{"line":24,"column":12},"end":{"line":24,"column":24}},"19":{"start":{"line":26,"column":8},"end":{"line":33,"column":10}},"20":{"start":{"line":27,"column":26},"end":{"line":27,"column":28}},"21":{"start":{"line":28,"column":12},"end":{"line":28,"column":33}},"22":{"start":{"line":29,"column":12},"end":{"line":29,"column":37}},"23":{"start":{"line":30,"column":12},"end":{"line":30,"column":68}},"24":{"start":{"line":31,"column":12},"end":{"line":31,"column":45}},"25":{"start":{"line":32,"column":12},"end":{"line":32,"column":27}},"26":{"start":{"line":34,"column":8},"end":{"line":34,"column":23}},"27":{"start":{"line":36,"column":4},"end":{"line":36,"column":30}}},"fnMap":{"0":{"name":"(anonymous_0)","decl":{"start":{"line":1,"column":1},"end":{"line":1,"column":2}},"loc":{"start":{"line":1,"column":20},"end":{"line":9,"column":1}},"line":1},"1":{"name":"(anonymous_1)","decl":{"start":{"line":9,"column":3},"end":{"line":9,"column":4}},"loc":{"start":{"line":9,"column":31},"end":{"line":37,"column":1}},"line":9},"2":{"name":"(anonymous_2)","decl":{"start":{"line":14,"column":33},"end":{"line":14,"column":34}},"loc":{"start":{"line":14,"column":45},"end":{"line":35,"column":5}},"line":14},"3":{"name":"Service","decl":{"start":{"line":15,"column":17},"end":{"line":15,"column":24}},"loc":{"start":{"line":15,"column":27},"end":{"line":17,"column":9}},"line":15},"4":{"name":"(anonymous_4)","decl":{"start":{"line":18,"column":37},"end":{"line":18,"column":38}},"loc":{"start":{"line":18,"column":53},"end":{"line":25,"column":9}},"line":18},"5":{"name":"(anonymous_5)","decl":{"start":{"line":26,"column":35},"end":{"line":26,"column":36}},"loc":{"start":{"line":26,"column":47},"end":{"line":33,"column":9}},"line":26}},"branchMap":{"0":{"loc":{"start":{"line":2,"column":4},"end":{"line":8,"column":5}},"type":"if","locations":[{"start":{"line":2,"column":4},"end":{"line":8,"column":5}},{"start":{"line":2,"column":4},"end":{"line":8,"column":5}}],"line":2},"1":{"loc":{"start":{"line":2,"column":8},"end":{"line":2,"column":72}},"type":"binary-expr","locations":[{"start":{"line":2,"column":8},"end":{"line":2,"column":34}},{"start":{"line":2,"column":38},"end":{"line":2,"column":72}}],"line":2},"2":{"loc":{"start":{"line":4,"column":8},"end":{"line":4,"column":48}},"type":"if","locations":[{"start":{"line":4,"column":8},"end":{"line":4,"column":48}},{"start":{"line":4,"column":8},"end":{"line":4,"column":48}}],"line":4},"3":{"loc":{"start":{"line":6,"column":9},"end":{"line":8,"column":5}},"type":"if","locations":[{"start":{"line":6,"column":9},"end":{"line":8,"column":5}},{"start":{"line":6,"column":9},"end":{"line":8,"column":5}}],"line":6},"4":{"loc":{"start":{"line":6,"column":13},"end":{"line":6,"column":55}},"type":"binary-expr","locations":[{"start":{"line":6,"column":13},"end":{"line":6,"column":41}},{"start":{"line":6,"column":45},"end":{"line":6,"column":55}}],"line":6},"5":{"loc":{"start":{"line":21,"column":12},"end":{"line":22,"column":48}},"type":"if","locations":[{"start":{"line":21,"column":12},"end":{"line":22,"column":48}},{"start":{"line":21,"column":12},"end":{"line":22,"column":48}}],"line":21},"6":{"loc":{"start":{"line":30,"column":28},"end":{"line":30,"column":67}},"type":"cond-expr","locations":[{"start":{"line":30,"column":41},"end":{"line":30,"column":60}},{"start":{"line":30,"column":63},"end":{"line":30,"column":67}}],"line":30}},"s":{"0":1,"1":1,"2":1,"3":1,"4":0,"5":0,"6":0,"7":1,"8":1,"9":1,"10":1,"11":4,"12":1,"13":4,"14":4,"15":4,"16":0,"17":4,"18":4,"19":1,"20":0,"21":0,"22":0,"23":0,"24":0,"25":0,"26":1,"27":1},"f":{"0":1,"1":1,"2":1,"3":4,"4":4,"5":0},"b":{"0":[1,0],"1":[1,1],"2":[0,1],"3":[0,0],"4":[0,0],"5":[0,4],"6":[0,0]},"_coverageSchema":"43e27e138ebf9cfc5966b082cf9a028302ed4184","hash":"65809174a7b728eff87ff340741de981434ae829","contentHash":"c6d0dd9700a4b21f80ae6845bf02aec922dfae579a4d89881bb2724b06087314"},"/home/vit/Projects/medme-ehr-api/ts/src/types/ClientPrice.ts":{"path":"/home/vit/Projects/medme-ehr-api/ts/src/types/ClientPrice.ts","statementMap":{"0":{"start":{"line":1,"column":0},"end":{"line":39,"column":3}},"1":{"start":{"line":2,"column":4},"end":{"line":8,"column":5}},"2":{"start":{"line":3,"column":16},"end":{"line":3,"column":41}},"3":{"start":{"line":4,"column":8},"end":{"line":4,"column":48}},"4":{"start":{"line":4,"column":29},"end":{"line":4,"column":48}},"5":{"start":{"line":6,"column":9},"end":{"line":8,"column":5}},"6":{"start":{"line":7,"column":8},"end":{"line":7,"column":62}},"7":{"start":{"line":11,"column":4},"end":{"line":11,"column":66}},"8":{"start":{"line":12,"column":4},"end":{"line":12,"column":33}},"9":{"start":{"line":13,"column":21},"end":{"line":13,"column":42}},"10":{"start":{"line":14,"column":37},"end":{"line":37,"column":7}},"11":{"start":{"line":16,"column":12},"end":{"line":16,"column":54}},"12":{"start":{"line":18,"column":8},"end":{"line":26,"column":10}},"13":{"start":{"line":19,"column":12},"end":{"line":19,"column":42}},"14":{"start":{"line":20,"column":12},"end":{"line":20,"column":48}},"15":{"start":{"line":21,"column":12},"end":{"line":21,"column":52}},"16":{"start":{"line":22,"column":12},"end":{"line":22,"column":36}},"17":{"start":{"line":23,"column":12},"end":{"line":24,"column":54}},"18":{"start":{"line":24,"column":16},"end":{"line":24,"column":54}},"19":{"start":{"line":25,"column":12},"end":{"line":25,"column":24}},"20":{"start":{"line":27,"column":8},"end":{"line":35,"column":10}},"21":{"start":{"line":28,"column":26},"end":{"line":28,"column":28}},"22":{"start":{"line":29,"column":12},"end":{"line":29,"column":45}},"23":{"start":{"line":30,"column":12},"end":{"line":30,"column":51}},"24":{"start":{"line":31,"column":12},"end":{"line":31,"column":55}},"25":{"start":{"line":32,"column":12},"end":{"line":32,"column":39}},"26":{"start":{"line":33,"column":12},"end":{"line":33,"column":77}},"27":{"start":{"line":34,"column":12},"end":{"line":34,"column":27}},"28":{"start":{"line":36,"column":8},"end":{"line":36,"column":27}},"29":{"start":{"line":38,"column":4},"end":{"line":38,"column":38}}},"fnMap":{"0":{"name":"(anonymous_0)","decl":{"start":{"line":1,"column":1},"end":{"line":1,"column":2}},"loc":{"start":{"line":1,"column":20},"end":{"line":9,"column":1}},"line":1},"1":{"name":"(anonymous_1)","decl":{"start":{"line":9,"column":3},"end":{"line":9,"column":4}},"loc":{"start":{"line":9,"column":31},"end":{"line":39,"column":1}},"line":9},"2":{"name":"(anonymous_2)","decl":{"start":{"line":14,"column":37},"end":{"line":14,"column":38}},"loc":{"start":{"line":14,"column":49},"end":{"line":37,"column":5}},"line":14},"3":{"name":"ClientPrice","decl":{"start":{"line":15,"column":17},"end":{"line":15,"column":28}},"loc":{"start":{"line":15,"column":31},"end":{"line":17,"column":9}},"line":15},"4":{"name":"(anonymous_4)","decl":{"start":{"line":18,"column":41},"end":{"line":18,"column":42}},"loc":{"start":{"line":18,"column":57},"end":{"line":26,"column":9}},"line":18},"5":{"name":"(anonymous_5)","decl":{"start":{"line":27,"column":39},"end":{"line":27,"column":40}},"loc":{"start":{"line":27,"column":51},"end":{"line":35,"column":9}},"line":27}},"branchMap":{"0":{"loc":{"start":{"line":2,"column":4},"end":{"line":8,"column":5}},"type":"if","locations":[{"start":{"line":2,"column":4},"end":{"line":8,"column":5}},{"start":{"line":2,"column":4},"end":{"line":8,"column":5}}],"line":2},"1":{"loc":{"start":{"line":2,"column":8},"end":{"line":2,"column":72}},"type":"binary-expr","locations":[{"start":{"line":2,"column":8},"end":{"line":2,"column":34}},{"start":{"line":2,"column":38},"end":{"line":2,"column":72}}],"line":2},"2":{"loc":{"start":{"line":4,"column":8},"end":{"line":4,"column":48}},"type":"if","locations":[{"start":{"line":4,"column":8},"end":{"line":4,"column":48}},{"start":{"line":4,"column":8},"end":{"line":4,"column":48}}],"line":4},"3":{"loc":{"start":{"line":6,"column":9},"end":{"line":8,"column":5}},"type":"if","locations":[{"start":{"line":6,"column":9},"end":{"line":8,"column":5}},{"start":{"line":6,"column":9},"end":{"line":8,"column":5}}],"line":6},"4":{"loc":{"start":{"line":6,"column":13},"end":{"line":6,"column":55}},"type":"binary-expr","locations":[{"start":{"line":6,"column":13},"end":{"line":6,"column":41}},{"start":{"line":6,"column":45},"end":{"line":6,"column":55}}],"line":6},"5":{"loc":{"start":{"line":23,"column":12},"end":{"line":24,"column":54}},"type":"if","locations":[{"start":{"line":23,"column":12},"end":{"line":24,"column":54}},{"start":{"line":23,"column":12},"end":{"line":24,"column":54}}],"line":23},"6":{"loc":{"start":{"line":33,"column":31},"end":{"line":33,"column":76}},"type":"cond-expr","locations":[{"start":{"line":33,"column":47},"end":{"line":33,"column":69}},{"start":{"line":33,"column":72},"end":{"line":33,"column":76}}],"line":33}},"s":{"0":1,"1":1,"2":1,"3":1,"4":0,"5":0,"6":0,"7":1,"8":1,"9":1,"10":1,"11":4,"12":1,"13":0,"14":0,"15":0,"16":0,"17":0,"18":0,"19":0,"20":1,"21":0,"22":0,"23":0,"24":0,"25":0,"26":0,"27":0,"28":1,"29":1},"f":{"0":1,"1":1,"2":1,"3":4,"4":0,"5":0},"b":{"0":[1,0],"1":[1,1],"2":[0,1],"3":[0,0],"4":[0,0],"5":[0,0],"6":[0,0]},"_coverageSchema":"43e27e138ebf9cfc5966b082cf9a028302ed4184","hash":"2151e64586d574571309a55887c4a37cb89305b6","contentHash":"fa25b3a68b9128c6b4053c0dc1ec4b04a87dc145fb52efd880b3f4e90cf1d768"},"/home/vit/Projects/medme-ehr-api/ts/src/types/Discount.ts":{"path":"/home/vit/Projects/medme-ehr-api/ts/src/types/Discount.ts","statementMap":{"0":{"start":{"line":1,"column":0},"end":{"line":30,"column":3}},"1":{"start":{"line":2,"column":4},"end":{"line":8,"column":5}},"2":{"start":{"line":3,"column":16},"end":{"line":3,"column":41}},"3":{"start":{"line":4,"column":8},"end":{"line":4,"column":48}},"4":{"start":{"line":4,"column":29},"end":{"line":4,"column":48}},"5":{"start":{"line":6,"column":9},"end":{"line":8,"column":5}},"6":{"start":{"line":7,"column":8},"end":{"line":7,"column":48}},"7":{"start":{"line":11,"column":4},"end":{"line":11,"column":66}},"8":{"start":{"line":12,"column":4},"end":{"line":12,"column":30}},"9":{"start":{"line":13,"column":34},"end":{"line":28,"column":7}},"10":{"start":{"line":16,"column":8},"end":{"line":20,"column":10}},"11":{"start":{"line":17,"column":12},"end":{"line":17,"column":50}},"12":{"start":{"line":18,"column":12},"end":{"line":18,"column":56}},"13":{"start":{"line":19,"column":12},"end":{"line":19,"column":24}},"14":{"start":{"line":21,"column":8},"end":{"line":26,"column":10}},"15":{"start":{"line":22,"column":26},"end":{"line":22,"column":28}},"16":{"start":{"line":23,"column":12},"end":{"line":23,"column":53}},"17":{"start":{"line":24,"column":12},"end":{"line":24,"column":59}},"18":{"start":{"line":25,"column":12},"end":{"line":25,"column":27}},"19":{"start":{"line":27,"column":8},"end":{"line":27,"column":24}},"20":{"start":{"line":29,"column":4},"end":{"line":29,"column":32}}},"fnMap":{"0":{"name":"(anonymous_0)","decl":{"start":{"line":1,"column":1},"end":{"line":1,"column":2}},"loc":{"start":{"line":1,"column":20},"end":{"line":9,"column":1}},"line":1},"1":{"name":"(anonymous_1)","decl":{"start":{"line":9,"column":3},"end":{"line":9,"column":4}},"loc":{"start":{"line":9,"column":31},"end":{"line":30,"column":1}},"line":9},"2":{"name":"(anonymous_2)","decl":{"start":{"line":13,"column":34},"end":{"line":13,"column":35}},"loc":{"start":{"line":13,"column":46},"end":{"line":28,"column":5}},"line":13},"3":{"name":"Discount","decl":{"start":{"line":14,"column":17},"end":{"line":14,"column":25}},"loc":{"start":{"line":14,"column":28},"end":{"line":15,"column":9}},"line":14},"4":{"name":"(anonymous_4)","decl":{"start":{"line":16,"column":38},"end":{"line":16,"column":39}},"loc":{"start":{"line":16,"column":54},"end":{"line":20,"column":9}},"line":16},"5":{"name":"(anonymous_5)","decl":{"start":{"line":21,"column":36},"end":{"line":21,"column":37}},"loc":{"start":{"line":21,"column":48},"end":{"line":26,"column":9}},"line":21}},"branchMap":{"0":{"loc":{"start":{"line":2,"column":4},"end":{"line":8,"column":5}},"type":"if","locations":[{"start":{"line":2,"column":4},"end":{"line":8,"column":5}},{"start":{"line":2,"column":4},"end":{"line":8,"column":5}}],"line":2},"1":{"loc":{"start":{"line":2,"column":8},"end":{"line":2,"column":72}},"type":"binary-expr","locations":[{"start":{"line":2,"column":8},"end":{"line":2,"column":34}},{"start":{"line":2,"column":38},"end":{"line":2,"column":72}}],"line":2},"2":{"loc":{"start":{"line":4,"column":8},"end":{"line":4,"column":48}},"type":"if","locations":[{"start":{"line":4,"column":8},"end":{"line":4,"column":48}},{"start":{"line":4,"column":8},"end":{"line":4,"column":48}}],"line":4},"3":{"loc":{"start":{"line":6,"column":9},"end":{"line":8,"column":5}},"type":"if","locations":[{"start":{"line":6,"column":9},"end":{"line":8,"column":5}},{"start":{"line":6,"column":9},"end":{"line":8,"column":5}}],"line":6},"4":{"loc":{"start":{"line":6,"column":13},"end":{"line":6,"column":55}},"type":"binary-expr","locations":[{"start":{"line":6,"column":13},"end":{"line":6,"column":41}},{"start":{"line":6,"column":45},"end":{"line":6,"column":55}}],"line":6}},"s":{"0":1,"1":1,"2":1,"3":1,"4":0,"5":0,"6":0,"7":1,"8":1,"9":1,"10":1,"11":0,"12":0,"13":0,"14":1,"15":0,"16":0,"17":0,"18":0,"19":1,"20":1},"f":{"0":1,"1":1,"2":1,"3":4,"4":0,"5":0},"b":{"0":[1,0],"1":[1,1],"2":[0,1],"3":[0,0],"4":[0,0]},"_coverageSchema":"43e27e138ebf9cfc5966b082cf9a028302ed4184","hash":"83853be08ede1ab1febef08c7e73b8c68305a31e","contentHash":"05f8d768593ef3677d1a98a123817353307f8dcab5dded1f9d5c93103a591c58"},"/home/vit/Projects/medme-ehr-api/ts/src/types/AppointmentConfirmationStatus.ts":{"path":"/home/vit/Projects/medme-ehr-api/ts/src/types/AppointmentConfirmationStatus.ts","statementMap":{"0":{"start":{"line":1,"column":0},"end":{"line":22,"column":3}},"1":{"start":{"line":2,"column":4},"end":{"line":8,"column":5}},"2":{"start":{"line":3,"column":16},"end":{"line":3,"column":41}},"3":{"start":{"line":4,"column":8},"end":{"line":4,"column":48}},"4":{"start":{"line":4,"column":29},"end":{"line":4,"column":48}},"5":{"start":{"line":6,"column":9},"end":{"line":8,"column":5}},"6":{"start":{"line":7,"column":8},"end":{"line":7,"column":48}},"7":{"start":{"line":11,"column":4},"end":{"line":11,"column":66}},"8":{"start":{"line":12,"column":4},"end":{"line":12,"column":51}},"9":{"start":{"line":14,"column":4},"end":{"line":20,"column":126}},"10":{"start":{"line":15,"column":8},"end":{"line":15,"column":100}},"11":{"start":{"line":16,"column":8},"end":{"line":16,"column":116}},"12":{"start":{"line":17,"column":8},"end":{"line":17,"column":120}},"13":{"start":{"line":18,"column":8},"end":{"
[...]
line":167,"column":32},"end":{"line":167,"column":50}},"150":{"start":{"line":168,"column":32},"end":{"line":168,"column":110}},"151":{"start":{"line":169,"column":32},"end":{"line":169,"column":56}},"152":{"start":{"line":170,"column":36},"end":{"line":170,"column":58}}},"fnMap":{"0":{"name":"(anonymous_0)","decl":{"start":{"line":1,"column":44},"end":{"line":1,"column":45}},"loc":{"start":{"line":1,"column":89},"end":{"line":9,"column":1}},"line":1},"1":{"name":"adopt","decl":{"start":{"line":2,"column":13},"end":{"line":2,"column":18}},"loc":{"start":{"line":2,"column":26},"end":{"line":2,"column":112}},"line":2},"2":{"name":"(anonymous_2)","decl":{"start":{"line":2,"column":70},"end":{"line":2,"column":71}},"loc":{"start":{"line":2,"column":89},"end":{"line":2,"column":108}},"line":2},"3":{"name":"(anonymous_3)","decl":{"start":{"line":3,"column":36},"end":{"line":3,"column":37}},"loc":{"start":{"line":3,"column":63},"end":{"line":8,"column":5}},"line":3},"4":{"name":"fulfilled","decl":{"start":{"line":4,"column":17},"end":{"line":4,"column":26}},"loc":{"start":{"line":4,"column":34},"end":{"line":4,"column":99}},"line":4},"5":{"name":"rejected","decl":{"start":{"line":5,"column":17},"end":{"line":5,"column":25}},"loc":{"start":{"line":5,"column":33},"end":{"line":5,"column":102}},"line":5},"6":{"name":"step","decl":{"start":{"line":6,"column":17},"end":{"line":6,"column":21}},"loc":{"start":{"line":6,"column":30},"end":{"line":6,"column":118}},"line":6},"7":{"name":"(anonymous_7)","decl":{"start":{"line":10,"column":48},"end":{"line":10,"column":49}},"loc":{"start":{"line":10,"column":73},"end":{"line":36,"column":1}},"line":10},"8":{"name":"(anonymous_8)","decl":{"start":{"line":11,"column":30},"end":{"line":11,"column":31}},"loc":{"start":{"line":11,"column":41},"end":{"line":11,"column":83}},"line":11},"9":{"name":"(anonymous_9)","decl":{"start":{"line":12,"column":125},"end":{"line":12,"column":126}},"loc":{"start":{"line":12,"column":136},"end":{"line":12,"column":152}},"line":12},"10":{"name":"verb","decl":{"start":{"line":13,"column":13},"end":{"line":13,"column":17}},"loc":{"start":{"line":13,"column":21},"end":{"line":13,"column":70}},"line":13},"11":{"name":"(anonymous_11)","decl":{"start":{"line":13,"column":30},"end":{"line":13,"column":31}},"loc":{"start":{"line":13,"column":43},"end":{"line":13,"column":67}},"line":13},"12":{"name":"step","decl":{"start":{"line":14,"column":13},"end":{"line":14,"column":17}},"loc":{"start":{"line":14,"column":22},"end":{"line":35,"column":5}},"line":14},"13":{"name":"(anonymous_13)","decl":{"start":{"line":37,"column":1},"end":{"line":37,"column":2}},"loc":{"start":{"line":37,"column":20},"end":{"line":45,"column":1}},"line":37},"14":{"name":"(anonymous_14)","decl":{"start":{"line":45,"column":3},"end":{"line":45,"column":4}},"loc":{"start":{"line":45,"column":31},"end":{"line":177,"column":1}},"line":45},"15":{"name":"(anonymous_15)","decl":{"start":{"line":54,"column":29},"end":{"line":54,"column":30}},"loc":{"start":{"line":54,"column":41},"end":{"line":176,"column":5}},"line":54},"16":{"name":"(anonymous_16)","decl":{"start":{"line":55,"column":38},"end":{"line":55,"column":39}},"loc":{"start":{"line":55,"column":50},"end":{"line":92,"column":9}},"line":55},"17":{"name":"(anonymous_17)","decl":{"start":{"line":57,"column":31},"end":{"line":57,"column":32}},"loc":{"start":{"line":57,"column":43},"end":{"line":72,"column":13}},"line":57},"18":{"name":"(anonymous_18)","decl":{"start":{"line":58,"column":55},"end":{"line":58,"column":56}},"loc":{"start":{"line":58,"column":67},"end":{"line":71,"column":17}},"line":58},"19":{"name":"(anonymous_19)","decl":{"start":{"line":60,"column":45},"end":{"line":60,"column":46}},"loc":{"start":{"line":60,"column":59},"end":{"line":70,"column":21}},"line":60},"20":{"name":"(anonymous_20)","decl":{"start":{"line":73,"column":42},"end":{"line":73,"column":43}},"loc":{"start":{"line":73,"column":54},"end":{"line":91,"column":13}},"line":73},"21":{"name":"(anonymous_21)","decl":{"start":{"line":74,"column":55},"end":{"line":74,"column":56}},"loc":{"start":{"line":74,"column":67},"end":{"line":90,"column":17}},"line":74},"22":{"name":"(anonymous_22)","decl":{"start":{"line":76,"column":45},"end":{"line":76,"column":46}},"loc":{"start":{"line":76,"column":59},"end":{"line":89,"column":21}},"line":76},"23":{"name":"loggedInService","decl":{"start":{"line":93,"column":17},"end":{"line":93,"column":32}},"loc":{"start":{"line":93,"column":35},"end":{"line":108,"column":9}},"line":93},"24":{"name":"(anonymous_24)","decl":{"start":{"line":94,"column":51},"end":{"line":94,"column":52}},"loc":{"start":{"line":94,"column":63},"end":{"line":107,"column":13}},"line":94},"25":{"name":"(anonymous_25)","decl":{"start":{"line":96,"column":41},"end":{"line":96,"column":42}},"loc":{"start":{"line":96,"column":55},"end":{"line":106,"column":17}},"line":96},"26":{"name":"(anonymous_26)","decl":{"start":{"line":109,"column":36},"end":{"line":109,"column":37}},"loc":{"start":{"line":109,"column":48},"end":{"line":175,"column":9}},"line":109},"27":{"name":"(anonymous_27)","decl":{"start":{"line":110,"column":31},"end":{"line":110,"column":32}},"loc":{"start":{"line":110,"column":43},"end":{"line":127,"column":13}},"line":110},"28":{"name":"(anonymous_28)","decl":{"start":{"line":111,"column":55},"end":{"line":111,"column":56}},"loc":{"start":{"line":111,"column":67},"end":{"line":126,"column":17}},"line":111},"29":{"name":"(anonymous_29)","decl":{"start":{"line":113,"column":45},"end":{"line":113,"column":46}},"loc":{"start":{"line":113,"column":59},"end":{"line":125,"column":21}},"line":113},"30":{"name":"(anonymous_30)","decl":{"start":{"line":128,"column":42},"end":{"line":128,"column":43}},"loc":{"start":{"line":128,"column":54},"end":{"line":148,"column":13}},"line":128},"31":{"name":"(anonymous_31)","decl":{"start":{"line":129,"column":55},"end":{"line":129,"column":56}},"loc":{"start":{"line":129,"column":67},"end":{"line":147,"column":17}},"line":129},"32":{"name":"(anonymous_32)","decl":{"start":{"line":131,"column":45},"end":{"line":131,"column":46}},"loc":{"start":{"line":131,"column":59},"end":{"line":146,"column":21}},"line":131},"33":{"name":"(anonymous_33)","decl":{"start":{"line":149,"column":47},"end":{"line":149,"column":48}},"loc":{"start":{"line":149,"column":59},"end":{"line":174,"column":13}},"line":149},"34":{"name":"(anonymous_34)","decl":{"start":{"line":150,"column":55},"end":{"line":150,"column":56}},"loc":{"start":{"line":150,"column":67},"end":{"line":173,"column":17}},"line":150},"35":{"name":"(anonymous_35)","decl":{"start":{"line":152,"column":45},"end":{"line":152,"column":46}},"loc":{"start":{"line":152,"column":59},"end":{"line":172,"column":21}},"line":152}},"branchMap":{"0":{"loc":{"start":{"line":1,"column":16},"end":{"line":9,"column":1}},"type":"binary-expr","locations":[{"start":{"line":1,"column":17},"end":{"line":1,"column":21}},{"start":{"line":1,"column":25},"end":{"line":1,"column":39}},{"start":{"line":1,"column":44},"end":{"line":9,"column":1}}],"line":1},"1":{"loc":{"start":{"line":2,"column":35},"end":{"line":2,"column":109}},"type":"cond-expr","locations":[{"start":{"line":2,"column":56},"end":{"line":2,"column":61}},{"start":{"line":2,"column":64},"end":{"line":2,"column":109}}],"line":2},"2":{"loc":{"start":{"line":3,"column":16},"end":{"line":3,"column":34}},"type":"binary-expr","locations":[{"start":{"line":3,"column":16},"end":{"line":3,"column":17}},{"start":{"line":3,"column":22},"end":{"line":3,"column":33}}],"line":3},"3":{"loc":{"start":{"line":6,"column":32},"end":{"line":6,"column":115}},"type":"cond-expr","locations":[{"start":{"line":6,"column":46},"end":{"line":6,"column":67}},{"start":{"line":6,"column":70},"end":{"line":6,"column":115}}],"line":6},"4":{"loc":{"start":{"line":7,"column":51},"end":{"line":7,"column":67}},"type":"binary-expr","locations":[{"start":{"line":7,"column":51},"end":{"line":7,"column":61}},{"start":{"line":7,"column":65},"end":{"line":7,"column":67}}],"line":7},"5":{"loc":{"start":{"line":10,"column":18},"end":{"line":36,"column":1}},"type":"binary-expr","locations":[{"start":{"line":10,"column":19},"end":{"line":10,"column":23}},{"start":{"line":10,"column":27},"end":{"line":10,"column":43}},{"start":{"line":10,"column":48},"end":{"line":36,"column":1}}],"line":10},"6":{"loc":{"start":{"line":11,"column":43},"end":{"line":11,"column":68}},"type":"if","locations":[{"start":{"line":11,"column":43},"end":{"line":11,"column":68}},{"start":{"line":11,"column":43},"end":{"line":11,"column":68}}],"line":11},"7":{"loc":{"start":{"line":12,"column":71},"end":{"line":12,"column":153}},"type":"binary-expr","locations":[{"start":{"line":12,"column":71},"end":{"line":12,"column":99}},{"start":{"line":12,"column":104},"end":{"line":12,"column":152}}],"line":12},"8":{"loc":{"start":{"line":15,"column":8},"end":{"line":15,"column":70}},"type":"if","locations":[{"start":{"line":15,"column":8},"end":{"line":15,"column":70}},{"start":{"line":15,"column":8},"end":{"line":15,"column":70}}],"line":15},"9":{"loc":{"start":{"line":17,"column":12},"end":{"line":17,"column":169}},"type":"if","locations":[{"start":{"line":17,"column":12},"end":{"line":17,"column":169}},{"start":{"line":17,"column":12},"end":{"line":17,"column":169}}],"line":17},"10":{"loc":{"start":{"line":17,"column":23},"end":{"line":17,"column":158}},"type":"binary-expr","locations":[{"start":{"line":17,"column":23},"end":{"line":17,"column":24}},{"start":{"line":17,"column":29},"end":{"line":17,"column":125}},{"start":{"line":17,"column":130},"end":{"line":17,"column":158}}],"line":17},"11":{"loc":{"start":{"line":17,"column":33},"end":{"line":17,"column":125}},"type":"cond-expr","locations":[{"start":{"line":17,"column":45},"end":{"line":17,"column":56}},{"start":{"line":17,"column":59},"end":{"line":17,"column":125}}],"line":17},"12":{"loc":{"start":{"line":17,"column":59},"end":{"line":17,"column":125}},"type":"cond-expr","locations":[{"start":{"line":17,"column":67},"end":{"line":17,"column":116}},{"start":{"line":17,"column":119},"end":{"line":17,"column":125}}],"line":17},"13":{"loc":{"start":{"line":17,"column":67},"end":{"line":17,"column":116}},"type":"binary-expr","locations":[{"start":{"line":17,"column":67},"end":{"line":17,"column":77}},{"start":{"line":17,"column":82},"end":{"line":17,"column":115}}],"line":17},"14":{"loc":{"start":{"line":17,"column":82},"end":{"line":17,"column":112}},"type":"binary-expr","locations":[{"start":{"line":17,"column":83},"end":{"line":17,"column":98}},{"start":{"line":17,"column":103},"end":{"line":17,"column":112}}],"line":17},"15":{"loc":{"start":{"line":18,"column":12},"end":{"line":18,"column":52}},"type":"if","locations":[{"start":{"line":18,"column":12},"end":{"line":18,"column":52}},{"start":{"line":18,"column":12},"end":{"line":18,"column":52}}],"line":18},"16":{"loc":{"start":{"line":19,"column":12},"end":{"line":31,"column":13}},"type":"switch","locations":[{"start":{"line":20,"column":16},"end":{"line":20,"column":23}},{"start":{"line":20,"column":24},"end":{"line":20,"column":46}},{"start":{"line":21,"column":16},"end":{"line":21,"column":72}},{"start":{"line":22,"column":16},"end":{"line":22,"column":65}},{"start":{"line":23,"column":16},"end":{"line":23,"column":65}},{"start":{"line":24,"column":16},"end":{"line":30,"column":43}}],"line":19},"17":{"loc":{"start":{"line":25,"column":20},"end":{"line":25,"column":128}},"type":"if","locations":[{"start":{"line":25,"column":20},"end":{"line":25,"column":128}},{"start":{"line":25,"column":20},"end":{"line":25,"column":128}}],"line":25},"18":{"loc":{"start":{"line":25,"column":24},"end":{"line":25,"column":106}},"type":"binary-expr","locations":[{"start":{"line":25,"column":24},"end":{"line":25,"column":74}},{"start":{"line":25,"column":79},"end":{"line":25,"column":90}},{"start":{"line":25,"column":94},"end":{"line":25,"column":105}}],"line":25},"19":{"loc":{"start":{"line":25,"column":42},"end":{"line":25,"column":73}},"type":"binary-expr","locations":[{"start":{"line":25,"column":42},"end":{"line":25,"column":54}},{"start":{"line":25,"column":58},"end":{"line":25,"column":73}}],"line":25},"20":{"loc":{"start":{"line":26,"column":20},"end":{"line":26,"column":106}},"type":"if","locations":[{"start":{"line":26,"column":20},"end":{"line":26,"column":106}},{"start":{"line":26,"column":20},"end":{"line":26,"column":106}}],"line":26},"21":{"loc":{"start":{"line":26,"column":24},"end":{"line":26,"column":77}},"type":"binary-expr","locations":[{"start":{"line":26,"column":24},"end":{"line":26,"column":35}},{"start":{"line":26,"column":40},"end":{"line":26,"column":42}},{"start":{"line":26,"column":47},"end":{"line":26,"column":59}},{"start":{"line":26,"column":63},"end":{"line":26,"column":75}}],"line":26},"22":{"loc":{"start":{"line":27,"column":20},"end":{"line":27,"column":89}},"type":"if","locations":[{"start":{"line":27,"column":20},"end":{"line":27,"column":89}},{"start":{"line":27,"column":20},"end":{"line":27,"column":89}}],"line":27},"23":{"loc":{"start":{"line":27,"column":24},"end":{"line":27,"column":53}},"type":"binary-expr","locations":[{"start":{"line":27,"column":24},"end":{"line":27,"column":35}},{"start":{"line":27,"column":39},"end":{"line":27,"column":53}}],"line":27},"24":{"loc":{"start":{"line":28,"column":20},"end":{"line":28,"column":87}},"type":"if","locations":[{"start":{"line":28,"column":20},"end":{"line":28,"column":87}},{"start":{"line":28,"column":20},"end":{"line":28,"column":87}}],"line":28},"25":{"loc":{"start":{"line":28,"column":24},"end":{"line":28,"column":43}},"type":"binary-expr","locations":[{"start":{"line":28,"column":24},"end":{"line":28,"column":25}},{"start":{"line":28,"column":29},"end":{"line":28,"column":43}}],"line":28},"26":{"loc":{"start":{"line":29,"column":20},"end":{"line":29,"column":42}},"type":"if","locations":[{"start":{"line":29,"column":20},"end":{"line":29,"column":42}},{"start":{"line":29,"column":20},"end":{"line":29,"column":42}}],"line":29},"27":{"loc":{"start":{"line":34,"column":8},"end":{"line":34,"column":35}},"type":"if","locations":[{"start":{"line":34,"column":8},"end":{"line":34,"column":35}},{"start":{"line":34,"column":8},"end":{"line":34,"column":35}}],"line":34},"28":{"loc":{"start":{"line":34,"column":52},"end":{"line":34,"column":74}},"type":"cond-expr","locations":[{"start":{"line":34,"column":60},"end":{"line":34,"column":65}},{"start":{"line":34,"column":68},"end":{"line":34,"column":74}}],"line":34},"29":{"loc":{"start":{"line":38,"column":4},"end":{"line":44,"column":5}},"type":"if","locations":[{"start":{"line":38,"column":4},"end":{"line":44,"column":5}},{"start":{"line":38,"column":4},"end":{"line":44,"column":5}}],"line":38},"30":{"loc":{"start":{"line":38,"column":8},"end":{"line":38,"column":72}},"type":"binary-expr","locations":[{"start":{"line":38,"column":8},"end":{"line":38,"column":34}},{"start":{"line":38,"column":38},"end":{"line":38,"column":72}}],"line":38},"31":{"loc":{"start":{"line":40,"column":8},"end":{"line":40,"column":48}},"type":"if","locations":[{"start":{"line":40,"column":8},"end":{"line":40,"column":48}},{"start":{"line":40,"column":8},"end":{"line":40,"column":48}}],"line":40},"32":{"loc":{"start":{"line":42,"column":9},"end":{"line":44,"column":5}},"type":"if","locations":[{"start":{"line":42,"column":9},"end":{"line":44,"column":5}},{"start":{"line":42,"column":9},"end":{"line":44,"column":5}}],"line":42},"33":{"loc":{"start":{"line":42,"column":13},"end":{"line":42,"column":55}},"type":"binary-expr","locations":[{"start":{"line":42,"column":13},"end":{"line":42,"column":41}},{"start":{"line":42,"column":45},"end":{"line":42,"column":55}}],"line":42},"34":{"loc":{"start":{"line":61,"column":24},"end":{"line":69,"column":25}},"type":"switch","locations":[{"start":{"line":62,"column":28},"end":{"line":64,"column":93}},{"start":{"line":65,"column":28},"end":{"line":68,"column":54}}],"line":61},"35":{"loc":{"start":{"line":77,"column":24},"end":{"line":88,"column":25}},"type":"switch","locations":[{"start":{"line":78,"column":28},"end":{"line":80,"column":105}},{"start":{"line":81,"column":28},"end":{"line":87,"column":54}}],"line":77},"36":{"loc":{"start":{"line":97,"column":20},"end":{"line":105,"column":21}},"type":"switch","locations":[{"start":{"line":98,"column":24},"end":{"line":101,"column":91}},{"start":{"line":102,"column":24},"end":{"line":104,"column":162}}],"line":97},"37":{"loc":{"start":{"line":114,"column":24},"end":{"line":124,"column":25}},"type":"switch","locations":[{"start":{"line":115,"column":28},"end":{"line":115,"column":76}},{"start":{"line":116,"column":28},"end":{"line":119,"column":93}},{"start":{"line":120,"column":28},"end":{"line":123,"column":54}}],"line":114},"38":{"loc":{"start":{"line":132,"column":24},"end":{"line":145,"column":25}},"type":"switch","locations":[{"start":{"line":133,"column":28},"end":{"line":133,"column":76}},{"start":{"line":134,"column":28},"end":{"line":137,"column":105}},{"start":{"line":138,"column":28},"end":{"line":144,"column":54}}],"line":132},"39":{"loc":{"start":{"line":153,"column":24},"end":{"line":171,"column":25}},"type":"switch","locations":[{"start":{"line":154,"column":28},"end":{"line":154,"column":76}},{"start":{"line":155,"column":28},"end":{"line":158,"column":45}},{"start":{"line":159,"column":28},"end":{"line":161,"column":105}},{"start":{"line":162,"column":28},"end":{"line":165,"column":56}},{"start":{"line":166,"column":28},"end":{"line":169,"column":56}},{"start":{"line":170,"column":28},"end":{"line":170,"column":58}}],"line":153},"40":{"loc":{"start":{"line":168,"column":39},"end":{"line":168,"column":108}},"type":"binary-expr","locations":[{"start":{"line":168,"column":39},"end":{"line":168,"column":44}},{"start":{"line":168,"column":48},"end":{"line":168,"column":108}}],"line":168}},"s":{"0":1,"1":11,"2":0,"3":8,"4":10,"5":10,"6":0,"7":1,"8":1,"9":0,"10":19,"11":8,"12":1,"13":8,"14":12,"15":1,"16":11,"17":8,"18":0,"19":24,"20":19,"21":19,"22":0,"23":19,"24":41,"25":41,"26":0,"27":41,"28":0,"29":41,"30":19,"31":19,"32":11,"33":11,"34":0,"35":0,"36":0,"37":0,"38":0,"39":0,"40":0,"41":11,"42":8,"43":8,"44":3,"45":1,"46":1,"47":2,"48":1,"49":1,"50":1,"51":1,"52":0,"53":0,"54":0,"55":1,"56":0,"57":1,"58":1,"59":21,"60":1,"61":1,"62":41,"63":8,"64":0,"65":8,"66":1,"67":1,"68":1,"69":1,"70":0,"71":0,"72":0,"73":1,"74":1,"75":1,"76":1,"77":1,"78":1,"79":1,"80":1,"81":1,"82":1,"83":1,"84":1,"85":1,"86":2,"87":1,"88":1,"89":1,"90":1,"91":1,"92":1,"93":1,"94":1,"95":2,"96":1,"97":1,"98":1,"99":1,"100":1,"101":1,"102":1,"103":3,"104":3,"105":6,"106":3,"107":3,"108":3,"109":3,"110":3,"111":1,"112":1,"113":1,"114":1,"115":3,"116":1,"117":1,"118":1,"119":1,"120":1,"121":1,"122":1,"123":1,"124":1,"125":1,"126":3,"127":1,"128":1,"129":1,"130":1,"131":1,"132":1,"133":1,"134":1,"135":1,"136":1,"137":1,"138":1,"139":5,"140":1,"141":1,"142":1,"143":1,"144":1,"145":1,"146":1,"147":0,"148":0,"149":1,"150":1,"151":1,"152":1},"f":{"0":8,"1":11,"2":0,"3":8,"4":10,"5":1,"6":19,"7":8,"8":12,"9":0,"10":24,"11":19,"12":19,"13":1,"14":1,"15":1,"16":1,"17":1,"18":1,"19":2,"20":1,"21":1,"22":2,"23":3,"24":3,"25":6,"26":1,"27":1,"28":1,"29":3,"30":1,"31":1,"32":3,"33":1,"34":1,"35":5},"b":{"0":[1,1,1],"1":[11,0],"2":[8,8],"3":[8,11],"4":[8,8],"5":[1,1,1],"6":[1,11],"7":[8,8],"8":[0,19],"9":[0,41],"10":[41,0,0],"11":[0,0],"12":[0,0],"13":[0,0],"14":[0,0],"15":[0,41],"16":[18,19,11,0,0,11],"17":[8,3],"18":[11,9,9],"19":[11,2],"20":[1,2],"21":[3,2,1,1],"22":[1,1],"23":[2,1],"24":[0,1],"25":[1,1],"26":[0,1],"27":[0,8],"28":[8,0],"29":[1,0],"30":[1,1],"31":[0,1],"32":[0,0],"33":[0,0],"34":[1,1],"35":[1,1],"36":[3,3],"37":[1,1,1],"38":[1,1,1],"39":[1,1,1,1,1,1],"40":[1,1]},"_coverageSchema":"43e27e138ebf9cfc5966b082cf9a028302ed4184","hash":"b4021ff3f0c37888058e279ceb20cb4e22b46f11","contentHash":"3ebea23eefc1adf1ec9e708a38f607d82167150226b9e1766aff79e8c614c4b0"}}