TN:
SF:/home/vit/Projects/medme-ehr-api/ts/src/Handlers.ts
FN:2,Handlers
FNF:1
FNH:0
FNDA:0,Handlers
DA:2,1
DA:3,1
DA:4,1
DA:5,1
DA:6,1
DA:7,1
DA:8,1
DA:9,1
DA:10,1
DA:11,1
DA:12,1
DA:13,1
DA:14,1
DA:15,1
DA:16,1
DA:17,1
DA:18,1
DA:19,1
DA:20,1
DA:22,1
DA:23,1
DA:24,1
DA:25,1
DA:26,1
DA:27,1
DA:28,1
DA:29,1
DA:30,1
DA:31,1
DA:33,1
DA:34,1
DA:40,1
LF:32
LH:32
BRF:0
BRH:0
end_of_record
TN:
SF:/home/vit/Projects/medme-ehr-api/ts/src/formatters/SimpleTextFormatter.ts
FN:15,alignStrings
FN:23,(anonymous_3)
FN:26,formatObject
FN:28,(anonymous_5)
FN:32,(anonymous_6)
FN:33,(anonymous_7)
FN:45,paragrathes
FN:54,paragrathes_nl
FN:62,(anonymous_10)
FN:66,(anonymous_11)
FN:78,SimpleTextFormatter
FN:83,(anonymous_14)
FN:104,(anonymous_15)
FN:105,(anonymous_16)
FN:117,(anonymous_17)
FN:121,(anonymous_18)
FN:125,(anonymous_19)
FN:129,(anonymous_20)
FN:130,(anonymous_21)
FN:144,(anonymous_22)
FN:146,(anonymous_23)
FN:149,(anonymous_24)
FN:171,(anonymous_25)
FN:175,(anonymous_26)
FN:176,(anonymous_27)
FN:179,(anonymous_28)
FN:194,(anonymous_29)
FN:195,(anonymous_30)
FN:198,(anonymous_31)
FN:203,(anonymous_32)
FN:204,(anonymous_33)
FN:207,(anonymous_34)
FN:211,(anonymous_35)
FN:215,(anonymous_36)
FN:218,(anonymous_37)
FN:223,(anonymous_38)
FN:229,(anonymous_39)
FN:244,(anonymous_40)
FN:249,(anonymous_41)
FN:252,(anonymous_42)
FN:253,(anonymous_43)
FN:255,(anonymous_44)
FN:257,(anonymous_45)
FN:257,(anonymous_46)
FN:259,(anonymous_47)
FN:271,(anonymous_48)
FNF:46
FNH:15
FNDA:2,alignStrings
FNDA:15,(anonymous_3)
FNDA:2,formatObject
FNDA:18,(anonymous_5)
FNDA:18,(anonymous_6)
FNDA:18,(anonymous_7)
FNDA:0,paragrathes
FNDA:0,paragrathes_nl
FNDA:6,(anonymous_10)
FNDA:0,(anonymous_11)
FNDA:2,SimpleTextFormatter
FNDA:1,(anonymous_14)
FNDA:0,(anonymous_15)
FNDA:0,(anonymous_16)
FNDA:0,(anonymous_17)
FNDA:0,(anonymous_18)
FNDA:2,(anonymous_19)
FNDA:0,(anonymous_20)
FNDA:0,(anonymous_21)
FNDA:0,(anonymous_22)
FNDA:0,(anonymous_23)
FNDA:0,(anonymous_24)
FNDA:0,(anonymous_25)
FNDA:0,(anonymous_26)
FNDA:0,(anonymous_27)
FNDA:1,(anonymous_28)
FNDA:1,(anonymous_29)
FNDA:1,(anonymous_30)
FNDA:1,(anonymous_31)
FNDA:0,(anonymous_32)
FNDA:0,(anonymous_33)
FNDA:0,(anonymous_34)
FNDA:0,(anonymous_35)
FNDA:0,(anonymous_36)
FNDA:1,(anonymous_37)
FNDA:0,(anonymous_38)
FNDA:0,(anonymous_39)
FNDA:0,(anonymous_40)
FNDA:0,(anonymous_41)
FNDA:0,(anonymous_42)
FNDA:0,(anonymous_43)
FNDA:0,(anonymous_44)
FNDA:0,(anonymous_45)
FNDA:0,(anonymous_46)
FNDA:0,(anonymous_47)
FNDA:0,(anonymous_48)
DA:13,1
DA:17,2
DA:18,2
DA:19,15
DA:20,6
DA:23,15
DA:27,2
DA:28,2
DA:29,18
DA:30,18
DA:32,18
DA:33,2
DA:34,18
DA:35,6
DA:36,12
DA:37,7
DA:39,5
DA:41,2
DA:42,2
DA:46,0
DA:47,0
DA:49,0
DA:50,0
DA:51,0
DA:55,0
DA:56,0
DA:57,0
DA:62,1
DA:63,6
DA:66,1
DA:67,0
DA:69,1
DA:70,1
DA:78,4
DA:79,2
DA:80,2
DA:83,2
DA:84,1
DA:101,1
DA:104,1
DA:105,0
DA:106,0
DA:108,0
DA:109,0
DA:112,0
DA:114,0
DA:117,1
DA:118,0
DA:121,1
DA:122,0
DA:125,2
DA:126,2
DA:129,1
DA:130,0
DA:131,0
DA:133,0
DA:134,0
DA:137,0
DA:138,0
DA:141,0
DA:144,1
DA:145,0
DA:146,0
DA:149,1
DA:150,0
DA:168,0
DA:171,1
DA:172,0
DA:175,1
DA:176,0
DA:179,1
DA:180,1
DA:191,1
DA:194,1
DA:195,1
DA:198,1
DA:199,1
DA:203,1
DA:204,0
DA:207,1
DA:208,0
DA:211,1
DA:212,0
DA:215,1
DA:216,0
DA:218,1
DA:219,1
DA:223,1
DA:224,0
DA:225,0
DA:229,0
DA:244,0
DA:249,0
DA:252,1
DA:253,0
DA:255,1
DA:256,0
DA:257,0
DA:259,1
DA:261,0
DA:262,0
DA:264,0
DA:266,0
DA:269,0
DA:270,0
DA:271,0
DA:274,0
DA:277,0
DA:279,1
LF:109
LH:58
BRDA:19,0,0,6
BRDA:19,0,1,9
BRDA:34,1,0,6
BRDA:34,1,1,12
BRDA:34,2,0,18
BRDA:34,2,1,18
BRDA:34,2,2,7
BRDA:36,3,0,7
BRDA:36,3,1,5
BRDA:46,4,0,0
BRDA:46,4,1,0
BRDA:49,5,0,0
BRDA:49,5,1,0
BRDA:49,6,0,0
BRDA:49,6,1,0
BRDA:49,6,2,0
BRDA:55,7,0,0
BRDA:55,7,1,0
BRDA:63,8,0,0
BRDA:63,8,1,6
BRDA:78,9,0,2
BRDA:78,9,1,0
BRDA:83,10,0,1
BRDA:83,10,1,0
BRDA:109,11,0,0
BRDA:109,11,1,0
BRDA:125,12,0,0
BRDA:125,12,1,2
BRDA:131,13,0,0
BRDA:131,13,1,0
BRDA:133,14,0,0
BRDA:133,14,1,0
BRDA:136,15,0,0
BRDA:136,15,1,0
BRDA:136,15,2,0
BRDA:137,16,0,0
BRDA:137,16,1,0
BRDA:138,17,0,0
BRDA:138,17,1,0
BRDA:172,18,0,0
BRDA:172,18,1,0
BRDA:223,19,0,0
BRDA:223,19,1,0
BRDA:234,20,0,0
BRDA:234,20,1,0
BRDA:233,21,0,0
BRDA:233,21,1,0
BRDA:238,22,0,0
BRDA:238,22,1,0
BRDA:237,23,0,0
BRDA:237,23,1,0
BRDA:242,24,0,0
BRDA:242,24,1,0
BRDA:241,25,0,0
BRDA:241,25,1,0
BRDA:247,26,0,0
BRDA:247,26,1,0
BRDA:246,27,0,0
BRDA:246,27,1,0
BRDA:261,28,0,0
BRDA:261,28,1,0
BRDA:269,29,0,0
BRDA:269,29,1,0
BRDA:270,30,0,0
BRDA:270,30,1,0
BRF:65
BRH:13
end_of_record
TN:
SF:/home/vit/Projects/medme-ehr-api/ts/src/formatters/l10n/en-us.ts
FNF:0
FNH:0
DA:1,1
LF:1
LH:1
BRF:0
BRH:0
end_of_record
TN:
SF:/home/vit/Projects/medme-ehr-api/ts/src/formatters/l10n/index.ts
FNF:0
FNH:0
DA:1,1
DA:2,1
DA:4,1
LF:3
LH:3
BRF:0
BRH:0
end_of_record
TN:
SF:/home/vit/Projects/medme-ehr-api/ts/src/formatters/l10n/ru-ru.ts
FNF:0
FNH:0
DA:1,1
LF:1
LH:1
BRF:0
BRH:0
end_of_record
TN:
SF:/home/vit/Projects/medme-ehr-api/ts/src/models/AppointmentModel.ts
FN:7,copyCommonPropertiesFromJson
FN:25,(anonymous_3)
FN:41,AppointmentModel
FN:43,(anonymous_5)
FN:44,(anonymous_6)
FN:45,(anonymous_7)
FN:46,(anonymous_8)
FN:47,(anonymous_9)
FN:48,(anonymous_10)
FN:49,(anonymous_11)
FN:50,(anonymous_12)
FN:51,(anonymous_13)
FN:52,(anonymous_14)
FN:53,(anonymous_15)
FN:54,(anonymous_16)
FN:55,(anonymous_17)
FN:56,(anonymous_18)
FN:62,(anonymous_19)
FN:78,(anonymous_20)
FNF:19
FNH:6
FNDA:11,copyCommonPropertiesFromJson
FNDA:1,(anonymous_3)
FNDA:4,AppointmentModel
FNDA:2,(anonymous_5)
FNDA:2,(anonymous_6)
FNDA:0,(anonymous_7)
FNDA:0,(anonymous_8)
FNDA:0,(anonymous_9)
FNDA:0,(anonymous_10)
FNDA:0,(anonymous_11)
FNDA:0,(anonymous_12)
FNDA:0,(anonymous_13)
FNDA:0,(anonymous_14)
FNDA:0,(anonymous_15)
FNDA:0,(anonymous_16)
FNDA:0,(anonymous_17)
FNDA:0,(anonymous_18)
FNDA:4,(anonymous_19)
FNDA:0,(anonymous_20)
DA:7,1
DA:8,11
DA:9,11
DA:11,11
DA:12,11
DA:14,11
DA:15,11
DA:17,11
DA:18,11
DA:25,1
DA:43,2
DA:44,2
DA:45,0
DA:46,0
DA:47,0
DA:48,0
DA:49,0
DA:50,0
DA:51,0
DA:52,0
DA:53,0
DA:54,0
DA:55,0
DA:56,0
DA:62,1
DA:63,4
DA:64,4
DA:65,4
DA:66,4
DA:67,4
DA:68,4
DA:69,4
DA:70,4
DA:71,4
DA:72,4
DA:78,1
DA:85,0
DA:86,0
DA:87,0
DA:88,0
DA:89,0
DA:90,0
DA:91,0
DA:92,0
DA:93,0
DA:94,0
DA:95,0
DA:96,0
DA:97,0
DA:99,1
LF:50
LH:25
BRDA:11,0,0,11
BRDA:11,0,1,0
BRDA:17,1,0,11
BRDA:17,1,1,0
BRF:4
BRH:2
end_of_record
TN:
SF:/home/vit/Projects/medme-ehr-api/ts/src/models/AppointmentResultModel.ts
FN:9,(anonymous_2)
FN:25,AppointmentResultModel
FN:27,(anonymous_4)
FN:28,(anonymous_5)
FN:29,(anonymous_6)
FN:30,(anonymous_7)
FN:31,(anonymous_8)
FN:32,(anonymous_9)
FN:33,(anonymous_10)
FN:34,(anonymous_11)
FN:35,(anonymous_12)
FN:36,(anonymous_13)
FN:37,(anonymous_14)
FN:38,(anonymous_15)
FN:39,(anonymous_16)
FN:40,(anonymous_17)
FN:46,(anonymous_18)
FN:51,(anonymous_19)
FN:52,(anonymous_20)
FN:53,(anonymous_21)
FN:54,(anonymous_22)
FN:62,(anonymous_23)
FN:76,(anonymous_24)
FN:77,(anonymous_25)
FN:78,(anonymous_26)
FN:79,(anonymous_27)
FNF:26
FNH:17
FNDA:1,(anonymous_2)
FNDA:7,AppointmentResultModel
FNDA:2,(anonymous_4)
FNDA:4,(anonymous_5)
FNDA:0,(anonymous_6)
FNDA:3,(anonymous_7)
FNDA:3,(anonymous_8)
FNDA:3,(anonymous_9)
FNDA:3,(anonymous_10)
FNDA:3,(anonymous_11)
FNDA:3,(anonymous_12)
FNDA:3,(anonymous_13)
FNDA:3,(anonymous_14)
FNDA:3,(anonymous_15)
FNDA:3,(anonymous_16)
FNDA:0,(anonymous_17)
FNDA:7,(anonymous_18)
FNDA:15,(anonymous_19)
FNDA:0,(anonymous_20)
FNDA:0,(anonymous_21)
FNDA:7,(anonymous_22)
FNDA:0,(anonymous_23)
FNDA:0,(anonymous_24)
FNDA:0,(anonymous_25)
FNDA:0,(anonymous_26)
FNDA:0,(anonymous_27)
DA:2,1
DA:3,1
DA:9,1
DA:27,2
DA:28,4
DA:29,0
DA:30,3
DA:31,3
DA:32,3
DA:33,3
DA:34,3
DA:35,3
DA:36,3
DA:37,3
DA:38,3
DA:39,3
DA:40,0
DA:46,1
DA:47,7
DA:48,7
DA:49,7
DA:50,7
DA:51,15
DA:52,7
DA:53,7
DA:54,7
DA:55,7
DA:56,7
DA:62,1
DA:69,0
DA:70,0
DA:71,0
DA:72,0
DA:73,0
DA:74,0
DA:75,0
DA:76,0
DA:77,0
DA:78,0
DA:79,0
DA:80,0
DA:81,0
DA:83,1
LF:43
LH:28
BRDA:51,0,0,7
BRDA:51,0,1,0
BRDA:52,1,0,1
BRDA:52,1,1,6
BRDA:53,2,0,7
BRDA:53,2,1,0
BRDA:54,3,0,7
BRDA:54,3,1,0
BRDA:55,4,0,7
BRDA:55,4,1,0
BRDA:76,5,0,0
BRDA:76,5,1,0
BRDA:77,6,0,0
BRDA:77,6,1,0
BRDA:78,7,0,0
BRDA:78,7,1,0
BRDA:79,8,0,0
BRDA:79,8,1,0
BRF:18
BRH:6
end_of_record
TN:
SF:/home/vit/Projects/medme-ehr-api/ts/src/models/DiagnosticReportModel.ts
FN:12,(anonymous_2)
FN:84,DiagnosticReportModel
FN:26,(anonymous_4)
FN:31,(anonymous_5)
FN:36,(anonymous_6)
FN:41,(anonymous_7)
FN:47,(anonymous_8)
FN:52,(anonymous_9)
FN:57,(anonymous_10)
FN:62,(anonymous_11)
FN:67,(anonymous_12)
FN:72,(anonymous_13)
FN:77,(anonymous_14)
FN:82,(anonymous_15)
FN:95,(anonymous_16)
FN:107,(anonymous_17)
FN:121,(anonymous_18)
FN:128,(anonymous_19)
FN:129,(anonymous_20)
FN:133,(anonymous_21)
FNF:20
FNH:5
FNDA:1,(anonymous_2)
FNDA:4,DiagnosticReportModel
FNDA:2,(anonymous_4)
FNDA:0,(anonymous_5)
FNDA:0,(anonymous_6)
FNDA:0,(anonymous_7)
FNDA:0,(anonymous_8)
FNDA:0,(anonymous_9)
FNDA:0,(anonymous_10)
FNDA:0,(anonymous_11)
FNDA:0,(anonymous_12)
FNDA:0,(anonymous_13)
FNDA:0,(anonymous_14)
FNDA:0,(anonymous_15)
FNDA:4,(anonymous_16)
FNDA:4,(anonymous_17)
FNDA:0,(anonymous_18)
FNDA:0,(anonymous_19)
FNDA:0,(anonymous_20)
FNDA:0,(anonymous_21)
DA:2,1
DA:3,1
DA:6,1
DA:7,1
DA:12,1
DA:26,2
DA:31,0
DA:36,0
DA:41,0
DA:47,0
DA:52,0
DA:57,0
DA:62,0
DA:67,0
DA:72,0
DA:77,0
DA:82,0
DA:85,4
DA:86,4
DA:87,4
DA:88,4
DA:89,4
DA:90,4
DA:91,4
DA:92,4
DA:95,1
DA:96,4
DA:97,4
DA:98,4
DA:99,4
DA:100,4
DA:102,4
DA:103,4
DA:104,4
DA:105,19
DA:107,4
DA:108,4
DA:109,4
DA:110,4
DA:112,4
DA:113,4
DA:114,4
DA:115,4
DA:117,4
DA:119,4
DA:121,1
DA:122,0
DA:123,0
DA:124,0
DA:125,0
DA:126,0
DA:127,0
DA:128,0
DA:129,0
DA:130,0
DA:131,0
DA:132,0
DA:133,0
DA:134,0
DA:135,0
DA:137,1
LF:61
LH:36
BRDA:103,0,0,4
BRDA:103,0,1,0
BRDA:107,1,0,4
BRDA:107,1,1,0
BRDA:108,2,0,4
BRDA:108,2,1,0
BRDA:109,3,0,4
BRDA:109,3,1,0
BRDA:110,4,0,4
BRDA:110,4,1,0
BRDA:113,5,0,4
BRDA:113,5,1,0
BRDA:126,6,0,0
BRDA:126,6,1,0
BRDA:128,7,0,0
BRDA:128,7,1,0
BRDA:129,8,0,0
BRDA:129,8,1,0
BRDA:133,9,0,0
BRDA:133,9,1,0
BRF:20
BRH:6
end_of_record
TN:
SF:/home/vit/Projects/medme-ehr-api/ts/src/models/PatientModel.ts
FN:8,(anonymous_2)
FN:25,PatientModel
FN:27,(anonymous_4)
FN:28,(anonymous_5)
FN:29,(anonymous_6)
FN:30,(anonymous_7)
FN:31,(anonymous_8)
FN:32,(anonymous_9)
FN:33,(anonymous_10)
FN:34,(anonymous_11)
FN:35,(anonymous_12)
FN:36,(anonymous_13)
FN:37,(anonymous_14)
FN:38,(anonymous_15)
FN:39,(anonymous_16)
FN:40,(anonymous_17)
FN:41,(anonymous_18)
FN:43,(anonymous_19)
FN:85,(anonymous_20)
FNF:19
FNH:8
FNDA:1,(anonymous_2)
FNDA:3,PatientModel
FNDA:3,(anonymous_4)
FNDA:0,(anonymous_5)
FNDA:3,(anonymous_6)
FNDA:3,(anonymous_7)
FNDA:3,(anonymous_8)
FNDA:0,(anonymous_9)
FNDA:3,(anonymous_10)
FNDA:0,(anonymous_11)
FNDA:0,(anonymous_12)
FNDA:0,(anonymous_13)
FNDA:0,(anonymous_14)
FNDA:0,(anonymous_15)
FNDA:0,(anonymous_16)
FNDA:0,(anonymous_17)
FNDA:0,(anonymous_18)
FNDA:3,(anonymous_19)
FNDA:0,(anonymous_20)
DA:4,1
DA:5,1
DA:6,1
DA:8,1
DA:27,3
DA:28,0
DA:29,3
DA:30,3
DA:31,3
DA:32,0
DA:33,3
DA:34,0
DA:35,0
DA:36,0
DA:37,0
DA:38,0
DA:39,0
DA:40,0
DA:41,0
DA:43,1
DA:44,3
DA:45,3
DA:46,3
DA:47,3
DA:48,3
DA:49,3
DA:50,3
DA:51,3
DA:53,3
DA:54,3
DA:55,3
DA:56,3
DA:57,3
DA:58,3
DA:60,0
DA:61,0
DA:62,0
DA:63,0
DA:64,0
DA:68,3
DA:69,3
DA:70,3
DA:72,0
DA:73,0
DA:74,0
DA:75,0
DA:76,0
DA:77,0
DA:78,0
DA:79,0
DA:85,1
DA:86,0
DA:88,1
LF:53
LH:29
BRDA:51,0,0,3
BRDA:51,0,1,0
BRDA:51,1,0,3
BRDA:51,1,1,3
BRDA:51,1,2,3
BRDA:59,2,0,3
BRDA:59,2,1,3
BRDA:71,3,0,3
BRDA:71,3,1,0
BRDA:76,4,0,0
BRDA:76,4,1,0
BRF:11
BRH:7
end_of_record
TN:
SF:/home/vit/Projects/medme-ehr-api/ts/src/models/PrescriptionModel.ts
FN:8,(anonymous_8)
FN:11,(anonymous_10)
FN:18,(anonymous_11)
FNF:3
FNH:2
FNDA:5,(anonymous_8)
FNDA:4,(anonymous_10)
FNDA:0,(anonymous_11)
DA:2,1
DA:3,1
DA:8,1
DA:11,1
DA:12,4
DA:13,4
DA:14,4
DA:15,4
DA:16,4
DA:18,1
DA:19,0
DA:21,1
LF:12
LH:11
BRF:0
BRH:0
end_of_record
TN:
SF:/home/vit/Projects/medme-ehr-api/ts/src/services/AuthService.ts
FN:7,(anonymous_8)
FN:11,(anonymous_10)
FN:65,(anonymous_12)
FN:70,PatientAuthenticationResult
FN:81,(anonymous_14)
FN:93,(anonymous_15)
FN:124,PatientAuthenticationError
FN:94,(anonymous_17)
FN:98,(anonymous_18)
FN:103,(anonymous_19)
FN:107,(anonymous_20)
FN:111,(anonymous_21)
FN:116,(anonymous_22)
FN:131,(anonymous_23)
FN:133,ConnectionError
FN:163,getAuthenticatedPatient
FN:167,(anonymous_26)
FN:169,(anonymous_27)
FN:174,(anonymous_28)
FN:179,(anonymous_29)
FNF:20
FNH:12
FNDA:4,(anonymous_8)
FNDA:1,(anonymous_10)
FNDA:1,(anonymous_12)
FNDA:0,PatientAuthenticationResult
FNDA:1,(anonymous_14)
FNDA:1,(anonymous_15)
FNDA:1,PatientAuthenticationError
FNDA:0,(anonymous_17)
FNDA:0,(anonymous_18)
FNDA:1,(anonymous_19)
FNDA:1,(anonymous_20)
FNDA:0,(anonymous_21)
FNDA:0,(anonymous_22)
FNDA:1,(anonymous_23)
FNDA:1,ConnectionError
FNDA:1,getAuthenticatedPatient
FNDA:1,(anonymous_26)
FNDA:0,(anonymous_27)
FNDA:0,(anonymous_28)
FNDA:0,(anonymous_29)
DA:4,1
DA:7,1
DA:9,1
DA:11,1
DA:15,1
DA:65,1
DA:71,0
DA:72,0
DA:73,0
DA:74,0
DA:76,1
DA:81,1
DA:82,1
DA:83,1
DA:84,1
DA:85,1
DA:93,1
DA:94,1
DA:95,0
DA:98,1
DA:99,0
DA:103,1
DA:104,1
DA:107,1
DA:108,1
DA:111,1
DA:112,0
DA:116,1
DA:117,0
DA:125,1
DA:126,1
DA:127,1
DA:129,1
DA:131,1
DA:134,1
DA:136,1
DA:138,1
DA:163,1
DA:167,1
DA:168,1
DA:169,0
DA:170,0
DA:171,0
DA:173,0
DA:174,0
DA:175,0
DA:176,0
DA:178,0
DA:183,0
DA:184,0
DA:186,0
DA:187,0
DA:188,0
DA:189,0
DA:190,0
DA:196,1
DA:197,1
DA:199,0
DA:200,0
DA:201,0
DA:202,0
DA:203,0
LF:62
LH:34
BRDA:81,0,0,1
BRDA:81,0,1,1
BRDA:125,1,0,1
BRDA:125,1,1,0
BRDA:95,2,0,0
BRDA:95,2,1,0
BRDA:99,3,0,0
BRDA:99,3,1,0
BRDA:104,4,0,1
BRDA:104,4,1,1
BRDA:108,5,0,1
BRDA:108,5,1,1
BRDA:112,6,0,0
BRDA:112,6,1,0
BRDA:117,7,0,0
BRDA:117,7,1,0
BRDA:134,8,0,1
BRDA:134,8,1,0
BRDA:168,9,0,0
BRDA:168,9,1,1
BRDA:168,10,0,1
BRDA:168,10,1,1
BRDA:170,11,0,0
BRDA:170,11,1,0
BRDA:175,12,0,0
BRDA:175,12,1,0
BRDA:183,13,0,0
BRDA:183,13,1,0
BRDA:196,14,0,1
BRDA:196,14,1,0
BRF:30
BRH:12
end_of_record
TN:
SF:/home/vit/Projects/medme-ehr-api/ts/src/services/Credentials.ts
FN:1,(anonymous_2)
FN:2,Credentials
FNF:2
FNH:2
FNDA:1,(anonymous_2)
FNDA:21,Credentials
DA:1,1
DA:3,21
DA:4,21
DA:8,1
LF:4
LH:4
BRF:0
BRH:0
end_of_record
TN:
SF:/home/vit/Projects/medme-ehr-api/ts/src/services/RpcErrorCodes.ts
FN:1,RpcErrorCodes
FN:25,isAuthorizationError
FNF:2
FNH:1
FNDA:0,RpcErrorCodes
FNDA:4,isAuthorizationError
DA:1,1
DA:2,1
DA:3,1
DA:4,1
DA:5,1
DA:6,1
DA:7,1
DA:8,1
DA:9,1
DA:10,1
DA:11,1
DA:12,1
DA:13,1
DA:14,1
DA:15,1
DA:16,1
DA:17,1
DA:18,1
DA:19,1
DA:20,1
DA:21,1
DA:22,1
DA:23,1
DA:25,1
DA:26,4
LF:25
LH:25
BRDA:26,0,0,4
BRDA:26,0,1,2
BRDA:26,0,2,1
BRF:3
BRH:3
end_of_record
TN:
SF:/home/vit/Projects/medme-ehr-api/ts/src/services/jsonRPC/AppointmentResultService.ts
FN:6,(anonymous_8)
FN:14,(anonymous_10)
FN:15,(anonymous_11)
FN:24,(anonymous_12)
FN:26,(anonymous_13)
FN:27,(anonymous_14)
FN:37,(anonymous_15)
FN:40,(anonymous_16)
FN:43,(anonymous_17)
FN:52,(anonymous_18)
FN:54,(anonymous_19)
FN:55,(anonymous_20)
FNF:12
FNH:12
FNDA:6,(anonymous_8)
FNDA:4,(anonymous_10)
FNDA:4,(anonymous_11)
FNDA:4,(anonymous_12)
FNDA:4,(anonymous_13)
FNDA:4,(anonymous_14)
FNDA:3,(anonymous_15)
FNDA:3,(anonymous_16)
FNDA:4,(anonymous_17)
FNDA:3,(anonymous_18)
FNDA:3,(anonymous_19)
FNDA:3,(anonymous_20)
DA:2,1
DA:3,1
DA:4,1
DA:6,1
DA:14,4
DA:15,4
DA:16,4
DA:17,2
DA:18,2
DA:19,2
DA:20,2
DA:24,1
DA:25,4
DA:26,4
DA:27,4
DA:28,4
DA:29,2
DA:32,2
DA:37,3
DA:39,3
DA:40,3
DA:41,3
DA:42,2
DA:43,2
DA:44,4
DA:45,4
DA:46,4
DA:48,2
DA:52,1
DA:53,3
DA:54,3
DA:55,3
DA:56,3
DA:57,1
DA:59,2
DA:64,1
LF:36
LH:36
BRDA:16,0,0,2
BRDA:16,0,1,2
BRDA:28,1,0,2
BRDA:28,1,1,2
BRDA:41,2,0,1
BRDA:41,2,1,2
BRDA:56,3,0,1
BRDA:56,3,1,2
BRF:8
BRH:8
end_of_record
TN:
SF:/home/vit/Projects/medme-ehr-api/ts/src/services/jsonRPC/AppointmentService.ts
FN:7,(anonymous_21)
FN:10,(anonymous_23)
FN:11,(anonymous_24)
FN:19,(anonymous_25)
FN:21,(anonymous_26)
FN:22,(anonymous_27)
FN:32,(anonymous_28)
FN:35,(anonymous_29)
FN:38,(anonymous_30)
FN:49,(anonymous_34)
FN:50,(anonymous_35)
FNF:11
FNH:11
FNDA:5,(anonymous_21)
FNDA:2,(anonymous_23)
FNDA:2,(anonymous_24)
FNDA:2,(anonymous_25)
FNDA:2,(anonymous_26)
FNDA:2,(anonymous_27)
FNDA:3,(anonymous_28)
FNDA:3,(anonymous_29)
FNDA:2,(anonymous_30)
FNDA:3,(anonymous_34)
FNDA:3,(anonymous_35)
DA:2,1
DA:4,1
DA:5,1
DA:7,1
DA:10,1
DA:11,2
DA:12,2
DA:13,2
DA:14,2
DA:15,2
DA:19,1
DA:20,2
DA:21,2
DA:22,2
DA:24,2
DA:25,0
DA:27,2
DA:32,3
DA:34,3
DA:35,3
DA:36,3
DA:37,2
DA:38,2
DA:39,2
DA:40,2
DA:41,2
DA:43,2
DA:46,1
DA:48,3
DA:49,3
DA:50,3
DA:51,3
DA:52,1
DA:54,2
DA:58,1
LF:35
LH:34
BRDA:12,0,0,0
BRDA:12,0,1,2
BRDA:24,1,0,0
BRDA:24,1,1,2
BRDA:36,2,0,1
BRDA:36,2,1,2
BRDA:51,3,0,1
BRDA:51,3,1,2
BRF:8
BRH:6
end_of_record
TN:
SF:/home/vit/Projects/medme-ehr-api/ts/src/services/jsonRPC/AuthService.ts
FN:10,(anonymous_8)
FN:26,AuthService
FN:41,(anonymous_10)
FN:42,(anonymous_11)
FN:52,(anonymous_12)
FN:54,(anonymous_13)
FN:55,(anonymous_14)
FN:75,(anonymous_15)
FN:89,(anonymous_16)
FN:101,(anonymous_17)
FN:105,(anonymous_18)
FN:107,(anonymous_19)
FN:122,(anonymous_20)
FN:126,(anonymous_21)
FN:128,(anonymous_22)
FN:129,(anonymous_23)
FN:143,(anonymous_24)
FN:147,(anonymous_25)
FN:149,(anonymous_26)
FN:150,(anonymous_27)
FNF:20
FNH:12
FNDA:1,(anonymous_8)
FNDA:4,AuthService
FNDA:3,(anonymous_10)
FNDA:3,(anonymous_11)
FNDA:3,(anonymous_12)
FNDA:3,(anonymous_13)
FNDA:3,(anonymous_14)
FNDA:3,(anonymous_15)
FNDA:3,(anonymous_16)
FNDA:3,(anonymous_17)
FNDA:3,(anonymous_18)
FNDA:3,(anonymous_19)
FNDA:0,(anonymous_20)
FNDA:0,(anonymous_21)
FNDA:0,(anonymous_22)
FNDA:0,(anonymous_23)
FNDA:0,(anonymous_24)
FNDA:0,(anonymous_25)
FNDA:0,(anonymous_26)
FNDA:0,(anonymous_27)
DA:1,1
DA:2,1
DA:4,1
DA:7,1
DA:10,1
DA:28,4
DA:29,4
DA:30,4
DA:31,4
DA:32,4
DA:33,4
DA:41,1
DA:42,3
DA:43,3
DA:44,0
DA:46,3
DA:47,3
DA:48,3
DA:52,1
DA:53,3
DA:54,3
DA:55,3
DA:56,3
DA:57,0
DA:59,3
DA:75,1
DA:79,3
DA:80,0
DA:89,3
DA:90,3
DA:91,1
DA:93,2
DA:94,2
DA:95,2
DA:96,0
DA:97,2
DA:101,1
DA:104,3
DA:105,3
DA:106,3
DA:108,3
DA:109,1
DA:111,2
DA:122,1
DA:123,0
DA:126,1
DA:127,0
DA:128,0
DA:129,0
DA:130,0
DA:131,0
DA:133,0
DA:143,1
DA:144,0
DA:147,1
DA:148,0
DA:149,0
DA:150,0
DA:151,0
DA:152,0
DA:154,0
DA:158,1
LF:62
LH:44
BRDA:28,0,0,4
BRDA:28,0,1,4
BRDA:43,1,0,0
BRDA:43,1,1,3
BRDA:56,2,0,0
BRDA:56,2,1,3
BRDA:79,3,0,0
BRDA:79,3,1,3
BRDA:90,4,0,1
BRDA:90,4,1,2
BRDA:95,5,0,0
BRDA:95,5,1,2
BRDA:108,6,0,1
BRDA:108,6,1,2
BRDA:130,7,0,0
BRDA:130,7,1,0
BRDA:151,8,0,0
BRDA:151,8,1,0
BRF:18
BRH:10
end_of_record
TN:
SF:/home/vit/Projects/medme-ehr-api/ts/src/services/jsonRPC/DiagnosticReportService.ts
FN:6,(anonymous_8)
FN:14,(anonymous_10)
FN:15,(anonymous_11)
FN:24,(anonymous_12)
FN:26,(anonymous_13)
FN:27,(anonymous_14)
FN:37,(anonymous_15)
FN:40,(anonymous_16)
FN:42,(anonymous_17)
FN:52,(anonymous_18)
FN:54,(anonymous_19)
FN:55,(anonymous_20)
FNF:12
FNH:12
FNDA:5,(anonymous_8)
FNDA:2,(anonymous_10)
FNDA:2,(anonymous_11)
FNDA:2,(anonymous_12)
FNDA:2,(anonymous_13)
FNDA:2,(anonymous_14)
FNDA:3,(anonymous_15)
FNDA:3,(anonymous_16)
FNDA:2,(anonymous_17)
FNDA:3,(anonymous_18)
FNDA:3,(anonymous_19)
FNDA:3,(anonymous_20)
DA:1,1
DA:2,1
DA:3,1
DA:6,1
DA:14,2
DA:15,2
DA:16,2
DA:17,2
DA:18,2
DA:19,2
DA:20,2
DA:24,1
DA:25,2
DA:26,2
DA:27,2
DA:28,2
DA:29,0
DA:32,2
DA:37,3
DA:39,3
DA:40,3
DA:41,3
DA:42,2
DA:43,2
DA:44,2
DA:45,2
DA:46,2
DA:48,2
DA:52,1
DA:53,3
DA:54,3
DA:55,3
DA:56,3
DA:57,1
DA:59,2
DA:64,1
LF:36
LH:35
BRDA:16,0,0,0
BRDA:16,0,1,2
BRDA:28,1,0,0
BRDA:28,1,1,2
BRDA:41,2,0,1
BRDA:41,2,1,2
BRDA:56,3,0,1
BRDA:56,3,1,2
BRF:8
BRH:6
end_of_record
TN:
SF:/home/vit/Projects/medme-ehr-api/ts/src/services/jsonRPC/PatientService.ts
FN:8,(anonymous_8)
FN:11,(anonymous_10)
FN:12,(anonymous_11)
FN:26,(anonymous_12)
FN:28,(anonymous_13)
FN:29,(anonymous_14)
FNF:6
FNH:6
FNDA:6,(anonymous_8)
FNDA:5,(anonymous_10)
FNDA:5,(anonymous_11)
FNDA:2,(anonymous_12)
FNDA:2,(anonymous_13)
FNDA:2,(anonymous_14)
DA:1,1
DA:4,1
DA:5,1
DA:8,1
DA:11,5
DA:12,5
DA:13,5
DA:14,4
DA:16,1
DA:17,0
DA:19,1
DA:20,1
DA:21,1
DA:22,1
DA:26,1
DA:27,2
DA:28,2
DA:29,2
DA:30,2
DA:31,1
DA:33,1
DA:37,1
LF:22
LH:21
BRDA:13,0,0,4
BRDA:13,0,1,1
BRDA:16,1,0,0
BRDA:16,1,1,1
BRDA:30,2,0,1
BRDA:30,2,1,1
BRF:6
BRH:5
end_of_record
TN:
SF:/home/vit/Projects/medme-ehr-api/ts/src/services/jsonRPC/PrescriptionService.ts
FN:6,(anonymous_8)
FN:14,(anonymous_10)
FN:15,(anonymous_11)
FN:24,(anonymous_12)
FN:26,(anonymous_13)
FN:27,(anonymous_14)
FN:36,(anonymous_15)
FN:39,(anonymous_16)
FN:41,(anonymous_17)
FN:51,(anonymous_18)
FN:53,(anonymous_19)
FN:54,(anonymous_20)
FNF:12
FNH:12
FNDA:5,(anonymous_8)
FNDA:2,(anonymous_10)
FNDA:2,(anonymous_11)
FNDA:2,(anonymous_12)
FNDA:2,(anonymous_13)
FNDA:2,(anonymous_14)
FNDA:3,(anonymous_15)
FNDA:3,(anonymous_16)
FNDA:2,(anonymous_17)
FNDA:3,(anonymous_18)
FNDA:3,(anonymous_19)
FNDA:3,(anonymous_20)
DA:1,1
DA:2,1
DA:3,1
DA:6,1
DA:14,2
DA:15,2
DA:16,2
DA:17,2
DA:18,2
DA:19,2
DA:20,2
DA:24,1
DA:25,2
DA:26,2
DA:27,2
DA:28,2
DA:29,0
DA:31,2
DA:36,3
DA:38,3
DA:39,3
DA:40,3
DA:41,2
DA:42,2
DA:43,2
DA:44,2
DA:45,2
DA:47,2
DA:51,1
DA:52,3
DA:53,3
DA:54,3
DA:55,3
DA:56,1
DA:58,2
DA:62,1
LF:36
LH:35
BRDA:16,0,0,0
BRDA:16,0,1,2
BRDA:28,1,0,0
BRDA:28,1,1,2
BRDA:40,2,0,1
BRDA:40,2,1,2
BRDA:55,3,0,1
BRDA:55,3,1,2
BRF:8
BRH:6
end_of_record
TN:
SF:/home/vit/Projects/medme-ehr-api/ts/src/services/jsonRPC/index.ts
FNF:0
FNH:0
DA:1,1
DA:2,1
DA:3,1
DA:4,1
DA:5,1
DA:6,1
DA:7,1
DA:8,1
DA:10,1
LF:9
LH:9
BRF:0
BRH:0
end_of_record
TN:
SF:/home/vit/Projects/medme-ehr-api/ts/src/services/jsonRPC/jsonRpcRequest.ts
FN:24,(anonymous_2)
FN:30,JsonRpcHeader
FN:37,(anonymous_4)
FN:41,(anonymous_5)
FN:45,(anonymous_6)
FN:49,(anonymous_7)
FNF:6
FNH:6
FNDA:1,(anonymous_2)
FNDA:54,JsonRpcHeader
FNDA:52,(anonymous_4)
FNDA:104,(anonymous_5)
FNDA:104,(anonymous_6)
FNDA:104,(anonymous_7)
DA:24,1
DA:30,81
DA:31,54
DA:32,54
DA:33,54
DA:34,54
DA:38,52
DA:42,104
DA:46,104
DA:50,104
DA:52,1
LF:11
LH:11
BRDA:30,0,0,3
BRDA:30,0,1,51
BRDA:30,1,0,27
BRDA:30,1,1,27
BRF:4
BRH:4
end_of_record
TN:
SF:/home/vit/Projects/medme-ehr-api/ts/src/services/jsonRPC/jsonRpcService.ts
FN:12,JsonRPCService
FN:17,(anonymous_10)
FN:21,(anonymous_11)
FN:25,(anonymous_12)
FN:32,(anonymous_13)
FN:38,JsonRPCCredService
FN:44,(anonymous_15)
FN:48,(anonymous_16)
FN:52,(anonymous_17)
FN:56,(anonymous_18)
FN:64,(anonymous_19)
FN:68,auth
FN:70,(anonymous_21)
FN:83,(anonymous_22)
FN:87,(anonymous_23)
FNF:15
FNH:11
FNDA:26,JsonRPCService
FNDA:27,(anonymous_10)
FNDA:33,(anonymous_11)
FNDA:6,(anonymous_12)
FNDA:1,(anonymous_13)
FNDA:22,JsonRPCCredService
FNDA:27,(anonymous_15)
FNDA:0,(anonymous_16)
FNDA:27,(anonymous_17)
FNDA:0,(anonymous_18)
FNDA:27,(anonymous_19)
FNDA:27,auth
FNDA:27,(anonymous_21)
FNDA:0,(anonymous_22)
FNDA:0,(anonymous_23)
DA:1,1
DA:3,1
DA:6,1
DA:7,1
DA:13,26
DA:14,26
DA:18,27
DA:22,33
DA:25,1
DA:26,9
DA:27,6
DA:30,1
DA:32,1
DA:39,22
DA:40,22
DA:41,22
DA:45,27
DA:49,0
DA:53,27
DA:57,0
DA:64,1
DA:65,54
DA:66,27
DA:69,27
DA:70,27
DA:71,27
DA:72,27
DA:73,26
DA:74,25
DA:75,27
DA:79,27
DA:80,27
DA:83,1
DA:84,0
DA:87,1
DA:88,0
DA:90,1
LF:37
LH:33
BRDA:26,0,0,0
BRDA:26,0,1,6
BRDA:26,1,0,3
BRDA:26,1,1,3
BRDA:27,2,0,6
BRDA:27,2,1,0
BRDA:39,3,0,22
BRDA:39,3,1,22
BRDA:65,4,0,27
BRDA:65,4,1,0
BRDA:72,5,0,1
BRDA:72,5,1,26
BRDA:72,6,0,27
BRDA:72,6,1,10
BRDA:72,6,2,2
BRDA:73,7,0,1
BRDA:73,7,1,25
BRDA:73,8,0,26
BRDA:73,8,1,9
BRDA:73,8,2,1
BRDA:74,9,0,0
BRDA:74,9,1,25
BRDA:74,10,0,25
BRDA:74,10,1,8
BRDA:74,10,2,0
BRDA:80,11,0,27
BRDA:80,11,1,27
BRF:27
BRH:22
end_of_record
TN:
SF:/home/vit/Projects/medme-ehr-api/ts/src/services/jsonRPC/jsonrpc.ts
FN:14,(anonymous_8)
FN:32,JsonRpc
FN:36,(anonymous_11)
FN:42,(anonymous_12)
FN:46,RequestObject
FN:56,(anonymous_14)
FN:59,NotificationObject
FN:68,(anonymous_16)
FN:71,SuccessObject
FN:78,(anonymous_18)
FN:80,ErrorObject
FN:94,(anonymous_20)
FN:102,(anonymous_21)
FN:103,JsonRpcParsed
FN:144,JsonRpcError
FN:121,(anonymous_25)
FN:125,(anonymous_26)
FN:129,(anonymous_27)
FN:133,(anonymous_28)
FN:137,(anonymous_29)
FN:162,request
FN:180,notification
FN:197,success
FN:211,error
FN:259,parse
FN:312,parseObject
FN:365,validateMessage
FN:397,checkId
FN:406,checkMethod
FN:410,checkResult
FN:416,checkParams
FN:432,checkError
FN:448,isString
FN:452,isObject
FNF:34
FNH:16
FNDA:0,(anonymous_8)
FNDA:104,JsonRpc
FNDA:52,(anonymous_11)
FNDA:1,(anonymous_12)
FNDA:104,RequestObject
FNDA:1,(anonymous_14)
FNDA:0,NotificationObject
FNDA:1,(anonymous_16)
FNDA:0,SuccessObject
FNDA:1,(anonymous_18)
FNDA:0,ErrorObject
FNDA:1,(anonymous_20)
FNDA:1,(anonymous_21)
FNDA:0,JsonRpcParsed
FNDA:0,JsonRpcError
FNDA:0,(anonymous_25)
FNDA:0,(anonymous_26)
FNDA:0,(anonymous_27)
FNDA:0,(anonymous_28)
FNDA:0,(anonymous_29)
FNDA:52,request
FNDA:0,notification
FNDA:0,success
FNDA:0,error
FNDA:0,parse
FNDA:0,parseObject
FNDA:52,validateMessage
FNDA:52,checkId
FNDA:52,checkMethod
FNDA:0,checkResult
FNDA:52,checkParams
FNDA:0,checkError
FNDA:104,isString
FNDA:49,isObject
DA:11,1
DA:12,1
DA:15,0
DA:28,1
DA:29,1
DA:33,104
DA:36,1
DA:37,52
DA:40,1
DA:42,1
DA:47,104
DA:48,104
DA:49,104
DA:51,104
DA:54,1
DA:56,1
DA:60,0
DA:61,0
DA:63,0
DA:66,1
DA:68,1
DA:72,0
DA:73,0
DA:74,0
DA:76,1
DA:78,1
DA:80,0
DA:81,0
DA:82,0
DA:83,0
DA:85,1
DA:94,1
DA:95,1
DA:96,1
DA:97,1
DA:98,1
DA:99,1
DA:102,1
DA:104,0
DA:105,0
DA:107,0
DA:108,0
DA:110,1
DA:120,1
DA:121,1
DA:122,0
DA:125,1
DA:126,0
DA:129,1
DA:130,0
DA:133,1
DA:134,0
DA:137,1
DA:138,0
DA:145,0
DA:146,0
DA:148,0
DA:151,1
DA:162,1
DA:167,52
DA:168,52
DA:169,52
DA:180,1
DA:184,0
DA:185,0
DA:186,0
DA:197,1
DA:198,0
DA:199,0
DA:200,0
DA:211,1
DA:212,0
DA:213,0
DA:214,0
DA:259,1
DA:263,0
DA:271,0
DA:273,0
DA:280,0
DA:283,0
DA:289,0
DA:290,0
DA:291,0
DA:294,0
DA:312,1
DA:313,0
DA:314,0
DA:315,0
DA:318,0
DA:319,0
DA:321,0
DA:322,0
DA:323,0
DA:324,0
DA:326,0
DA:327,0
DA:328,0
DA:329,0
DA:331,0
DA:332,0
DA:333,0
DA:334,0
DA:336,0
DA:337,0
DA:339,0
DA:341,0
DA:347,0
DA:349,0
DA:350,0
DA:356,0
DA:358,0
DA:366,52
DA:368,52
DA:370,52
DA:373,52
DA:376,0
DA:378,0
DA:381,0
DA:383,0
DA:386,0
DA:388,0
DA:392,0
DA:394,52
DA:399,0
DA:401,52
DA:407,52
DA:411,0
DA:418,0
DA:423,52
DA:424,52
DA:426,0
DA:429,0
DA:434,0
DA:438,0
DA:442,0
DA:445,0
DA:449,104
DA:453,49
DA:467,1
DA:468,1
LF:140
LH:57
BRDA:13,0,0,1
BRDA:13,0,1,0
BRDA:15,1,0,0
BRDA:15,1,1,0
BRDA:15,1,2,0
BRDA:15,1,3,0
BRDA:47,2,0,104
BRDA:47,2,1,104
BRDA:60,3,0,0
BRDA:60,3,1,0
BRDA:72,4,0,0
BRDA:72,4,1,0
BRDA:81,5,0,0
BRDA:81,5,1,0
BRDA:94,6,0,1
BRDA:94,6,1,1
BRDA:146,7,0,0
BRDA:146,7,1,0
BRDA:317,8,0,0
BRDA:317,8,1,0
BRDA:346,9,0,0
BRDA:346,9,1,0
BRDA:355,10,0,0
BRDA:355,10,1,0
BRDA:359,11,0,0
BRDA:359,11,1,0
BRDA:391,12,0,52
BRDA:391,12,1,52
BRDA:398,13,0,52
BRDA:398,13,1,0
BRDA:402,14,0,52
BRDA:402,14,1,0
BRDA:401,15,0,52
BRDA:401,15,1,0
BRDA:407,16,0,52
BRDA:407,16,1,0
BRDA:412,17,0,0
BRDA:412,17,1,0
BRDA:420,18,0,52
BRDA:420,18,1,49
BRDA:449,19,0,104
BRDA:449,19,1,104
BRDA:453,20,0,49
BRDA:453,20,1,49
BRDA:453,20,2,49
BRF:45
BRH:18
end_of_record
TN:
SF:/home/vit/Projects/medme-ehr-api/ts/src/services/jsonRPC/jsonrpc_cred.ts
FN:8,(anonymous_8)
FN:11,RequestCredObject
FN:28,requestCred
FNF:3
FNH:3
FNDA:1,(anonymous_8)
FNDA:52,RequestCredObject
FNDA:52,requestCred
DA:5,1
DA:8,1
DA:12,52
DA:13,52
DA:14,52
DA:16,1
DA:28,1
DA:36,52
DA:37,52
LF:9
LH:9
BRDA:12,0,0,52
BRDA:12,0,1,0
BRF:2
BRH:1
end_of_record
TN:
SF:/home/vit/Projects/medme-ehr-api/ts/src/services/jsonRPC/xhr.ts
FN:12,(anonymous_2)
FN:17,(anonymous_3)
FN:33,(anonymous_4)
FNF:3
FNH:2
FNDA:52,(anonymous_2)
FNDA:52,(anonymous_3)
FNDA:0,(anonymous_4)
DA:1,1
DA:4,1
DA:6,0
DA:10,1
DA:12,52
DA:14,52
DA:15,52
DA:17,52
DA:18,52
DA:19,52
DA:20,0
DA:21,52
DA:22,52
DA:23,52
DA:24,43
DA:25,9
DA:26,9
DA:28,0
DA:30,0
DA:33,52
DA:34,0
DA:35,0
DA:36,0
DA:37,0
DA:38,0
DA:41,52
DA:43,52
DA:44,52
DA:46,52
DA:48,52
LF:30
LH:21
BRDA:19,0,0,0
BRDA:19,0,1,52
BRDA:21,1,0,52
BRDA:21,1,1,0
BRDA:23,2,0,43
BRDA:23,2,1,9
BRDA:25,3,0,9
BRDA:25,3,1,0
BRDA:36,4,0,0
BRDA:36,4,1,0
BRF:10
BRH:5
end_of_record
TN:
SF:/home/vit/Projects/medme-ehr-api/ts/src/types/AppointmentConfirmationStatus.ts
FN:2,(anonymous_2)
FNF:1
FNH:1
FNDA:1,(anonymous_2)
DA:2,1
DA:3,1
DA:4,1
DA:5,1
DA:6,1
DA:7,1
LF:6
LH:6
BRDA:2,0,0,1
BRDA:2,0,1,1
BRF:2
BRH:2
end_of_record
TN:
SF:/home/vit/Projects/medme-ehr-api/ts/src/types/AppointmentHistoryItem.ts
FN:4,(anonymous_2)
FNF:1
FNH:1
FNDA:1,(anonymous_2)
DA:4,1
DA:16,1
LF:2
LH:2
BRF:0
BRH:0
end_of_record
TN:
SF:/home/vit/Projects/medme-ehr-api/ts/src/types/AppointmentInputProperties.ts
FN:4,(anonymous_2)
FNF:1
FNH:1
FNDA:1,(anonymous_2)
DA:4,1
DA:13,1
LF:2
LH:2
BRF:0
BRH:0
end_of_record
TN:
SF:/home/vit/Projects/medme-ehr-api/ts/src/types/BusinessInfo.ts
FN:2,(anonymous_2)
FN:8,(anonymous_4)
FN:16,(anonymous_5)
FNF:3
FNH:2
FNDA:20,(anonymous_2)
FNDA:19,(anonymous_4)
FNDA:0,(anonymous_5)
DA:2,1
DA:8,1
DA:9,19
DA:10,19
DA:11,19
DA:12,19
DA:13,19
DA:16,1
DA:17,0
DA:18,0
DA:19,0
DA:20,0
DA:21,0
DA:22,0
DA:24,1
LF:15
LH:9
BRF:0
BRH:0
end_of_record
TN:
SF:/home/vit/Projects/medme-ehr-api/ts/src/types/ClientPrice.ts
FN:4,(anonymous_2)
FN:11,ClientPrice
FN:15,(anonymous_4)
FN:25,(anonymous_5)
FNF:4
FNH:2
FNDA:1,(anonymous_2)
FNDA:4,ClientPrice
FNDA:0,(anonymous_4)
FNDA:0,(anonymous_5)
DA:2,1
DA:4,1
DA:12,4
DA:15,1
DA:16,0
DA:17,0
DA:18,0
DA:19,0
DA:20,0
DA:21,0
DA:22,0
DA:25,1
DA:26,0
DA:27,0
DA:28,0
DA:29,0
DA:30,0
DA:31,0
DA:32,0
DA:34,1
LF:20
LH:6
BRDA:20,0,0,0
BRDA:20,0,1,0
BRDA:31,1,0,0
BRDA:31,1,1,0
BRF:4
BRH:0
end_of_record
TN:
SF:/home/vit/Projects/medme-ehr-api/ts/src/types/Currency.ts
FN:1,(anonymous_2)
FNF:1
FNH:1
FNDA:1,(anonymous_2)
DA:1,1
DA:2,1
DA:3,1
LF:3
LH:3
BRDA:1,0,0,1
BRDA:1,0,1,1
BRF:2
BRH:2
end_of_record
TN:
SF:/home/vit/Projects/medme-ehr-api/ts/src/types/Diagnosis.ts
FN:1,(anonymous_2)
FN:9,Diagnosis
FN:14,(anonymous_4)
FNF:3
FNH:2
FNDA:1,(anonymous_2)
FNDA:15,Diagnosis
FNDA:0,(anonymous_4)
DA:1,1
DA:10,15
DA:11,15
DA:14,1
DA:15,0
DA:16,0
DA:17,0
DA:18,0
DA:20,1
LF:9
LH:5
BRF:0
BRH:0
end_of_record
TN:
SF:/home/vit/Projects/medme-ehr-api/ts/src/types/Discount.ts
FN:3,(anonymous_2)
FN:7,(anonymous_4)
FN:13,(anonymous_5)
FNF:3
FNH:1
FNDA:5,(anonymous_2)
FNDA:0,(anonymous_4)
FNDA:0,(anonymous_5)
DA:3,1
DA:7,1
DA:8,0
DA:9,0
DA:10,0
DA:13,1
DA:14,0
DA:15,0
DA:16,0
DA:17,0
DA:19,1
LF:11
LH:4
BRF:0
BRH:0
end_of_record
TN:
SF:/home/vit/Projects/medme-ehr-api/ts/src/types/Doctor.ts
FN:3,(anonymous_2)
FN:9,(anonymous_4)
FN:17,(anonymous_5)
FNF:3
FNH:2
FNDA:35,(anonymous_2)
FNDA:34,(anonymous_4)
FNDA:0,(anonymous_5)
DA:1,1
DA:3,1
DA:9,1
DA:10,34
DA:11,34
DA:12,34
DA:13,34
DA:14,34
DA:17,1
DA:18,0
DA:19,0
DA:20,0
DA:21,0
DA:22,0
DA:23,0
DA:25,1
LF:16
LH:10
BRDA:13,0,0,0
BRDA:13,0,1,34
BRDA:22,1,0,0
BRDA:22,1,1,0
BRF:4
BRH:1
end_of_record
TN:
SF:/home/vit/Projects/medme-ehr-api/ts/src/types/FamilyMember.ts
FN:1,(anonymous_2)
FN:14,(anonymous_3)
FNF:2
FNH:2
FNDA:1,(anonymous_2)
FNDA:1,(anonymous_3)
DA:1,1
DA:2,1
DA:3,1
DA:4,1
DA:5,1
DA:6,1
DA:7,1
DA:8,1
DA:9,1
DA:10,1
DA:11,1
DA:14,1
DA:18,1
LF:13
LH:13
BRDA:1,0,0,1
BRDA:1,0,1,1
BRF:2
BRH:2
end_of_record
TN:
SF:/home/vit/Projects/medme-ehr-api/ts/src/types/Insurance.ts
FN:3,(anonymous_2)
FNF:1
FNH:1
FNDA:1,(anonymous_2)
DA:3,1
DA:7,1
LF:2
LH:2
BRF:0
BRH:0
end_of_record
TN:
SF:/home/vit/Projects/medme-ehr-api/ts/src/types/Medication.ts
FN:3,(anonymous_2)
FN:8,(anonymous_4)
FN:14,(anonymous_5)
FNF:3
FNH:1
FNDA:1,(anonymous_2)
FNDA:0,(anonymous_4)
FNDA:0,(anonymous_5)
DA:3,1
DA:8,1
DA:9,0
DA:10,0
DA:11,0
DA:14,1
DA:16,0
DA:17,0
DA:18,0
DA:19,0
DA:21,1
LF:11
LH:4
BRF:0
BRH:0
end_of_record
TN:
SF:/home/vit/Projects/medme-ehr-api/ts/src/types/MedicationForm.ts
FN:1,(anonymous_2)
FNF:1
FNH:1
FNDA:1,(anonymous_2)
DA:1,1
DA:2,1
DA:3,1
DA:4,1
LF:4
LH:4
BRDA:1,0,0,1
BRDA:1,0,1,1
BRF:2
BRH:2
end_of_record
TN:
SF:/home/vit/Projects/medme-ehr-api/ts/src/types/Observation.ts
FN:11,(anonymous_2)
FN:28,Observation
FN:39,(anonymous_4)
FN:84,(anonymous_5)
FN:99,(anonymous_6)
FN:100,(anonymous_7)
FNF:6
FNH:3
FNDA:1,(anonymous_2)
FNDA:19,Observation
FNDA:19,(anonymous_4)
FNDA:0,(anonymous_5)
FNDA:0,(anonymous_6)
FNDA:0,(anonymous_7)
DA:1,1
DA:2,1
DA:3,1
DA:6,1
DA:7,1
DA:8,1
DA:9,1
DA:11,1
DA:29,19
DA:30,19
DA:31,19
DA:32,19
DA:33,19
DA:34,19
DA:35,19
DA:36,19
DA:39,1
DA:40,19
DA:41,19
DA:43,19
DA:44,19
DA:46,19
DA:47,19
DA:48,19
DA:50,19
DA:51,19
DA:53,19
DA:55,19
DA:56,19
DA:58,19
DA:59,19
DA:61,19
DA:62,19
DA:64,19
DA:66,19
DA:67,19
DA:68,19
DA:69,0
DA:71,19
DA:72,19
DA:73,19
DA:74,0
DA:76,19
DA:77,19
DA:78,19
DA:79,0
DA:81,19
DA:84,1
DA:85,0
DA:86,0
DA:87,0
DA:88,0
DA:89,0
DA:90,0
DA:91,0
DA:92,0
DA:93,0
DA:94,0
DA:95,0
DA:96,0
DA:97,0
DA:98,0
DA:99,0
DA:100,0
DA:101,0
DA:103,1
LF:66
LH:46
BRDA:43,0,0,19
BRDA:43,0,1,0
BRDA:50,1,0,19
BRDA:50,1,1,0
BRDA:55,2,0,19
BRDA:55,2,1,0
BRDA:58,3,0,19
BRDA:58,3,1,0
BRDA:61,4,0,19
BRDA:61,4,1,0
BRDA:67,5,0,19
BRDA:67,5,1,0
BRDA:72,6,0,19
BRDA:72,6,1,0
BRDA:77,7,0,19
BRDA:77,7,1,0
BRDA:88,8,0,0
BRDA:88,8,1,0
BRDA:92,9,0,0
BRDA:92,9,1,0
BRDA:94,10,0,0
BRDA:94,10,1,0
BRDA:95,11,0,0
BRDA:95,11,1,0
BRDA:96,12,0,0
BRDA:96,12,1,0
BRDA:99,13,0,0
BRDA:99,13,1,0
BRDA:100,14,0,0
BRDA:100,14,1,0
BRF:30
BRH:8
end_of_record
TN:
SF:/home/vit/Projects/medme-ehr-api/ts/src/types/ObservationComponent.ts
FN:5,(anonymous_2)
FN:11,(anonymous_4)
FN:23,(anonymous_5)
FN:28,(anonymous_6)
FNF:4
FNH:1
FNDA:1,(anonymous_2)
FNDA:0,(anonymous_4)
FNDA:0,(anonymous_5)
FNDA:0,(anonymous_6)
DA:3,1
DA:5,1
DA:11,1
DA:12,0
DA:13,0
DA:14,0
DA:15,0
DA:16,0
DA:17,0
DA:18,0
DA:20,0
DA:23,1
DA:24,0
DA:25,0
DA:26,0
DA:27,0
DA:28,0
DA:29,0
DA:31,1
LF:19
LH:5
BRDA:15,0,0,0
BRDA:15,0,1,0
BRDA:16,1,0,0
BRDA:16,1,1,0
BRDA:28,2,0,0
BRDA:28,2,1,0
BRF:6
BRH:0
end_of_record
TN:
SF:/home/vit/Projects/medme-ehr-api/ts/src/types/ObservationRange.ts
FN:5,(anonymous_2)
FN:13,ObservationRange
FN:17,(anonymous_4)
FN:28,(anonymous_5)
FNF:4
FNH:1
FNDA:1,(anonymous_2)
FNDA:0,ObservationRange
FNDA:0,(anonymous_4)
FNDA:0,(anonymous_5)
DA:3,1
DA:5,1
DA:14,0
DA:17,1
DA:18,0
DA:19,0
DA:20,0
DA:21,0
DA:22,0
DA:23,0
DA:24,0
DA:25,0
DA:28,1
DA:29,0
DA:30,0
DA:31,0
DA:32,0
DA:33,0
DA:34,0
DA:35,0
DA:36,0
DA:38,1
LF:22
LH:5
BRDA:22,0,0,0
BRDA:22,0,1,0
BRDA:34,1,0,0
BRDA:34,1,1,0
BRF:4
BRH:0
end_of_record
TN:
SF:/home/vit/Projects/medme-ehr-api/ts/src/types/ObservationValue.ts
FN:3,(anonymous_2)
FN:10,(anonymous_4)
FN:18,(anonymous_5)
FNF:3
FNH:2
FNDA:20,(anonymous_2)
FNDA:19,(anonymous_4)
FNDA:0,(anonymous_5)
DA:3,1
DA:10,1
DA:11,19
DA:12,19
DA:13,19
DA:14,19
DA:15,19
DA:18,1
DA:19,0
DA:20,0
DA:21,0
DA:22,0
DA:23,0
DA:24,0
DA:26,1
LF:15
LH:9
BRF:0
BRH:0
end_of_record
TN:
SF:/home/vit/Projects/medme-ehr-api/ts/src/types/PatientInfo.ts
FN:3,(anonymous_2)
FN:13,(anonymous_4)
FN:25,(anonymous_5)
FNF:3
FNH:2
FNDA:24,(anonymous_2)
FNDA:23,(anonymous_4)
FNDA:0,(anonymous_5)
DA:3,1
DA:13,1
DA:14,23
DA:15,23
DA:16,23
DA:17,23
DA:18,23
DA:19,23
DA:20,23
DA:21,23
DA:22,23
DA:25,1
DA:26,0
DA:27,0
DA:28,0
DA:29,0
DA:30,0
DA:31,0
DA:32,0
DA:33,0
DA:34,0
DA:35,0
DA:37,1
LF:23
LH:13
BRF:0
BRH:0
end_of_record
TN:
SF:/home/vit/Projects/medme-ehr-api/ts/src/types/PatientInputProperties.ts
FN:3,(anonymous_2)
FN:13,(anonymous_4)
FNF:2
FNH:2
FNDA:2,(anonymous_2)
FNDA:1,(anonymous_4)
DA:3,1
DA:13,1
DA:14,1
DA:15,1
DA:16,1
DA:17,1
DA:18,1
DA:19,1
DA:20,1
DA:21,1
DA:22,1
DA:24,1
LF:12
LH:12
BRF:0
BRH:0
end_of_record
TN:
SF:/home/vit/Projects/medme-ehr-api/ts/src/types/Period.ts
FN:1,(anonymous_2)
FN:5,(anonymous_4)
FN:11,(anonymous_5)
FNF:3
FNH:2
FNDA:39,(anonymous_2)
FNDA:34,(anonymous_4)
FNDA:0,(anonymous_5)
DA:1,1
DA:5,1
DA:6,34
DA:7,34
DA:8,34
DA:11,1
DA:12,0
DA:13,0
DA:14,0
DA:15,0
DA:17,1
LF:11
LH:7
BRF:0
BRH:0
end_of_record
TN:
SF:/home/vit/Projects/medme-ehr-api/ts/src/types/PrescriptionInfo.ts
FN:6,(anonymous_2)
FN:17,(anonymous_4)
FN:24,(anonymous_5)
FN:33,(anonymous_6)
FN:38,(anonymous_7)
FNF:5
FNH:2
FNDA:12,(anonymous_2)
FNDA:11,(anonymous_4)
FNDA:0,(anonymous_5)
FNDA:0,(anonymous_6)
FNDA:0,(anonymous_7)
DA:2,1
DA:3,1
DA:4,1
DA:6,1
DA:17,1
DA:18,11
DA:19,11
DA:21,11
DA:22,11
DA:24,11
DA:25,11
DA:26,11
DA:27,11
DA:28,11
DA:29,11
DA:30,11
DA:33,1
DA:34,0
DA:35,0
DA:36,0
DA:37,0
DA:38,0
DA:39,0
DA:40,0
DA:41,0
DA:42,0
DA:43,0
DA:44,0
DA:46,1
LF:29
LH:18
BRDA:21,0,0,11
BRDA:21,0,1,0
BRDA:24,1,0,11
BRDA:24,1,1,0
BRDA:27,2,0,11
BRDA:27,2,1,0
BRDA:38,3,0,0
BRDA:38,3,1,0
BRF:8
BRH:3
end_of_record
TN:
SF:/home/vit/Projects/medme-ehr-api/ts/src/types/Procedure.ts
FN:6,(anonymous_2)
FN:20,Procedure
FN:28,(anonymous_4)
FN:32,(anonymous_5)
FN:49,(anonymous_6)
FN:54,(anonymous_7)
FNF:6
FNH:1
FNDA:1,(anonymous_2)
FNDA:0,Procedure
FNDA:0,(anonymous_4)
FNDA:0,(anonymous_5)
FNDA:0,(anonymous_6)
FNDA:0,(anonymous_7)
DA:1,1
DA:4,1
DA:6,1
DA:21,0
DA:22,0
DA:23,0
DA:24,0
DA:25,0
DA:28,1
DA:29,0
DA:30,0
DA:31,0
DA:32,0
DA:33,0
DA:34,0
DA:35,0
DA:37,0
DA:38,0
DA:40,0
DA:41,0
DA:43,0
DA:44,0
DA:45,0
DA:46,0
DA:49,1
DA:51,0
DA:52,0
DA:53,0
DA:54,0
DA:55,0
DA:56,0
DA:57,0
DA:58,0
DA:59,0
DA:60,0
DA:61,0
DA:62,0
DA:63,0
DA:65,1
LF:39
LH:6
BRDA:32,0,0,0
BRDA:32,0,1,0
BRDA:37,1,0,0
BRDA:37,1,1,0
BRDA:40,2,0,0
BRDA:40,2,1,0
BRDA:54,3,0,0
BRDA:54,3,1,0
BRF:8
BRH:0
end_of_record
TN:
SF:/home/vit/Projects/medme-ehr-api/ts/src/types/ProcedureExecStatus.ts
FN:2,(anonymous_2)
FNF:1
FNH:1
FNDA:1,(anonymous_2)
DA:2,1
DA:3,1
DA:4,1
DA:5,1
DA:6,1
LF:5
LH:5
BRDA:2,0,0,1
BRDA:2,0,1,1
BRF:2
BRH:2
end_of_record
TN:
SF:/home/vit/Projects/medme-ehr-api/ts/src/types/ProcedureInfo.ts
FN:4,(anonymous_2)
FN:16,ProcedureInfo
FNF:2
FNH:1
FNDA:1,(anonymous_2)
FNDA:0,ProcedureInfo
DA:4,1
DA:17,0
DA:18,0
DA:19,0
DA:20,0
DA:21,0
DA:23,1
LF:7
LH:2
BRF:0
BRH:0
end_of_record
TN:
SF:/home/vit/Projects/medme-ehr-api/ts/src/types/ProcedureType.ts
FN:1,(anonymous_2)
FNF:1
FNH:1
FNDA:1,(anonymous_2)
DA:1,1
DA:2,1
DA:3,1
DA:4,1
LF:4
LH:4
BRDA:1,0,0,1
BRDA:1,0,1,1
BRF:2
BRH:2
end_of_record
TN:
SF:/home/vit/Projects/medme-ehr-api/ts/src/types/Service.ts
FN:3,(anonymous_2)
FN:9,Service
FN:13,(anonymous_4)
FN:22,(anonymous_5)
FNF:4
FNH:3
FNDA:1,(anonymous_2)
FNDA:4,Service
FNDA:4,(anonymous_4)
FNDA:0,(anonymous_5)
DA:1,1
DA:3,1
DA:10,4
DA:13,1
DA:14,4
DA:15,4
DA:16,4
DA:17,0
DA:18,4
DA:19,4
DA:22,1
DA:23,0
DA:24,0
DA:25,0
DA:26,0
DA:27,0
DA:28,0
DA:30,1
LF:18
LH:11
BRDA:16,0,0,0
BRDA:16,0,1,4
BRDA:26,1,0,0
BRDA:26,1,1,0
BRF:4
BRH:1
end_of_record
TN:
SF:/home/vit/Projects/medme-ehr-api/ts/src/types/Specialization.ts
FN:2,(anonymous_2)
FN:6,(anonymous_4)
FN:12,(anonymous_5)
FNF:3
FNH:1
FNDA:35,(anonymous_2)
FNDA:0,(anonymous_4)
FNDA:0,(anonymous_5)
DA:2,1
DA:6,1
DA:7,0
DA:8,0
DA:9,0
DA:12,1
DA:13,0
DA:14,0
DA:15,0
DA:16,0
DA:18,1
LF:11
LH:4
BRF:0
BRH:0
end_of_record
TN:
SF:/home/vit/Projects/medme-ehr-api/ts/src/types/index.ts
FN:20,(anonymous_2)
FN:21,(anonymous_3)
FN:22,(anonymous_4)
FN:23,(anonymous_5)
FN:24,(anonymous_6)
FN:27,(anonymous_7)
FN:28,(anonymous_8)
FN:25,(anonymous_9)
FN:29,(anonymous_10)
FN:30,(anonymous_11)
FN:31,(anonymous_12)
FN:32,(anonymous_13)
FN:33,(anonymous_14)
FN:34,(anonymous_15)
FN:35,(anonymous_16)
FN:36,(anonymous_17)
FNF:16
FNH:3
FNDA:0,(anonymous_2)
FNDA:0,(anonymous_3)
FNDA:0,(anonymous_4)
FNDA:0,(anonymous_5)
FNDA:0,(anonymous_6)
FNDA:0,(anonymous_7)
FNDA:0,(anonymous_8)
FNDA:0,(anonymous_9)
FNDA:15,(anonymous_10)
FNDA:0,(anonymous_11)
FNDA:0,(anonymous_12)
FNDA:0,(anonymous_13)
FNDA:0,(anonymous_14)
FNDA:8,(anonymous_15)
FNDA:0,(anonymous_16)
FNDA:1,(anonymous_17)
DA:1,1
DA:2,1
DA:3,1
DA:4,1
DA:5,1
DA:7,1
DA:8,1
DA:9,1
DA:10,1
DA:11,1
DA:12,1
DA:13,1
DA:14,1
DA:15,1
DA:16,1
DA:17,1
DA:20,1
DA:21,1
DA:22,1
DA:23,1
DA:24,1
DA:25,1
DA:27,1
DA:28,1
DA:29,16
DA:30,1
DA:31,1
DA:32,1
DA:33,1
DA:34,9
DA:35,1
DA:36,2
LF:32
LH:32
BRF:0
BRH:0
end_of_record
TN:
SF:/home/vit/Projects/medme-ehr-api/ts/tests/appointment.test.ts
FN:11,(anonymous_15)
FN:12,(anonymous_16)
FN:39,(anonymous_26)
FNF:3
FNH:3
FNDA:1,(anonymous_15)
FNDA:1,(anonymous_16)
FNDA:1,(anonymous_26)
DA:3,1
DA:5,1
DA:6,1
DA:7,1
DA:8,1
DA:9,1
DA:11,1
DA:12,1
DA:13,1
DA:16,1
DA:17,1
DA:18,1
DA:19,1
DA:22,1
DA:23,1
DA:24,1
DA:26,1
DA:27,1
DA:28,1
DA:33,3
DA:34,3
DA:35,3
DA:36,3
DA:39,1
DA:40,1
DA:41,1
DA:42,1
DA:43,1
DA:44,1
DA:47,1
DA:48,1
DA:49,1
DA:50,1
DA:52,1
DA:53,1
DA:54,1
DA:57,1
DA:58,1
DA:59,1
DA:62,2
DA:63,0
DA:65,1
LF:42
LH:41
BRDA:65,0,0,1
BRDA:65,0,1,1
BRF:2
BRH:2
end_of_record
TN:
SF:/home/vit/Projects/medme-ehr-api/ts/tests/appointmentResult.test.ts
FN:10,(anonymous_15)
FN:12,(anonymous_16)
FN:50,(anonymous_29)
FNF:3
FNH:3
FNDA:1,(anonymous_15)
FNDA:1,(anonymous_16)
FNDA:1,(anonymous_29)
DA:3,1
DA:4,1
DA:5,1
DA:6,1
DA:7,1
DA:8,1
DA:10,1
DA:12,1
DA:13,1
DA:15,1
DA:16,1
DA:17,1
DA:18,1
DA:19,1
DA:22,1
DA:23,1
DA:25,2
DA:26,0
DA:28,1
DA:29,1
DA:30,1
DA:34,1
DA:35,1
DA:36,1
DA:37,2
DA:38,2
DA:44,4
DA:45,4
DA:46,4
DA:47,4
DA:50,1
DA:51,1
DA:52,1
DA:53,1
DA:54,1
DA:55,1
DA:58,1
DA:59,1
DA:60,1
DA:62,1
DA:63,0
DA:65,1
DA:66,1
DA:67,1
DA:71,1
DA:72,1
DA:73,1
DA:74,1
DA:75,2
DA:76,2
DA:79,1
DA:80,1
DA:81,1
DA:83,2
DA:84,0
DA:86,1
LF:56
LH:53
BRDA:86,0,0,1
BRDA:86,0,1,1
BRF:2
BRH:2
end_of_record
TN:
SF:/home/vit/Projects/medme-ehr-api/ts/tests/auth.test.ts
FN:23,(anonymous_21)
FN:25,(anonymous_22)
FN:46,(anonymous_26)
FN:99,(anonymous_34)
FN:106,checkPatient
FN:116,checkLinkedError
FN:142,(anonymous_40)
FN:193,(anonymous_53)
FN:210,(anonymous_57)
FN:215,(anonymous_58)
FN:227,(anonymous_62)
FN:230,(anonymous_63)
FN:231,(anonymous_64)
FN:241,(anonymous_65)
FN:249,(anonymous_69)
FN:250,(anonymous_70)
FN:252,(anonymous_71)
FN:253,(anonymous_72)
FN:265,fakeXhr
FN:276,(anonymous_77)
FN:278,(anonymous_78)
FN:279,(anonymous_79)
FNF:22
FNH:18
FNDA:0,(anonymous_21)
FNDA:1,(anonymous_22)
FNDA:1,(anonymous_26)
FNDA:0,(anonymous_34)
FNDA:3,checkPatient
FNDA:1,checkLinkedError
FNDA:1,(anonymous_40)
FNDA:1,(anonymous_53)
FNDA:1,(anonymous_57)
FNDA:1,(anonymous_58)
FNDA:1,(anonymous_62)
FNDA:0,(anonymous_63)
FNDA:1,(anonymous_64)
FNDA:1,(anonymous_65)
FNDA:1,(anonymous_69)
FNDA:0,(anonymous_70)
FNDA:1,(anonymous_71)
FNDA:1,(anonymous_72)
FNDA:1,fakeXhr
FNDA:1,(anonymous_77)
FNDA:1,(anonymous_78)
FNDA:1,(anonymous_79)
DA:3,1
DA:4,1
DA:5,1
DA:15,1
DA:17,1
DA:20,1
DA:21,1
DA:23,1
DA:25,1
DA:38,3
DA:39,2
DA:40,0
DA:42,2
DA:43,2
DA:46,1
DA:55,2
DA:62,2
DA:63,2
DA:64,0
DA:66,2
DA:67,2
DA:68,1
DA:70,1
DA:80,1
DA:87,1
DA:89,1
DA:90,0
DA:92,1
DA:93,1
DA:94,1
DA:96,1
DA:99,1
DA:100,0
DA:107,3
DA:108,3
DA:109,3
DA:110,3
DA:112,3
DA:113,3
DA:117,1
DA:118,0
DA:120,1
DA:121,1
DA:123,0
DA:129,0
DA:130,0
DA:132,0
DA:139,0
DA:142,1
DA:152,1
DA:153,1
DA:156,1
DA:157,2
DA:160,1
DA:161,1
DA:164,1
DA:165,2
DA:172,1
DA:173,1
DA:174,1
DA:175,1
DA:176,1
DA:177,1
DA:178,1
DA:181,1
DA:182,1
DA:184,2
DA:185,0
DA:186,0
DA:188,1
DA:193,1
DA:194,1
DA:195,1
DA:196,1
DA:199,2
DA:200,0
DA:202,1
DA:203,1
DA:205,0
DA:210,1
DA:212,1
DA:215,1
DA:216,1
DA:217,1
DA:219,1
DA:220,1
DA:227,1
DA:228,1
DA:230,0
DA:232,1
DA:233,0
DA:235,1
DA:241,1
DA:242,1
DA:243,1
DA:245,1
DA:247,1
DA:249,1
DA:250,1
DA:252,1
DA:253,1
DA:254,1
DA:255,0
DA:257,1
DA:258,1
DA:260,0
DA:267,1
DA:270,1
DA:271,1
DA:272,1
DA:274,1
DA:276,1
DA:278,1
DA:279,1
DA:280,1
DA:281,0
DA:283,1
DA:284,1
DA:286,0
LF:119
LH:99
BRDA:39,0,0,0
BRDA:39,0,1,2
BRDA:63,1,0,0
BRDA:63,1,1,2
BRDA:63,2,0,2
BRDA:63,2,1,2
BRDA:89,3,0,0
BRDA:89,3,1,1
BRDA:89,4,0,1
BRDA:89,4,1,1
BRDA:100,5,0,0
BRDA:100,5,1,0
BRDA:100,5,2,0
BRDA:117,6,0,0
BRDA:117,6,1,1
BRDA:120,7,0,1
BRDA:120,7,1,0
BRDA:129,8,0,0
BRDA:129,8,1,0
BRDA:202,9,0,1
BRDA:202,9,1,0
BRDA:202,10,0,1
BRDA:202,10,1,1
BRDA:232,11,0,0
BRDA:232,11,1,1
BRDA:254,12,0,0
BRDA:254,12,1,1
BRDA:257,13,0,1
BRDA:257,13,1,0
BRDA:257,14,0,1
BRDA:257,14,1,1
BRDA:280,15,0,0
BRDA:280,15,1,1
BRDA:283,16,0,1
BRDA:283,16,1,0
BRDA:283,17,0,1
BRDA:283,17,1,1
BRF:37
BRH:21
end_of_record
TN:
SF:/home/vit/Projects/medme-ehr-api/ts/tests/diagnosticReport.test.ts
FN:13,(anonymous_15)
FN:15,(anonymous_16)
FN:42,(anonymous_26)
FNF:3
FNH:3
FNDA:1,(anonymous_15)
FNDA:1,(anonymous_16)
FNDA:1,(anonymous_26)
DA:3,1
DA:4,1
DA:8,1
DA:9,1
DA:10,1
DA:11,1
DA:13,1
DA:15,1
DA:16,1
DA:18,1
DA:19,1
DA:20,1
DA:21,1
DA:24,1
DA:25,1
DA:26,1
DA:28,1
DA:36,3
DA:37,3
DA:38,3
DA:39,3
DA:42,1
DA:43,1
DA:44,1
DA:45,1
DA:46,1
DA:47,1
DA:50,1
DA:51,1
DA:52,1
DA:53,1
DA:54,1
DA:60,1
DA:61,1
DA:62,1
DA:64,2
DA:65,0
DA:67,1
LF:38
LH:37
BRDA:67,0,0,1
BRDA:67,0,1,1
BRF:2
BRH:2
end_of_record
TN:
SF:/home/vit/Projects/medme-ehr-api/ts/tests/env.ts
FNF:0
FNH:0
DA:1,1
DA:2,1
LF:2
LH:2
BRF:0
BRH:0
end_of_record
TN:
SF:/home/vit/Projects/medme-ehr-api/ts/tests/fixtures.ts
FN:34,(anonymous_2)
FN:42,(anonymous_3)
FN:50,(anonymous_4)
FN:58,(anonymous_5)
FN:66,(anonymous_6)
FNF:5
FNH:2
FNDA:3,(anonymous_2)
FNDA:0,(anonymous_3)
FNDA:1,(anonymous_4)
FNDA:0,(anonymous_5)
FNDA:0,(anonymous_6)
DA:5,1
DA:7,1
DA:9,1
DA:18,1
DA:31,1
DA:35,3
DA:39,1
DA:43,0
DA:47,1
DA:51,1
DA:55,1
DA:59,0
DA:63,1
DA:67,0
LF:14
LH:11
BRF:0
BRH:0
end_of_record
TN:
SF:/home/vit/Projects/medme-ehr-api/ts/tests/formatters.test.ts
FN:10,(anonymous_2)
FN:11,(anonymous_3)
FN:48,(anonymous_4)
FNF:3
FNH:3
FNDA:1,(anonymous_2)
FNDA:1,(anonymous_3)
FNDA:1,(anonymous_4)
DA:1,1
DA:3,1
DA:7,1
DA:8,1
DA:10,1
DA:11,1
DA:12,1
DA:43,1
DA:45,1
DA:48,1
DA:49,1
DA:51,1
DA:81,1
DA:83,1
LF:14
LH:14
BRF:0
BRH:0
end_of_record
TN:
SF:/home/vit/Projects/medme-ehr-api/ts/tests/login.ts
FN:6,(anonymous_15)
FN:7,(anonymous_16)
FN:10,(anonymous_17)
FN:18,(anonymous_21)
FN:20,(anonymous_22)
FNF:5
FNH:5
FNDA:16,(anonymous_15)
FNDA:14,(anonymous_16)
FNDA:2,(anonymous_17)
FNDA:21,(anonymous_21)
FNDA:21,(anonymous_22)
DA:1,1
DA:2,1
DA:3,1
DA:4,1
DA:6,16
DA:7,1
DA:8,14
DA:10,1
DA:11,2
DA:15,1
DA:16,21
DA:18,21
DA:20,21
DA:21,21
DA:22,0
DA:24,21
DA:25,21
DA:26,0
DA:28,21
LF:19
LH:17
BRDA:8,0,0,14
BRDA:8,0,1,0
BRDA:21,1,0,0
BRDA:21,1,1,21
BRDA:25,2,0,0
BRDA:25,2,1,21
BRF:6
BRH:3
end_of_record
TN:
SF:/home/vit/Projects/medme-ehr-api/ts/tests/prescription.test.ts
FN:13,(anonymous_15)
FN:15,(anonymous_16)
FN:39,(anonymous_26)
FNF:3
FNH:3
FNDA:1,(anonymous_15)
FNDA:1,(anonymous_16)
FNDA:1,(anonymous_26)
DA:3,1
DA:4,1
DA:8,1
DA:9,1
DA:10,1
DA:11,1
DA:13,1
DA:15,1
DA:16,1
DA:18,1
DA:19,1
DA:20,1
DA:21,1
DA:23,1
DA:24,1
DA:25,1
DA:26,1
DA:27,1
DA:33,3
DA:34,3
DA:35,3
DA:36,3
DA:39,1
DA:40,1
DA:41,1
DA:42,1
DA:43,1
DA:44,1
DA:47,1
DA:48,1
DA:49,1
DA:50,1
DA:51,1
DA:52,1
DA:56,1
DA:57,1
DA:58,1
DA:60,2
DA:61,0
DA:63,1
LF:40
LH:39
BRDA:63,0,0,1
BRDA:63,0,1,1
BRF:2
BRH:2
end_of_record
